<?xml version="1.0" encoding="UTF-8"?>
<coverage generated="1734025312">
  <project timestamp="1734025312">
    <package name="SchenkeIo\LaravelSheetBase\Console\Commands">
      <file name="/home/srv/packages/schenke-io/laravel-sheet-base/src/Console/Commands/SheetBaseCheckCommand.php">
        <class name="SchenkeIo\LaravelSheetBase\Console\Commands\SheetBaseCheckCommand" namespace="SchenkeIo\LaravelSheetBase\Console\Commands">
          <metrics complexity="6" methods="1" coveredmethods="1" conditionals="0" coveredconditionals="0" statements="24" coveredstatements="24" elements="25" coveredelements="25"/>
        </class>
        <line num="28" type="method" name="handle" visibility="public" complexity="6" crap="6" count="5"/>
        <line num="33" type="stmt" count="5"/>
        <line num="34" type="stmt" count="1"/>
        <line num="36" type="stmt" count="1"/>
        <line num="38" type="stmt" count="4"/>
        <line num="42" type="stmt" count="4"/>
        <line num="43" type="stmt" count="4"/>
        <line num="44" type="stmt" count="1"/>
        <line num="46" type="stmt" count="1"/>
        <line num="48" type="stmt" count="3"/>
        <line num="49" type="stmt" count="3"/>
        <line num="50" type="stmt" count="3"/>
        <line num="51" type="stmt" count="2"/>
        <line num="53" type="stmt" count="2"/>
        <line num="55" type="stmt" count="1"/>
        <line num="56" type="stmt" count="1"/>
        <line num="57" type="stmt" count="1"/>
        <line num="58" type="stmt" count="1"/>
        <line num="60" type="stmt" count="1"/>
        <line num="61" type="stmt" count="1"/>
        <line num="62" type="stmt" count="1"/>
        <line num="63" type="stmt" count="1"/>
        <line num="65" type="stmt" count="1"/>
        <line num="66" type="stmt" count="1"/>
        <line num="69" type="stmt" count="1"/>
        <metrics loc="72" ncloc="59" classes="1" methods="1" coveredmethods="1" conditionals="0" coveredconditionals="0" statements="24" coveredstatements="24" elements="25" coveredelements="25"/>
      </file>
      <file name="/home/srv/packages/schenke-io/laravel-sheet-base/src/Console/Commands/SheetBasePumpCommand.php">
        <class name="SchenkeIo\LaravelSheetBase\Console\Commands\SheetBasePumpCommand" namespace="SchenkeIo\LaravelSheetBase\Console\Commands">
          <metrics complexity="3" methods="1" coveredmethods="1" conditionals="0" coveredconditionals="0" statements="9" coveredstatements="9" elements="10" coveredelements="10"/>
        </class>
        <line num="15" type="method" name="handle" visibility="public" complexity="3" crap="3" count="5"/>
        <line num="19" type="stmt" count="5"/>
        <line num="20" type="stmt" count="3"/>
        <line num="21" type="stmt" count="3"/>
        <line num="22" type="stmt" count="3"/>
        <line num="23" type="stmt" count="1"/>
        <line num="25" type="stmt" count="2"/>
        <line num="26" type="stmt" count="2"/>
        <line num="28" type="stmt" count="2"/>
        <line num="31" type="stmt" count="3"/>
        <metrics loc="34" ncloc="34" classes="1" methods="1" coveredmethods="1" conditionals="0" coveredconditionals="0" statements="9" coveredstatements="9" elements="10" coveredelements="10"/>
      </file>
    </package>
    <file name="/home/srv/packages/schenke-io/laravel-sheet-base/src/Contracts/IsEndpoint.php">
      <metrics loc="17" ncloc="11" classes="0" methods="0" coveredmethods="0" conditionals="0" coveredconditionals="0" statements="0" coveredstatements="0" elements="0" coveredelements="0"/>
    </file>
    <file name="/home/srv/packages/schenke-io/laravel-sheet-base/src/Contracts/IsFile.php">
      <metrics loc="6" ncloc="6" classes="0" methods="0" coveredmethods="0" conditionals="0" coveredconditionals="0" statements="0" coveredstatements="0" elements="0" coveredelements="0"/>
    </file>
    <file name="/home/srv/packages/schenke-io/laravel-sheet-base/src/Contracts/IsReader.php">
      <metrics loc="17" ncloc="12" classes="0" methods="0" coveredmethods="0" conditionals="0" coveredconditionals="0" statements="0" coveredstatements="0" elements="0" coveredelements="0"/>
    </file>
    <file name="/home/srv/packages/schenke-io/laravel-sheet-base/src/Contracts/IsWriter.php">
      <metrics loc="11" ncloc="11" classes="0" methods="0" coveredmethods="0" conditionals="0" coveredconditionals="0" statements="0" coveredstatements="0" elements="0" coveredelements="0"/>
    </file>
    <package name="SchenkeIo\LaravelSheetBase\Elements">
      <file name="/home/srv/packages/schenke-io/laravel-sheet-base/src/Elements/ColumnSchema.php">
        <class name="SchenkeIo\LaravelSheetBase\Elements\ColumnSchema" namespace="SchenkeIo\LaravelSheetBase\Elements">
          <metrics complexity="3" methods="2" coveredmethods="2" conditionals="0" coveredconditionals="0" statements="5" coveredstatements="5" elements="7" coveredelements="7"/>
        </class>
        <line num="9" type="method" name="__construct" visibility="public" complexity="1" crap="1" count="89"/>
        <line num="11" type="method" name="format" visibility="public" complexity="2" crap="2" count="31"/>
        <line num="13" type="stmt" count="31"/>
        <line num="14" type="stmt" count="28"/>
        <line num="16" type="stmt" count="3"/>
        <line num="19" type="stmt" count="31"/>
        <metrics loc="22" ncloc="22" classes="1" methods="2" coveredmethods="2" conditionals="0" coveredconditionals="0" statements="5" coveredstatements="5" elements="7" coveredelements="7"/>
      </file>
      <file name="/home/srv/packages/schenke-io/laravel-sheet-base/src/Elements/ColumnType.php">
        <class name="SchenkeIo\LaravelSheetBase\Elements\ColumnType" namespace="SchenkeIo\LaravelSheetBase\Elements">
          <metrics complexity="38" methods="10" coveredmethods="10" conditionals="0" coveredconditionals="0" statements="49" coveredstatements="49" elements="59" coveredelements="59"/>
        </class>
        <line num="26" type="method" name="isId" visibility="public" complexity="3" crap="3" count="82"/>
        <line num="28" type="stmt" count="82"/>
        <line num="29" type="stmt" count="82"/>
        <line num="30" type="stmt" count="82"/>
        <line num="31" type="stmt" count="82"/>
        <line num="34" type="method" name="getPipelineType" visibility="public" complexity="2" crap="2" count="79"/>
        <line num="36" type="stmt" count="79"/>
        <line num="39" type="method" name="format" visibility="public" complexity="9" crap="9" count="86"/>
        <line num="41" type="stmt" count="86"/>
        <line num="42" type="stmt" count="86"/>
        <line num="43" type="stmt" count="72"/>
        <line num="44" type="stmt" count="70"/>
        <line num="45" type="stmt" count="61"/>
        <line num="46" type="stmt" count="46"/>
        <line num="47" type="stmt" count="27"/>
        <line num="48" type="stmt" count="14"/>
        <line num="49" type="stmt" count="86"/>
        <line num="50" type="stmt" count="86"/>
        <line num="53" type="method" name="formatBoolean" visibility="private" complexity="4" crap="4" count="15"/>
        <line num="55" type="stmt" count="15"/>
        <line num="56" type="stmt" count="1"/>
        <line num="57" type="stmt" count="14"/>
        <line num="58" type="stmt" count="3"/>
        <line num="59" type="stmt" count="11"/>
        <line num="60" type="stmt" count="6"/>
        <line num="62" type="stmt" count="5"/>
        <line num="66" type="method" name="formatFloat" visibility="private" complexity="8" crap="8" count="9"/>
        <line num="68" type="stmt" count="9"/>
        <line num="69" type="stmt" count="3"/>
        <line num="70" type="stmt" count="6"/>
        <line num="71" type="stmt" count="4"/>
        <line num="72" type="stmt" count="4"/>
        <line num="73" type="stmt" count="4"/>
        <line num="74" type="stmt" count="2"/>
        <line num="76" type="stmt" count="1"/>
        <line num="79" type="stmt" count="1"/>
        <line num="81" type="stmt" count="2"/>
        <line num="82" type="stmt" count="2"/>
        <line num="86" type="stmt" count="2"/>
        <line num="89" type="method" name="formatUnsigned" visibility="private" complexity="5" crap="5" count="20"/>
        <line num="91" type="stmt" count="20"/>
        <line num="92" type="stmt" count="9"/>
        <line num="93" type="stmt" count="11"/>
        <line num="94" type="stmt" count="3"/>
        <line num="95" type="stmt" count="2"/>
        <line num="97" type="stmt" count="1"/>
        <line num="101" type="stmt" count="8"/>
        <line num="104" type="method" name="formatUnsignedNotNull" visibility="private" complexity="2" crap="2" count="6"/>
        <line num="106" type="stmt" count="6"/>
        <line num="108" type="stmt" count="6"/>
        <line num="111" type="method" name="formatString" visibility="private" complexity="1" crap="1" count="19"/>
        <line num="113" type="stmt" count="19"/>
        <line num="116" type="method" name="formatNullString" visibility="private" complexity="2" crap="2" count="13"/>
        <line num="118" type="stmt" count="13"/>
        <line num="120" type="stmt" count="13"/>
        <line num="123" type="method" name="formatDateTime" visibility="private" complexity="2" crap="2" count="5"/>
        <line num="126" type="stmt" count="5"/>
        <line num="127" type="stmt" count="1"/>
        <line num="128" type="stmt" count="1"/>
        <metrics loc="132" ncloc="130" classes="1" methods="10" coveredmethods="10" conditionals="0" coveredconditionals="0" statements="49" coveredstatements="49" elements="59" coveredelements="59"/>
      </file>
      <file name="/home/srv/packages/schenke-io/laravel-sheet-base/src/Elements/Pipeline.php">
        <class name="SchenkeIo\LaravelSheetBase\Elements\Pipeline" namespace="SchenkeIo\LaravelSheetBase\Elements">
          <metrics complexity="30" methods="7" coveredmethods="7" conditionals="0" coveredconditionals="0" statements="74" coveredstatements="74" elements="81" coveredelements="81"/>
        </class>
        <line num="29" type="method" name="__construct" visibility="public" complexity="7" crap="7" count="16"/>
        <line num="38" type="stmt" count="16"/>
        <line num="39" type="stmt" count="16"/>
        <line num="40" type="stmt" count="16"/>
        <line num="41" type="stmt" count="5"/>
        <line num="42" type="stmt" count="4"/>
        <line num="43" type="stmt" count="1"/>
        <line num="45" type="stmt" count="3"/>
        <line num="46" type="stmt" count="1"/>
        <line num="48" type="stmt" count="2"/>
        <line num="49" type="stmt" count="1"/>
        <line num="52" type="stmt" count="11"/>
        <line num="53" type="stmt" count="1"/>
        <line num="63" type="method" name="fromConfig" visibility="public" complexity="3" crap="3" count="33"/>
        <line num="65" type="stmt" count="33"/>
        <line num="66" type="stmt" count="33"/>
        <line num="67" type="stmt" count="33"/>
        <line num="68" type="stmt" count="33"/>
        <line num="69" type="stmt" count="1"/>
        <line num="71" type="stmt" count="32"/>
        <line num="72" type="stmt" count="2"/>
        <line num="75" type="stmt" count="30"/>
        <line num="76" type="stmt" count="30"/>
        <line num="77" type="stmt" count="30"/>
        <line num="78" type="stmt" count="30"/>
        <line num="79" type="stmt" count="30"/>
        <line num="80" type="stmt" count="30"/>
        <line num="81" type="stmt" count="30"/>
        <line num="82" type="stmt" count="30"/>
        <line num="96" type="method" name="pump" visibility="public" complexity="3" crap="3" count="3"/>
        <line num="98" type="stmt" count="3"/>
        <line num="99" type="stmt" count="3"/>
        <line num="103" type="stmt" count="3"/>
        <line num="104" type="stmt" count="3"/>
        <line num="105" type="stmt" count="3"/>
        <line num="106" type="stmt" count="3"/>
        <line num="107" type="stmt" count="3"/>
        <line num="112" type="stmt" count="3"/>
        <line num="116" type="stmt" count="3"/>
        <line num="120" type="stmt" count="3"/>
        <line num="121" type="stmt" count="1"/>
        <line num="124" type="stmt" count="3"/>
        <line num="125" type="stmt" count="3"/>
        <line num="126" type="stmt" count="3"/>
        <line num="133" type="method" name="getFilter" visibility="protected" complexity="4" crap="4" count="17"/>
        <line num="135" type="stmt" count="17"/>
        <line num="137" type="stmt" count="10"/>
        <line num="139" type="stmt" count="7"/>
        <line num="140" type="stmt" count="6"/>
        <line num="141" type="stmt" count="1"/>
        <line num="144" type="stmt" count="5"/>
        <line num="146" type="stmt" count="1"/>
        <line num="157" type="method" name="getSources" visibility="protected" complexity="6" crap="6" count="30"/>
        <line num="159" type="stmt" count="30"/>
        <line num="160" type="stmt" count="1"/>
        <line num="163" type="stmt" count="29"/>
        <line num="164" type="stmt" count="29"/>
        <line num="165" type="stmt" count="29"/>
        <line num="166" type="stmt" count="1"/>
        <line num="167" type="stmt" count="28"/>
        <line num="168" type="stmt" count="24"/>
        <line num="169" type="stmt" count="2"/>
        <line num="172" type="stmt" count="22"/>
        <line num="175" type="stmt" count="5"/>
        <line num="179" type="stmt" count="24"/>
        <line num="186" type="method" name="getSchema" visibility="protected" complexity="3" crap="3" count="24"/>
        <line num="188" type="stmt" count="24"/>
        <line num="189" type="stmt" count="1"/>
        <line num="191" type="stmt" count="23"/>
        <line num="192" type="stmt" count="2"/>
        <line num="195" type="stmt" count="21"/>
        <line num="196" type="stmt" count="21"/>
        <line num="198" type="stmt" count="21"/>
        <line num="205" type="method" name="getTarget" visibility="protected" complexity="4" crap="4" count="21"/>
        <line num="207" type="stmt" count="21"/>
        <line num="208" type="stmt" count="1"/>
        <line num="210" type="stmt" count="20"/>
        <line num="211" type="stmt" count="17"/>
        <line num="212" type="stmt" count="2"/>
        <line num="215" type="stmt" count="15"/>
        <line num="218" type="stmt" count="3"/>
        <metrics loc="222" ncloc="166" classes="1" methods="7" coveredmethods="7" conditionals="0" coveredconditionals="0" statements="74" coveredstatements="74" elements="81" coveredelements="81"/>
      </file>
      <file name="/home/srv/packages/schenke-io/laravel-sheet-base/src/Elements/PipelineArchitect.php">
        <class name="SchenkeIo\LaravelSheetBase\Elements\PipelineArchitect" namespace="SchenkeIo\LaravelSheetBase\Elements">
          <metrics complexity="12" methods="5" coveredmethods="5" conditionals="0" coveredconditionals="0" statements="18" coveredstatements="18" elements="23" coveredelements="23"/>
        </class>
        <line num="29" type="method" name="scan" visibility="public" complexity="1" crap="1" count="3"/>
        <line num="31" type="stmt" count="3"/>
        <line num="32" type="stmt" count="2"/>
        <line num="33" type="stmt" count="1"/>
        <line num="39" type="method" name="columnMethodsDefined" visibility="private" complexity="5" crap="5" count="3"/>
        <line num="41" type="stmt" count="3"/>
        <line num="42" type="stmt" count="3"/>
        <line num="43" type="stmt" count="3"/>
        <line num="44" type="stmt" count="3"/>
        <line num="45" type="stmt" count="3"/>
        <line num="49" type="stmt" count="3"/>
        <line num="50" type="stmt" count="3"/>
        <line num="51" type="stmt" count="1"/>
        <line num="59" type="method" name="readersFound" visibility="private" complexity="2" crap="2" count="2"/>
        <line num="61" type="stmt" count="2"/>
        <line num="62" type="stmt" count="2"/>
        <line num="69" type="method" name="writersFound" visibility="private" complexity="2" crap="2" count="1"/>
        <line num="71" type="stmt" count="1"/>
        <line num="72" type="stmt" count="1"/>
        <line num="79" type="method" name="findFile" visibility="private" complexity="2" crap="2" count="2"/>
        <line num="81" type="stmt" count="2"/>
        <line num="82" type="stmt" count="2"/>
        <line num="83" type="stmt" count="1"/>
        <metrics loc="87" ncloc="72" classes="1" methods="5" coveredmethods="5" conditionals="0" coveredconditionals="0" statements="18" coveredstatements="18" elements="23" coveredelements="23"/>
      </file>
      <file name="/home/srv/packages/schenke-io/laravel-sheet-base/src/Elements/PipelineData.php">
        <class name="SchenkeIo\LaravelSheetBase\Elements\PipelineData" namespace="SchenkeIo\LaravelSheetBase\Elements">
          <metrics complexity="15" methods="6" coveredmethods="6" conditionals="0" coveredconditionals="0" statements="44" coveredstatements="44" elements="50" coveredelements="50"/>
        </class>
        <line num="20" type="method" name="__construct" visibility="public" complexity="1" crap="1" count="39"/>
        <line num="22" type="stmt" count="39"/>
        <line num="23" type="stmt" count="39"/>
        <line num="26" type="method" name="fromArray" visibility="public" complexity="1" crap="1" count="1"/>
        <line num="28" type="stmt" count="1"/>
        <line num="29" type="stmt" count="1"/>
        <line num="31" type="stmt" count="1"/>
        <line num="34" type="method" name="fromType" visibility="public" complexity="1" crap="1" count="5"/>
        <line num="36" type="stmt" count="5"/>
        <line num="42" type="method" name="toArray" visibility="public" complexity="1" crap="1" count="33"/>
        <line num="44" type="stmt" count="33"/>
        <line num="52" type="method" name="filterKeysOff" visibility="public" complexity="3" crap="3" count="4"/>
        <line num="57" type="stmt" count="4"/>
        <line num="58" type="stmt" count="2"/>
        <line num="61" type="stmt" count="2"/>
        <line num="62" type="stmt" count="2"/>
        <line num="64" type="stmt" count="2"/>
        <line num="65" type="stmt" count="2"/>
        <line num="66" type="stmt" count="2"/>
        <line num="67" type="stmt" count="2"/>
        <line num="71" type="stmt" count="2"/>
        <line num="72" type="stmt" count="1"/>
        <line num="74" type="stmt" count="2"/>
        <line num="75" type="stmt" count="2"/>
        <line num="76" type="stmt" count="2"/>
        <line num="77" type="stmt" count="2"/>
        <line num="78" type="stmt" count="2"/>
        <line num="79" type="stmt" count="2"/>
        <line num="80" type="stmt" count="2"/>
        <line num="81" type="stmt" count="2"/>
        <line num="82" type="stmt" count="2"/>
        <line num="83" type="stmt" count="2"/>
        <line num="84" type="stmt" count="2"/>
        <line num="86" type="stmt" count="2"/>
        <line num="89" type="method" name="addRow" visibility="public" complexity="8" crap="8" count="30"/>
        <line num="91" type="stmt" count="30"/>
        <line num="92" type="stmt" count="30"/>
        <line num="94" type="stmt" count="30"/>
        <line num="95" type="stmt" count="30"/>
        <line num="97" type="stmt" count="30"/>
        <line num="99" type="stmt" count="1"/>
        <line num="101" type="stmt" count="30"/>
        <line num="103" type="stmt" count="5"/>
        <line num="105" type="stmt" count="5"/>
        <line num="110" type="stmt" count="26"/>
        <line num="112" type="stmt" count="26"/>
        <line num="113" type="stmt" count="26"/>
        <line num="116" type="stmt" count="24"/>
        <line num="117" type="stmt" count="24"/>
        <line num="120" type="stmt" count="24"/>
        <metrics loc="125" ncloc="102" classes="1" methods="6" coveredmethods="6" conditionals="0" coveredconditionals="0" statements="44" coveredstatements="44" elements="50" coveredelements="50"/>
      </file>
      <file name="/home/srv/packages/schenke-io/laravel-sheet-base/src/Elements/PipelineType.php">
        <class name="SchenkeIo\LaravelSheetBase\Elements\PipelineType" namespace="SchenkeIo\LaravelSheetBase\Elements">
          <metrics complexity="3" methods="1" coveredmethods="1" conditionals="0" coveredconditionals="0" statements="10" coveredstatements="10" elements="11" coveredelements="11"/>
        </class>
        <line num="10" type="method" name="getSchema" visibility="public" complexity="3" crap="3" count="5"/>
        <line num="12" type="stmt" count="5"/>
        <line num="13" type="stmt" count="5"/>
        <line num="14" type="stmt" count="5"/>
        <line num="17" type="stmt" count="4"/>
        <line num="19" type="stmt" count="5"/>
        <line num="20" type="stmt" count="5"/>
        <line num="21" type="stmt" count="5"/>
        <line num="24" type="stmt" count="1"/>
        <line num="26" type="stmt" count="5"/>
        <line num="27" type="stmt" count="5"/>
        <metrics loc="30" ncloc="30" classes="1" methods="1" coveredmethods="1" conditionals="0" coveredconditionals="0" statements="10" coveredstatements="10" elements="11" coveredelements="11"/>
      </file>
      <file name="/home/srv/packages/schenke-io/laravel-sheet-base/src/Elements/SheetBaseConfig.php">
        <class name="SchenkeIo\LaravelSheetBase\Elements\SheetBaseConfig" namespace="SchenkeIo\LaravelSheetBase\Elements">
          <metrics complexity="8" methods="3" coveredmethods="3" conditionals="0" coveredconditionals="0" statements="21" coveredstatements="21" elements="24" coveredelements="24"/>
        </class>
        <line num="22" type="method" name="make" visibility="public" complexity="5" crap="5" count="13"/>
        <line num="24" type="stmt" count="13"/>
        <line num="25" type="stmt" count="13"/>
        <line num="26" type="stmt" count="13"/>
        <line num="27" type="stmt" count="13"/>
        <line num="28" type="stmt" count="13"/>
        <line num="32" type="stmt" count="11"/>
        <line num="36" type="stmt" count="5"/>
        <line num="37" type="stmt" count="5"/>
        <line num="38" type="stmt" count="1"/>
        <line num="40" type="stmt" count="5"/>
        <line num="44" type="stmt" count="5"/>
        <line num="45" type="stmt" count="1"/>
        <line num="46" type="stmt" count="1"/>
        <line num="48" type="stmt" count="1"/>
        <line num="52" type="stmt" count="5"/>
        <line num="55" type="stmt" count="5"/>
        <line num="61" type="method" name="checkAndReportError" visibility="public" complexity="2" crap="2" count="3"/>
        <line num="64" type="stmt" count="3"/>
        <line num="65" type="stmt" count="2"/>
        <line num="66" type="stmt" count="2"/>
        <line num="69" type="stmt" count="1"/>
        <line num="72" type="method" name="getConfig" visibility="protected" complexity="1" crap="1" count="13"/>
        <line num="74" type="stmt" count="13"/>
        <metrics loc="77" ncloc="58" classes="1" methods="3" coveredmethods="3" conditionals="0" coveredconditionals="0" statements="21" coveredstatements="21" elements="24" coveredelements="24"/>
      </file>
      <file name="/home/srv/packages/schenke-io/laravel-sheet-base/src/Elements/SheetBaseSchema.php">
        <class name="SchenkeIo\LaravelSheetBase\Elements\SheetBaseSchema" namespace="SchenkeIo\LaravelSheetBase\Elements">
          <metrics complexity="23" methods="6" coveredmethods="6" conditionals="0" coveredconditionals="0" statements="44" coveredstatements="44" elements="50" coveredelements="50"/>
        </class>
        <line num="27" type="method" name="__construct" visibility="public" complexity="1" crap="1" count="83"/>
        <line num="29" type="stmt" count="83"/>
        <line num="42" type="method" name="newColumn" visibility="private" complexity="8" crap="8" count="82"/>
        <line num="44" type="stmt" count="82"/>
        <line num="45" type="stmt" count="82"/>
        <line num="47" type="stmt" count="82"/>
        <line num="48" type="stmt" count="1"/>
        <line num="50" type="stmt" count="82"/>
        <line num="51" type="stmt" count="79"/>
        <line num="53" type="stmt" count="79"/>
        <line num="54" type="stmt" count="79"/>
        <line num="57" type="stmt" count="2"/>
        <line num="59" type="stmt" count="79"/>
        <line num="60" type="stmt" count="1"/>
        <line num="63" type="stmt" count="82"/>
        <line num="64" type="stmt" count="2"/>
        <line num="66" type="stmt" count="82"/>
        <line num="67" type="stmt" count="22"/>
        <line num="68" type="stmt" count="1"/>
        <line num="71" type="stmt" count="82"/>
        <line num="77" type="method" name="getColumns" visibility="public" complexity="1" crap="1" count="27"/>
        <line num="79" type="stmt" count="27"/>
        <line num="83" type="method" name="getIdName" visibility="public" complexity="1" crap="1" count="40"/>
        <line num="85" type="stmt" count="40"/>
        <line num="88" type="method" name="getPipelineType" visibility="public" complexity="1" crap="1" count="40"/>
        <line num="90" type="stmt" count="40"/>
        <line num="96" type="method" name="verify" visibility="public" complexity="11" crap="11" count="29"/>
        <line num="101" type="stmt" count="29"/>
        <line num="102" type="stmt" count="29"/>
        <line num="103" type="stmt" count="29"/>
        <line num="104" type="stmt" count="29"/>
        <line num="105" type="stmt" count="29"/>
        <line num="106" type="stmt" count="28"/>
        <line num="107" type="stmt" count="26"/>
        <line num="109" type="stmt" count="28"/>
        <line num="110" type="stmt" count="9"/>
        <line num="111" type="stmt" count="28"/>
        <line num="112" type="stmt" count="8"/>
        <line num="114" type="stmt" count="28"/>
        <line num="116" type="stmt" count="29"/>
        <line num="117" type="stmt" count="9"/>
        <line num="118" type="stmt" count="2"/>
        <line num="119" type="stmt" count="2"/>
        <line num="120" type="stmt" count="2"/>
        <line num="121" type="stmt" count="2"/>
        <line num="124" type="stmt" count="27"/>
        <line num="125" type="stmt" count="1"/>
        <line num="126" type="stmt" count="26"/>
        <line num="128" type="stmt" count="24"/>
        <line num="129" type="stmt" count="1"/>
        <metrics loc="134" ncloc="110" classes="1" methods="6" coveredmethods="6" conditionals="0" coveredconditionals="0" statements="44" coveredstatements="44" elements="50" coveredelements="50"/>
      </file>
      <file name="/home/srv/packages/schenke-io/laravel-sheet-base/src/Elements/SheetBaseTable.php">
        <class name="SchenkeIo\LaravelSheetBase\Elements\SheetBaseTable" namespace="SchenkeIo\LaravelSheetBase\Elements">
          <metrics complexity="0" methods="0" coveredmethods="0" conditionals="0" coveredconditionals="0" statements="0" coveredstatements="0" elements="0" coveredelements="0"/>
        </class>
        <metrics loc="6" ncloc="6" classes="0" methods="0" coveredmethods="0" conditionals="0" coveredconditionals="0" statements="0" coveredstatements="0" elements="0" coveredelements="0"/>
      </file>
    </package>
    <package name="SchenkeIo\LaravelSheetBase\Elements\Columns">
      <file name="/home/srv/packages/schenke-io/laravel-sheet-base/src/Elements/Columns/ControlColumns.php">
        <class name="SchenkeIo\LaravelSheetBase\Elements\Columns\ControlColumns" namespace="SchenkeIo\LaravelSheetBase\Elements\Columns">
          <metrics complexity="3" methods="3" coveredmethods="3" conditionals="0" coveredconditionals="0" statements="3" coveredstatements="3" elements="6" coveredelements="6"/>
        </class>
        <line num="15" type="method" name="addId" visibility="public" complexity="1" crap="1" count="67"/>
        <line num="17" type="stmt" count="67"/>
        <line num="23" type="method" name="addDot" visibility="public" complexity="1" crap="1" count="21"/>
        <line num="25" type="stmt" count="21"/>
        <line num="31" type="method" name="addClosure" visibility="public" complexity="1" crap="1" count="2"/>
        <line num="33" type="stmt" count="2"/>
        <metrics loc="36" ncloc="27" classes="1" methods="3" coveredmethods="3" conditionals="0" coveredconditionals="0" statements="3" coveredstatements="3" elements="6" coveredelements="6"/>
      </file>
      <file name="/home/srv/packages/schenke-io/laravel-sheet-base/src/Elements/Columns/NumericColumns.php">
        <class name="SchenkeIo\LaravelSheetBase\Elements\Columns\NumericColumns" namespace="SchenkeIo\LaravelSheetBase\Elements\Columns">
          <metrics complexity="4" methods="4" coveredmethods="4" conditionals="0" coveredconditionals="0" statements="4" coveredstatements="4" elements="8" coveredelements="8"/>
        </class>
        <line num="14" type="method" name="addUnsigned" visibility="public" complexity="1" crap="1" count="5"/>
        <line num="16" type="stmt" count="5"/>
        <line num="22" type="method" name="addUnsignedNotNull" visibility="public" complexity="1" crap="1" count="9"/>
        <line num="24" type="stmt" count="9"/>
        <line num="30" type="method" name="addFloat" visibility="public" complexity="1" crap="1" count="1"/>
        <line num="32" type="stmt" count="1"/>
        <line num="38" type="method" name="addBool" visibility="public" complexity="1" crap="1" count="1"/>
        <line num="40" type="stmt" count="1"/>
        <metrics loc="43" ncloc="31" classes="1" methods="4" coveredmethods="4" conditionals="0" coveredconditionals="0" statements="4" coveredstatements="4" elements="8" coveredelements="8"/>
      </file>
      <file name="/home/srv/packages/schenke-io/laravel-sheet-base/src/Elements/Columns/TextColumns.php">
        <class name="SchenkeIo\LaravelSheetBase\Elements\Columns\TextColumns" namespace="SchenkeIo\LaravelSheetBase\Elements\Columns">
          <metrics complexity="4" methods="4" coveredmethods="4" conditionals="0" coveredconditionals="0" statements="4" coveredstatements="4" elements="8" coveredelements="8"/>
        </class>
        <line num="14" type="method" name="addString" visibility="public" complexity="1" crap="1" count="47"/>
        <line num="16" type="stmt" count="47"/>
        <line num="22" type="method" name="addLanguage" visibility="public" complexity="1" crap="1" count="22"/>
        <line num="24" type="stmt" count="22"/>
        <line num="30" type="method" name="addNullString" visibility="public" complexity="1" crap="1" count="1"/>
        <line num="32" type="stmt" count="1"/>
        <line num="38" type="method" name="addDateTime" visibility="public" complexity="1" crap="1" count="1"/>
        <line num="40" type="stmt" count="1"/>
        <metrics loc="43" ncloc="31" classes="1" methods="4" coveredmethods="4" conditionals="0" coveredconditionals="0" statements="4" coveredstatements="4" elements="8" coveredelements="8"/>
      </file>
    </package>
    <package name="SchenkeIo\LaravelSheetBase\EndpointBases">
      <file name="/home/srv/packages/schenke-io/laravel-sheet-base/src/EndpointBases/DataReader.php">
        <class name="SchenkeIo\LaravelSheetBase\EndpointBases\DataReader" namespace="SchenkeIo\LaravelSheetBase\EndpointBases">
          <metrics complexity="3" methods="2" coveredmethods="2" conditionals="0" coveredconditionals="0" statements="3" coveredstatements="3" elements="5" coveredelements="5"/>
        </class>
        <line num="18" type="method" name="fillPipeline" visibility="public" complexity="2" crap="2" count="5"/>
        <line num="20" type="stmt" count="5"/>
        <line num="21" type="stmt" count="5"/>
        <line num="25" type="method" name="toString" visibility="public" complexity="1" crap="1" count="2"/>
        <line num="27" type="stmt" count="2"/>
        <metrics loc="30" ncloc="24" classes="1" methods="2" coveredmethods="2" conditionals="0" coveredconditionals="0" statements="3" coveredstatements="3" elements="5" coveredelements="5"/>
      </file>
      <file name="/home/srv/packages/schenke-io/laravel-sheet-base/src/EndpointBases/GoogleSheetBase.php">
        <class name="SchenkeIo\LaravelSheetBase\EndpointBases\GoogleSheetBase" namespace="SchenkeIo\LaravelSheetBase\EndpointBases">
          <metrics complexity="8" methods="4" coveredmethods="4" conditionals="0" coveredconditionals="0" statements="15" coveredstatements="15" elements="19" coveredelements="19"/>
        </class>
        <line num="23" type="method" name="__construct" visibility="public" complexity="4" crap="4" count="14"/>
        <line num="25" type="stmt" count="14"/>
        <line num="26" type="stmt" count="14"/>
        <line num="27" type="stmt" count="1"/>
        <line num="29" type="stmt" count="13"/>
        <line num="30" type="stmt" count="1"/>
        <line num="35" type="stmt" count="12"/>
        <line num="36" type="stmt" count="12"/>
        <line num="37" type="stmt" count="1"/>
        <line num="39" type="stmt" count="12"/>
        <line num="45" type="method" name="get" visibility="public" complexity="2" crap="2" count="3"/>
        <line num="47" type="stmt" count="3"/>
        <line num="48" type="stmt" count="1"/>
        <line num="50" type="stmt" count="2"/>
        <line num="53" type="stmt" count="3"/>
        <line num="56" type="method" name="toString" visibility="public" complexity="1" crap="1" count="1"/>
        <line num="58" type="stmt" count="1"/>
        <line num="61" type="method" name="getSheetId" visibility="public" complexity="1" crap="1" count="2"/>
        <line num="63" type="stmt" count="2"/>
        <metrics loc="66" ncloc="56" classes="1" methods="4" coveredmethods="4" conditionals="0" coveredconditionals="0" statements="15" coveredstatements="15" elements="19" coveredelements="19"/>
      </file>
      <file name="/home/srv/packages/schenke-io/laravel-sheet-base/src/EndpointBases/StorageBase.php">
        <class name="SchenkeIo\LaravelSheetBase\EndpointBases\StorageBase" namespace="SchenkeIo\LaravelSheetBase\EndpointBases">
          <metrics complexity="3" methods="2" coveredmethods="2" conditionals="0" coveredconditionals="0" statements="5" coveredstatements="5" elements="7" coveredelements="7"/>
        </class>
        <line num="17" type="method" name="__construct" visibility="public" complexity="2" crap="2" count="79"/>
        <line num="19" type="stmt" count="79"/>
        <line num="20" type="stmt" count="1"/>
        <line num="21" type="stmt" count="1"/>
        <line num="22" type="stmt" count="1"/>
        <line num="26" type="method" name="toString" visibility="public" complexity="1" crap="1" count="1"/>
        <line num="28" type="stmt" count="1"/>
        <metrics loc="31" ncloc="28" classes="1" methods="2" coveredmethods="2" conditionals="0" coveredconditionals="0" statements="5" coveredstatements="5" elements="7" coveredelements="7"/>
      </file>
      <file name="/home/srv/packages/schenke-io/laravel-sheet-base/src/EndpointBases/StorageFile.php">
        <class name="SchenkeIo\LaravelSheetBase\EndpointBases\StorageFile" namespace="SchenkeIo\LaravelSheetBase\EndpointBases">
          <metrics complexity="8" methods="4" coveredmethods="4" conditionals="0" coveredconditionals="0" statements="14" coveredstatements="14" elements="18" coveredelements="18"/>
        </class>
        <line num="28" type="method" name="__construct" visibility="public" complexity="5" crap="5" count="67"/>
        <line num="30" type="stmt" count="67"/>
        <line num="31" type="stmt" count="67"/>
        <line num="32" type="stmt" count="28"/>
        <line num="34" type="stmt" count="67"/>
        <line num="35" type="stmt" count="67"/>
        <line num="36" type="stmt" count="2"/>
        <line num="38" type="stmt" count="65"/>
        <line num="39" type="stmt" count="1"/>
        <line num="41" type="stmt" count="64"/>
        <line num="42" type="stmt" count="64"/>
        <line num="43" type="stmt" count="1"/>
        <line num="47" type="method" name="toString" visibility="public" complexity="1" crap="1" count="3"/>
        <line num="49" type="stmt" count="3"/>
        <line num="52" type="method" name="storageExists" visibility="protected" complexity="1" crap="1" count="42"/>
        <line num="54" type="stmt" count="42"/>
        <line num="57" type="method" name="getStorageRoot" visibility="protected" complexity="1" crap="1" count="3"/>
        <line num="59" type="stmt" count="3"/>
        <metrics loc="62" ncloc="51" classes="1" methods="4" coveredmethods="4" conditionals="0" coveredconditionals="0" statements="14" coveredstatements="14" elements="18" coveredelements="18"/>
      </file>
      <file name="/home/srv/packages/schenke-io/laravel-sheet-base/src/EndpointBases/StorageFileReadExcel.php">
        <class name="SchenkeIo\LaravelSheetBase\EndpointBases\StorageFileReadExcel" namespace="SchenkeIo\LaravelSheetBase\EndpointBases">
          <metrics complexity="3" methods="2" coveredmethods="2" conditionals="0" coveredconditionals="0" statements="12" coveredstatements="12" elements="14" coveredelements="14"/>
        </class>
        <line num="16" type="method" name="__construct" visibility="public" complexity="2" crap="2" count="27"/>
        <line num="18" type="stmt" count="27"/>
        <line num="19" type="stmt" count="25"/>
        <line num="20" type="stmt" count="25"/>
        <line num="21" type="stmt" count="1"/>
        <line num="28" type="method" name="fillPipeline" visibility="public" complexity="1" crap="1" count="4"/>
        <line num="30" type="stmt" count="4"/>
        <line num="31" type="stmt" count="4"/>
        <line num="32" type="stmt" count="4"/>
        <line num="33" type="stmt" count="4"/>
        <line num="34" type="stmt" count="4"/>
        <line num="35" type="stmt" count="4"/>
        <line num="36" type="stmt" count="4"/>
        <line num="37" type="stmt" count="4"/>
        <metrics loc="40" ncloc="37" classes="1" methods="2" coveredmethods="2" conditionals="0" coveredconditionals="0" statements="12" coveredstatements="12" elements="14" coveredelements="14"/>
      </file>
      <file name="/home/srv/packages/schenke-io/laravel-sheet-base/src/EndpointBases/StorageFileReader.php">
        <class name="SchenkeIo\LaravelSheetBase\EndpointBases\StorageFileReader" namespace="SchenkeIo\LaravelSheetBase\EndpointBases">
          <metrics complexity="4" methods="3" coveredmethods="3" conditionals="0" coveredconditionals="0" statements="13" coveredstatements="13" elements="16" coveredelements="16"/>
        </class>
        <line num="18" type="method" name="__construct" visibility="public" complexity="2" crap="2" count="43"/>
        <line num="20" type="stmt" count="43"/>
        <line num="21" type="stmt" count="42"/>
        <line num="22" type="stmt" count="2"/>
        <line num="23" type="stmt" count="2"/>
        <line num="24" type="stmt" count="2"/>
        <line num="25" type="stmt" count="2"/>
        <line num="26" type="stmt" count="2"/>
        <line num="27" type="stmt" count="2"/>
        <line num="28" type="stmt" count="2"/>
        <line num="29" type="stmt" count="2"/>
        <line num="30" type="stmt" count="2"/>
        <line num="34" type="method" name="storageGet" visibility="protected" complexity="1" crap="1" count="15"/>
        <line num="36" type="stmt" count="15"/>
        <line num="39" type="method" name="explain" visibility="public" complexity="1" crap="1" count="1"/>
        <line num="41" type="stmt" count="1"/>
        <metrics loc="44" ncloc="39" classes="1" methods="3" coveredmethods="3" conditionals="0" coveredconditionals="0" statements="13" coveredstatements="13" elements="16" coveredelements="16"/>
      </file>
      <file name="/home/srv/packages/schenke-io/laravel-sheet-base/src/EndpointBases/StorageFileWriteCsv.php">
        <class name="SchenkeIo\LaravelSheetBase\EndpointBases\StorageFileWriteCsv" namespace="SchenkeIo\LaravelSheetBase\EndpointBases">
          <metrics complexity="4" methods="2" coveredmethods="2" conditionals="0" coveredconditionals="0" statements="10" coveredstatements="10" elements="12" coveredelements="12"/>
        </class>
        <line num="17" type="method" name="__construct" visibility="public" complexity="2" crap="2" count="6"/>
        <line num="19" type="stmt" count="6"/>
        <line num="20" type="stmt" count="6"/>
        <line num="21" type="stmt" count="1"/>
        <line num="25" type="method" name="releasePipeline" visibility="public" complexity="2" crap="2" count="2"/>
        <line num="27" type="stmt" count="2"/>
        <line num="28" type="stmt" count="2"/>
        <line num="29" type="stmt" count="2"/>
        <line num="30" type="stmt" count="2"/>
        <line num="31" type="stmt" count="2"/>
        <line num="32" type="stmt" count="2"/>
        <line num="34" type="stmt" count="2"/>
        <metrics loc="37" ncloc="33" classes="1" methods="2" coveredmethods="2" conditionals="0" coveredconditionals="0" statements="10" coveredstatements="10" elements="12" coveredelements="12"/>
      </file>
      <file name="/home/srv/packages/schenke-io/laravel-sheet-base/src/EndpointBases/StorageFileWriter.php">
        <class name="SchenkeIo\LaravelSheetBase\EndpointBases\StorageFileWriter" namespace="SchenkeIo\LaravelSheetBase\EndpointBases">
          <metrics complexity="2" methods="2" coveredmethods="2" conditionals="0" coveredconditionals="0" statements="2" coveredstatements="2" elements="4" coveredelements="4"/>
        </class>
        <line num="10" type="method" name="storagePut" visibility="protected" complexity="1" crap="1" count="9"/>
        <line num="12" type="stmt" count="9"/>
        <line num="15" type="method" name="explain" visibility="public" complexity="1" crap="1" count="1"/>
        <line num="17" type="stmt" count="1"/>
        <metrics loc="20" ncloc="20" classes="1" methods="2" coveredmethods="2" conditionals="0" coveredconditionals="0" statements="2" coveredstatements="2" elements="4" coveredelements="4"/>
      </file>
      <file name="/home/srv/packages/schenke-io/laravel-sheet-base/src/EndpointBases/StorageTree.php">
        <class name="SchenkeIo\LaravelSheetBase\EndpointBases\StorageTree" namespace="SchenkeIo\LaravelSheetBase\EndpointBases">
          <metrics complexity="4" methods="2" coveredmethods="2" conditionals="0" coveredconditionals="0" statements="7" coveredstatements="7" elements="9" coveredelements="9"/>
        </class>
        <line num="27" type="method" name="__construct" visibility="public" complexity="3" crap="3" count="13"/>
        <line num="29" type="stmt" count="13"/>
        <line num="30" type="stmt" count="13"/>
        <line num="31" type="stmt" count="13"/>
        <line num="32" type="stmt" count="1"/>
        <line num="34" type="stmt" count="12"/>
        <line num="35" type="stmt" count="1"/>
        <line num="39" type="method" name="toString" visibility="public" complexity="1" crap="1" count="2"/>
        <line num="41" type="stmt" count="2"/>
        <metrics loc="44" ncloc="33" classes="1" methods="2" coveredmethods="2" conditionals="0" coveredconditionals="0" statements="7" coveredstatements="7" elements="9" coveredelements="9"/>
      </file>
      <file name="/home/srv/packages/schenke-io/laravel-sheet-base/src/EndpointBases/StorageTreeWriter.php">
        <class name="SchenkeIo\LaravelSheetBase\EndpointBases\StorageTreeWriter" namespace="SchenkeIo\LaravelSheetBase\EndpointBases">
          <metrics complexity="3" methods="2" coveredmethods="2" conditionals="0" coveredconditionals="0" statements="10" coveredstatements="10" elements="12" coveredelements="12"/>
        </class>
        <line num="14" type="method" name="storagePut" visibility="protected" complexity="2" crap="2" count="4"/>
        <line num="19" type="stmt" count="4"/>
        <line num="20" type="stmt" count="2"/>
        <line num="21" type="stmt" count="2"/>
        <line num="22" type="stmt" count="2"/>
        <line num="23" type="stmt" count="2"/>
        <line num="24" type="stmt" count="2"/>
        <line num="25" type="stmt" count="2"/>
        <line num="26" type="stmt" count="2"/>
        <line num="28" type="stmt" count="2"/>
        <line num="31" type="method" name="explain" visibility="public" complexity="1" crap="1" count="2"/>
        <line num="33" type="stmt" count="2"/>
        <metrics loc="36" ncloc="30" classes="1" methods="2" coveredmethods="2" conditionals="0" coveredconditionals="0" statements="10" coveredstatements="10" elements="12" coveredelements="12"/>
      </file>
    </package>
    <package name="SchenkeIo\LaravelSheetBase\Endpoints\Readers">
      <file name="/home/srv/packages/schenke-io/laravel-sheet-base/src/Endpoints/Readers/EndpointReadArray.php">
        <class name="SchenkeIo\LaravelSheetBase\Endpoints\Readers\EndpointReadArray" namespace="SchenkeIo\LaravelSheetBase\Endpoints\Readers">
          <metrics complexity="2" methods="2" coveredmethods="2" conditionals="0" coveredconditionals="0" statements="2" coveredstatements="2" elements="4" coveredelements="4"/>
        </class>
        <line num="16" type="method" name="getArray" visibility="public" complexity="1" crap="1" count="1"/>
        <line num="19" type="stmt" count="1"/>
        <line num="22" type="method" name="explain" visibility="public" complexity="1" crap="1" count="3"/>
        <line num="24" type="stmt" count="3"/>
        <metrics loc="27" ncloc="19" classes="1" methods="2" coveredmethods="2" conditionals="0" coveredconditionals="0" statements="2" coveredstatements="2" elements="4" coveredelements="4"/>
      </file>
      <file name="/home/srv/packages/schenke-io/laravel-sheet-base/src/Endpoints/Readers/EndpointReadCsv.php">
        <class name="SchenkeIo\LaravelSheetBase\Endpoints\Readers\EndpointReadCsv" namespace="SchenkeIo\LaravelSheetBase\Endpoints\Readers">
          <metrics complexity="0" methods="0" coveredmethods="0" conditionals="0" coveredconditionals="0" statements="0" coveredstatements="0" elements="0" coveredelements="0"/>
        </class>
        <metrics loc="13" ncloc="13" classes="0" methods="0" coveredmethods="0" conditionals="0" coveredconditionals="0" statements="0" coveredstatements="0" elements="0" coveredelements="0"/>
      </file>
      <file name="/home/srv/packages/schenke-io/laravel-sheet-base/src/Endpoints/Readers/EndpointReadGoogleSheet.php">
        <class name="SchenkeIo\LaravelSheetBase\Endpoints\Readers\EndpointReadGoogleSheet" namespace="SchenkeIo\LaravelSheetBase\Endpoints\Readers">
          <metrics complexity="7" methods="2" coveredmethods="2" conditionals="0" coveredconditionals="0" statements="14" coveredstatements="14" elements="16" coveredelements="16"/>
        </class>
        <line num="14" type="method" name="explain" visibility="public" complexity="1" crap="1" count="1"/>
        <line num="16" type="stmt" count="1"/>
        <line num="22" type="method" name="fillPipeline" visibility="public" complexity="6" crap="6" count="1"/>
        <line num="24" type="stmt" count="1"/>
        <line num="25" type="stmt" count="1"/>
        <line num="26" type="stmt" count="1"/>
        <line num="27" type="stmt" count="1"/>
        <line num="29" type="stmt" count="1"/>
        <line num="30" type="stmt" count="1"/>
        <line num="31" type="stmt" count="1"/>
        <line num="33" type="stmt" count="1"/>
        <line num="37" type="stmt" count="1"/>
        <line num="38" type="stmt" count="1"/>
        <line num="41" type="stmt" count="1"/>
        <line num="42" type="stmt" count="1"/>
        <line num="44" type="stmt" count="1"/>
        <metrics loc="49" ncloc="37" classes="1" methods="2" coveredmethods="2" conditionals="0" coveredconditionals="0" statements="14" coveredstatements="14" elements="16" coveredelements="16"/>
      </file>
      <file name="/home/srv/packages/schenke-io/laravel-sheet-base/src/Endpoints/Readers/EndpointReadNeon.php">
        <class name="SchenkeIo\LaravelSheetBase\Endpoints\Readers\EndpointReadNeon" namespace="SchenkeIo\LaravelSheetBase\Endpoints\Readers">
          <metrics complexity="3" methods="1" coveredmethods="1" conditionals="0" coveredconditionals="0" statements="10" coveredstatements="10" elements="11" coveredelements="11"/>
        </class>
        <line num="25" type="method" name="fillPipeline" visibility="public" complexity="3" crap="3" count="3"/>
        <line num="28" type="stmt" count="3"/>
        <line num="29" type="stmt" count="3"/>
        <line num="30" type="stmt" count="3"/>
        <line num="31" type="stmt" count="3"/>
        <line num="32" type="stmt" count="3"/>
        <line num="33" type="stmt" count="2"/>
        <line num="34" type="stmt" count="2"/>
        <line num="37" type="stmt" count="1"/>
        <line num="38" type="stmt" count="1"/>
        <line num="42" type="stmt" count="1"/>
        <metrics loc="46" ncloc="36" classes="1" methods="1" coveredmethods="1" conditionals="0" coveredconditionals="0" statements="10" coveredstatements="10" elements="11" coveredelements="11"/>
      </file>
      <file name="/home/srv/packages/schenke-io/laravel-sheet-base/src/Endpoints/Readers/EndpointReadPsv.php">
        <class name="SchenkeIo\LaravelSheetBase\Endpoints\Readers\EndpointReadPsv" namespace="SchenkeIo\LaravelSheetBase\Endpoints\Readers">
          <metrics complexity="0" methods="0" coveredmethods="0" conditionals="0" coveredconditionals="0" statements="0" coveredstatements="0" elements="0" coveredelements="0"/>
        </class>
        <metrics loc="13" ncloc="13" classes="0" methods="0" coveredmethods="0" conditionals="0" coveredconditionals="0" statements="0" coveredstatements="0" elements="0" coveredelements="0"/>
      </file>
      <file name="/home/srv/packages/schenke-io/laravel-sheet-base/src/Endpoints/Readers/EndpointReadTsv.php">
        <class name="SchenkeIo\LaravelSheetBase\Endpoints\Readers\EndpointReadTsv" namespace="SchenkeIo\LaravelSheetBase\Endpoints\Readers">
          <metrics complexity="0" methods="0" coveredmethods="0" conditionals="0" coveredconditionals="0" statements="0" coveredstatements="0" elements="0" coveredelements="0"/>
        </class>
        <metrics loc="13" ncloc="13" classes="0" methods="0" coveredmethods="0" conditionals="0" coveredconditionals="0" statements="0" coveredstatements="0" elements="0" coveredelements="0"/>
      </file>
      <file name="/home/srv/packages/schenke-io/laravel-sheet-base/src/Endpoints/Readers/EndpointReadTxt.php">
        <class name="SchenkeIo\LaravelSheetBase\Endpoints\Readers\EndpointReadTxt" namespace="SchenkeIo\LaravelSheetBase\Endpoints\Readers">
          <metrics complexity="4" methods="1" coveredmethods="1" conditionals="0" coveredconditionals="0" statements="7" coveredstatements="7" elements="8" coveredelements="8"/>
        </class>
        <line num="18" type="method" name="fillPipeline" visibility="public" complexity="4" crap="4" count="4"/>
        <line num="20" type="stmt" count="4"/>
        <line num="21" type="stmt" count="4"/>
        <line num="22" type="stmt" count="1"/>
        <line num="24" type="stmt" count="3"/>
        <line num="25" type="stmt" count="3"/>
        <line num="26" type="stmt" count="3"/>
        <line num="28" type="stmt" count="3"/>
        <metrics loc="33" ncloc="27" classes="1" methods="1" coveredmethods="1" conditionals="0" coveredconditionals="0" statements="7" coveredstatements="7" elements="8" coveredelements="8"/>
      </file>
      <file name="/home/srv/packages/schenke-io/laravel-sheet-base/src/Endpoints/Readers/EndpointReadYaml.php">
        <class name="SchenkeIo\LaravelSheetBase\Endpoints\Readers\EndpointReadYaml" namespace="SchenkeIo\LaravelSheetBase\Endpoints\Readers">
          <metrics complexity="4" methods="1" coveredmethods="1" conditionals="0" coveredconditionals="0" statements="8" coveredstatements="8" elements="9" coveredelements="9"/>
        </class>
        <line num="22" type="method" name="fillPipeline" visibility="public" complexity="4" crap="4" count="3"/>
        <line num="25" type="stmt" count="3"/>
        <line num="26" type="stmt" count="3"/>
        <line num="27" type="stmt" count="1"/>
        <line num="28" type="stmt" count="1"/>
        <line num="30" type="stmt" count="2"/>
        <line num="31" type="stmt" count="1"/>
        <line num="33" type="stmt" count="1"/>
        <line num="34" type="stmt" count="1"/>
        <metrics loc="38" ncloc="32" classes="1" methods="1" coveredmethods="1" conditionals="0" coveredconditionals="0" statements="8" coveredstatements="8" elements="9" coveredelements="9"/>
      </file>
      <file name="/home/srv/packages/schenke-io/laravel-sheet-base/src/Endpoints/Readers/EndpointReadYml.php">
        <class name="SchenkeIo\LaravelSheetBase\Endpoints\Readers\EndpointReadYml" namespace="SchenkeIo\LaravelSheetBase\Endpoints\Readers">
          <metrics complexity="0" methods="0" coveredmethods="0" conditionals="0" coveredconditionals="0" statements="0" coveredstatements="0" elements="0" coveredelements="0"/>
        </class>
        <metrics loc="9" ncloc="9" classes="0" methods="0" coveredmethods="0" conditionals="0" coveredconditionals="0" statements="0" coveredstatements="0" elements="0" coveredelements="0"/>
      </file>
    </package>
    <package name="SchenkeIo\LaravelSheetBase\Endpoints\Writers">
      <file name="/home/srv/packages/schenke-io/laravel-sheet-base/src/Endpoints/Writers/EndpointWriteArray.php">
        <class name="SchenkeIo\LaravelSheetBase\Endpoints\Writers\EndpointWriteArray" namespace="SchenkeIo\LaravelSheetBase\Endpoints\Writers">
          <metrics complexity="3" methods="3" coveredmethods="3" conditionals="0" coveredconditionals="0" statements="3" coveredstatements="3" elements="6" coveredelements="6"/>
        </class>
        <line num="15" type="method" name="releasePipeline" visibility="public" complexity="1" crap="1" count="3"/>
        <line num="17" type="stmt" count="3"/>
        <line num="26" type="method" name="explain" visibility="public" complexity="1" crap="1" count="3"/>
        <line num="28" type="stmt" count="3"/>
        <line num="31" type="method" name="toString" visibility="public" complexity="1" crap="1" count="2"/>
        <line num="34" type="stmt" count="2"/>
        <metrics loc="37" ncloc="28" classes="1" methods="3" coveredmethods="3" conditionals="0" coveredconditionals="0" statements="3" coveredstatements="3" elements="6" coveredelements="6"/>
      </file>
      <file name="/home/srv/packages/schenke-io/laravel-sheet-base/src/Endpoints/Writers/EndpointWriteCsv.php">
        <class name="SchenkeIo\LaravelSheetBase\Endpoints\Writers\EndpointWriteCsv" namespace="SchenkeIo\LaravelSheetBase\Endpoints\Writers">
          <metrics complexity="0" methods="0" coveredmethods="0" conditionals="0" coveredconditionals="0" statements="0" coveredstatements="0" elements="0" coveredelements="0"/>
        </class>
        <metrics loc="13" ncloc="13" classes="0" methods="0" coveredmethods="0" conditionals="0" coveredconditionals="0" statements="0" coveredstatements="0" elements="0" coveredelements="0"/>
      </file>
      <file name="/home/srv/packages/schenke-io/laravel-sheet-base/src/Endpoints/Writers/EndpointWriteJson.php">
        <class name="SchenkeIo\LaravelSheetBase\Endpoints\Writers\EndpointWriteJson" namespace="SchenkeIo\LaravelSheetBase\Endpoints\Writers">
          <metrics complexity="1" methods="1" coveredmethods="1" conditionals="0" coveredconditionals="0" statements="6" coveredstatements="6" elements="7" coveredelements="7"/>
        </class>
        <line num="12" type="method" name="releasePipeline" visibility="public" complexity="1" crap="1" count="1"/>
        <line num="14" type="stmt" count="1"/>
        <line num="15" type="stmt" count="1"/>
        <line num="16" type="stmt" count="1"/>
        <line num="17" type="stmt" count="1"/>
        <line num="18" type="stmt" count="1"/>
        <line num="19" type="stmt" count="1"/>
        <metrics loc="22" ncloc="22" classes="1" methods="1" coveredmethods="1" conditionals="0" coveredconditionals="0" statements="6" coveredstatements="6" elements="7" coveredelements="7"/>
      </file>
      <file name="/home/srv/packages/schenke-io/laravel-sheet-base/src/Endpoints/Writers/EndpointWriteLang.php">
        <class name="SchenkeIo\LaravelSheetBase\Endpoints\Writers\EndpointWriteLang" namespace="SchenkeIo\LaravelSheetBase\Endpoints\Writers">
          <metrics complexity="7" methods="2" coveredmethods="2" conditionals="0" coveredconditionals="0" statements="14" coveredstatements="14" elements="16" coveredelements="16"/>
        </class>
        <line num="15" type="method" name="getRoot" visibility="protected" complexity="1" crap="1" count="2"/>
        <line num="18" type="stmt" count="2"/>
        <line num="24" type="method" name="releasePipeline" visibility="public" complexity="6" crap="6" count="4"/>
        <line num="29" type="stmt" count="4"/>
        <line num="30" type="stmt" count="4"/>
        <line num="31" type="stmt" count="3"/>
        <line num="32" type="stmt" count="3"/>
        <line num="33" type="stmt" count="3"/>
        <line num="34" type="stmt" count="1"/>
        <line num="37" type="stmt" count="2"/>
        <line num="39" type="stmt" count="2"/>
        <line num="40" type="stmt" count="2"/>
        <line num="43" type="stmt" count="3"/>
        <line num="44" type="stmt" count="2"/>
        <line num="45" type="stmt" count="2"/>
        <line num="46" type="stmt" count="2"/>
        <metrics loc="51" ncloc="42" classes="1" methods="2" coveredmethods="2" conditionals="0" coveredconditionals="0" statements="14" coveredstatements="14" elements="16" coveredelements="16"/>
      </file>
      <file name="/home/srv/packages/schenke-io/laravel-sheet-base/src/Endpoints/Writers/EndpointWriteNeon.php">
        <class name="SchenkeIo\LaravelSheetBase\Endpoints\Writers\EndpointWriteNeon" namespace="SchenkeIo\LaravelSheetBase\Endpoints\Writers">
          <metrics complexity="1" methods="1" coveredmethods="1" conditionals="0" coveredconditionals="0" statements="3" coveredstatements="3" elements="4" coveredelements="4"/>
        </class>
        <line num="16" type="method" name="releasePipeline" visibility="public" complexity="1" crap="1" count="1"/>
        <line num="18" type="stmt" count="1"/>
        <line num="19" type="stmt" count="1"/>
        <line num="20" type="stmt" count="1"/>
        <metrics loc="23" ncloc="23" classes="1" methods="1" coveredmethods="1" conditionals="0" coveredconditionals="0" statements="3" coveredstatements="3" elements="4" coveredelements="4"/>
      </file>
      <file name="/home/srv/packages/schenke-io/laravel-sheet-base/src/Endpoints/Writers/EndpointWritePhp.php">
        <class name="SchenkeIo\LaravelSheetBase\Endpoints\Writers\EndpointWritePhp" namespace="SchenkeIo\LaravelSheetBase\Endpoints\Writers">
          <metrics complexity="1" methods="1" coveredmethods="1" conditionals="0" coveredconditionals="0" statements="1" coveredstatements="1" elements="2" coveredelements="2"/>
        </class>
        <line num="17" type="method" name="releasePipeline" visibility="public" complexity="1" crap="1" count="1"/>
        <line num="19" type="stmt" count="1"/>
        <metrics loc="22" ncloc="22" classes="1" methods="1" coveredmethods="1" conditionals="0" coveredconditionals="0" statements="1" coveredstatements="1" elements="2" coveredelements="2"/>
      </file>
      <file name="/home/srv/packages/schenke-io/laravel-sheet-base/src/Endpoints/Writers/EndpointWritePsv.php">
        <class name="SchenkeIo\LaravelSheetBase\Endpoints\Writers\EndpointWritePsv" namespace="SchenkeIo\LaravelSheetBase\Endpoints\Writers">
          <metrics complexity="0" methods="0" coveredmethods="0" conditionals="0" coveredconditionals="0" statements="0" coveredstatements="0" elements="0" coveredelements="0"/>
        </class>
        <metrics loc="13" ncloc="13" classes="0" methods="0" coveredmethods="0" conditionals="0" coveredconditionals="0" statements="0" coveredstatements="0" elements="0" coveredelements="0"/>
      </file>
      <file name="/home/srv/packages/schenke-io/laravel-sheet-base/src/Endpoints/Writers/EndpointWriteTsv.php">
        <class name="SchenkeIo\LaravelSheetBase\Endpoints\Writers\EndpointWriteTsv" namespace="SchenkeIo\LaravelSheetBase\Endpoints\Writers">
          <metrics complexity="0" methods="0" coveredmethods="0" conditionals="0" coveredconditionals="0" statements="0" coveredstatements="0" elements="0" coveredelements="0"/>
        </class>
        <metrics loc="13" ncloc="13" classes="0" methods="0" coveredmethods="0" conditionals="0" coveredconditionals="0" statements="0" coveredstatements="0" elements="0" coveredelements="0"/>
      </file>
      <file name="/home/srv/packages/schenke-io/laravel-sheet-base/src/Endpoints/Writers/EndpointWriteTxt.php">
        <class name="SchenkeIo\LaravelSheetBase\Endpoints\Writers\EndpointWriteTxt" namespace="SchenkeIo\LaravelSheetBase\Endpoints\Writers">
          <metrics complexity="1" methods="1" coveredmethods="1" conditionals="0" coveredconditionals="0" statements="2" coveredstatements="2" elements="3" coveredelements="3"/>
        </class>
        <line num="12" type="method" name="releasePipeline" visibility="public" complexity="1" crap="1" count="1"/>
        <line num="14" type="stmt" count="1"/>
        <line num="16" type="stmt" count="1"/>
        <metrics loc="19" ncloc="19" classes="1" methods="1" coveredmethods="1" conditionals="0" coveredconditionals="0" statements="2" coveredstatements="2" elements="3" coveredelements="3"/>
      </file>
      <file name="/home/srv/packages/schenke-io/laravel-sheet-base/src/Endpoints/Writers/EndpointWriteYaml.php">
        <class name="SchenkeIo\LaravelSheetBase\Endpoints\Writers\EndpointWriteYaml" namespace="SchenkeIo\LaravelSheetBase\Endpoints\Writers">
          <metrics complexity="1" methods="1" coveredmethods="1" conditionals="0" coveredconditionals="0" statements="3" coveredstatements="3" elements="4" coveredelements="4"/>
        </class>
        <line num="16" type="method" name="releasePipeline" visibility="public" complexity="1" crap="1" count="1"/>
        <line num="18" type="stmt" count="1"/>
        <line num="19" type="stmt" count="1"/>
        <line num="20" type="stmt" count="1"/>
        <metrics loc="23" ncloc="23" classes="1" methods="1" coveredmethods="1" conditionals="0" coveredconditionals="0" statements="3" coveredstatements="3" elements="4" coveredelements="4"/>
      </file>
      <file name="/home/srv/packages/schenke-io/laravel-sheet-base/src/Endpoints/Writers/EndpointWriteYml.php">
        <class name="SchenkeIo\LaravelSheetBase\Endpoints\Writers\EndpointWriteYml" namespace="SchenkeIo\LaravelSheetBase\Endpoints\Writers">
          <metrics complexity="0" methods="0" coveredmethods="0" conditionals="0" coveredconditionals="0" statements="0" coveredstatements="0" elements="0" coveredelements="0"/>
        </class>
        <metrics loc="9" ncloc="9" classes="0" methods="0" coveredmethods="0" conditionals="0" coveredconditionals="0" statements="0" coveredstatements="0" elements="0" coveredelements="0"/>
      </file>
    </package>
    <package name="SchenkeIo\LaravelSheetBase\Exceptions">
      <file name="/home/srv/packages/schenke-io/laravel-sheet-base/src/Exceptions/ArchitectureException.php">
        <class name="SchenkeIo\LaravelSheetBase\Exceptions\ArchitectureException" namespace="SchenkeIo\LaravelSheetBase\Exceptions">
          <metrics complexity="0" methods="0" coveredmethods="0" conditionals="0" coveredconditionals="0" statements="0" coveredstatements="0" elements="0" coveredelements="0"/>
        </class>
        <metrics loc="8" ncloc="8" classes="0" methods="0" coveredmethods="0" conditionals="0" coveredconditionals="0" statements="0" coveredstatements="0" elements="0" coveredelements="0"/>
      </file>
      <file name="/home/srv/packages/schenke-io/laravel-sheet-base/src/Exceptions/ClassSyntaxException.php">
        <class name="SchenkeIo\LaravelSheetBase\Exceptions\ClassSyntaxException" namespace="SchenkeIo\LaravelSheetBase\Exceptions">
          <metrics complexity="1" methods="1" coveredmethods="1" conditionals="0" coveredconditionals="0" statements="1" coveredstatements="1" elements="2" coveredelements="2"/>
        </class>
        <line num="9" type="method" name="__construct" visibility="public" complexity="1" crap="1" count="26"/>
        <line num="11" type="stmt" count="26"/>
        <metrics loc="14" ncloc="14" classes="1" methods="1" coveredmethods="1" conditionals="0" coveredconditionals="0" statements="1" coveredstatements="1" elements="2" coveredelements="2"/>
      </file>
      <file name="/home/srv/packages/schenke-io/laravel-sheet-base/src/Exceptions/ConfigErrorException.php">
        <class name="SchenkeIo\LaravelSheetBase\Exceptions\ConfigErrorException" namespace="SchenkeIo\LaravelSheetBase\Exceptions">
          <metrics complexity="16" methods="16" coveredmethods="16" conditionals="0" coveredconditionals="0" statements="19" coveredstatements="19" elements="35" coveredelements="35"/>
        </class>
        <line num="9" type="method" name="__construct" visibility="public" complexity="1" crap="1" count="19"/>
        <line num="11" type="stmt" count="19"/>
        <line num="14" type="method" name="filterClassIsNotReader" visibility="public" complexity="1" crap="1" count="1"/>
        <line num="16" type="stmt" count="1"/>
        <line num="19" type="method" name="schemaDoesNotExist" visibility="public" complexity="1" crap="1" count="1"/>
        <line num="21" type="stmt" count="1"/>
        <line num="24" type="method" name="schemaInvalid" visibility="public" complexity="1" crap="1" count="2"/>
        <line num="26" type="stmt" count="2"/>
        <line num="29" type="method" name="sourceNotConfiguredAsArray" visibility="public" complexity="1" crap="1" count="2"/>
        <line num="31" type="stmt" count="2"/>
        <line num="34" type="method" name="noSourcesDefined" visibility="public" complexity="1" crap="1" count="1"/>
        <line num="36" type="stmt" count="1"/>
        <line num="39" type="method" name="invalidSource" visibility="public" complexity="1" crap="1" count="2"/>
        <line num="41" type="stmt" count="2"/>
        <line num="44" type="method" name="emptyTarget" visibility="public" complexity="1" crap="1" count="1"/>
        <line num="46" type="stmt" count="1"/>
        <line num="49" type="method" name="invalidTarget" visibility="public" complexity="1" crap="1" count="2"/>
        <line num="51" type="stmt" count="2"/>
        <line num="54" type="method" name="targetAlreadyUsed" visibility="public" complexity="1" crap="1" count="1"/>
        <line num="56" type="stmt" count="1"/>
        <line num="59" type="method" name="languagePipelineDefinedTwice" visibility="public" complexity="1" crap="1" count="1"/>
        <line num="61" type="stmt" count="1"/>
        <line num="64" type="method" name="syncRequiresGoogleSheet" visibility="public" complexity="1" crap="1" count="1"/>
        <line num="66" type="stmt" count="1"/>
        <line num="69" type="method" name="syncRequiresSingleSource" visibility="public" complexity="1" crap="1" count="1"/>
        <line num="71" type="stmt" count="1"/>
        <line num="74" type="method" name="syncImpossibleInNonLanguagePipeline" visibility="public" complexity="1" crap="1" count="1"/>
        <line num="76" type="stmt" count="1"/>
        <line num="79" type="method" name="syncRequiresFilter" visibility="public" complexity="1" crap="1" count="1"/>
        <line num="81" type="stmt" count="1"/>
        <line num="84" type="method" name="unknownKeysInConfig" visibility="public" complexity="1" crap="1" count="1"/>
        <line num="86" type="stmt" count="1"/>
        <line num="87" type="stmt" count="1"/>
        <line num="88" type="stmt" count="1"/>
        <line num="89" type="stmt" count="1"/>
        <metrics loc="92" ncloc="92" classes="1" methods="16" coveredmethods="16" conditionals="0" coveredconditionals="0" statements="19" coveredstatements="19" elements="35" coveredelements="35"/>
      </file>
      <file name="/home/srv/packages/schenke-io/laravel-sheet-base/src/Exceptions/DataQualityException.php">
        <class name="SchenkeIo\LaravelSheetBase\Exceptions\DataQualityException" namespace="SchenkeIo\LaravelSheetBase\Exceptions">
          <metrics complexity="0" methods="0" coveredmethods="0" conditionals="0" coveredconditionals="0" statements="0" coveredstatements="0" elements="0" coveredelements="0"/>
        </class>
        <metrics loc="6" ncloc="6" classes="0" methods="0" coveredmethods="0" conditionals="0" coveredconditionals="0" statements="0" coveredstatements="0" elements="0" coveredelements="0"/>
      </file>
      <file name="/home/srv/packages/schenke-io/laravel-sheet-base/src/Exceptions/DataReadException.php">
        <class name="SchenkeIo\LaravelSheetBase\Exceptions\DataReadException" namespace="SchenkeIo\LaravelSheetBase\Exceptions">
          <metrics complexity="0" methods="0" coveredmethods="0" conditionals="0" coveredconditionals="0" statements="0" coveredstatements="0" elements="0" coveredelements="0"/>
        </class>
        <metrics loc="8" ncloc="8" classes="0" methods="0" coveredmethods="0" conditionals="0" coveredconditionals="0" statements="0" coveredstatements="0" elements="0" coveredelements="0"/>
      </file>
      <file name="/home/srv/packages/schenke-io/laravel-sheet-base/src/Exceptions/EndpointCodeException.php">
        <class name="SchenkeIo\LaravelSheetBase\Exceptions\EndpointCodeException" namespace="SchenkeIo\LaravelSheetBase\Exceptions">
          <metrics complexity="0" methods="0" coveredmethods="0" conditionals="0" coveredconditionals="0" statements="0" coveredstatements="0" elements="0" coveredelements="0"/>
        </class>
        <metrics loc="6" ncloc="6" classes="0" methods="0" coveredmethods="0" conditionals="0" coveredconditionals="0" statements="0" coveredstatements="0" elements="0" coveredelements="0"/>
      </file>
      <file name="/home/srv/packages/schenke-io/laravel-sheet-base/src/Exceptions/FileSystemNotDefinedException.php">
        <class name="SchenkeIo\LaravelSheetBase\Exceptions\FileSystemNotDefinedException" namespace="SchenkeIo\LaravelSheetBase\Exceptions">
          <metrics complexity="0" methods="0" coveredmethods="0" conditionals="0" coveredconditionals="0" statements="0" coveredstatements="0" elements="0" coveredelements="0"/>
        </class>
        <metrics loc="6" ncloc="6" classes="0" methods="0" coveredmethods="0" conditionals="0" coveredconditionals="0" statements="0" coveredstatements="0" elements="0" coveredelements="0"/>
      </file>
      <file name="/home/srv/packages/schenke-io/laravel-sheet-base/src/Exceptions/GoogleServiceException.php">
        <class name="SchenkeIo\LaravelSheetBase\Exceptions\GoogleServiceException" namespace="SchenkeIo\LaravelSheetBase\Exceptions">
          <metrics complexity="4" methods="4" coveredmethods="4" conditionals="0" coveredconditionals="0" statements="4" coveredstatements="4" elements="8" coveredelements="8"/>
        </class>
        <line num="9" type="method" name="fromGetValueRange" visibility="public" complexity="1" crap="1" count="1"/>
        <line num="11" type="stmt" count="1"/>
        <line num="14" type="method" name="fromUpdateValueResponse" visibility="public" complexity="1" crap="1" count="1"/>
        <line num="16" type="stmt" count="1"/>
        <line num="19" type="method" name="fromBatchupdateResponse" visibility="public" complexity="1" crap="1" count="1"/>
        <line num="21" type="stmt" count="1"/>
        <line num="24" type="method" name="fromGetSpreadsheet" visibility="public" complexity="1" crap="1" count="1"/>
        <line num="26" type="stmt" count="1"/>
        <metrics loc="29" ncloc="29" classes="1" methods="4" coveredmethods="4" conditionals="0" coveredconditionals="0" statements="4" coveredstatements="4" elements="8" coveredelements="8"/>
      </file>
      <file name="/home/srv/packages/schenke-io/laravel-sheet-base/src/Exceptions/GoogleSheetException.php">
        <class name="SchenkeIo\LaravelSheetBase\Exceptions\GoogleSheetException" namespace="SchenkeIo\LaravelSheetBase\Exceptions">
          <metrics complexity="2" methods="2" coveredmethods="2" conditionals="0" coveredconditionals="0" statements="2" coveredstatements="2" elements="4" coveredelements="4"/>
        </class>
        <line num="7" type="method" name="spreadSheetIdNotDefined" visibility="public" complexity="1" crap="1" count="1"/>
        <line num="9" type="stmt" count="1"/>
        <line num="12" type="method" name="sheetNameNotDefined" visibility="public" complexity="1" crap="1" count="1"/>
        <line num="14" type="stmt" count="1"/>
        <metrics loc="17" ncloc="17" classes="1" methods="2" coveredmethods="2" conditionals="0" coveredconditionals="0" statements="2" coveredstatements="2" elements="4" coveredelements="4"/>
      </file>
      <file name="/home/srv/packages/schenke-io/laravel-sheet-base/src/Exceptions/IdUniqueException.php">
        <class name="SchenkeIo\LaravelSheetBase\Exceptions\IdUniqueException" namespace="SchenkeIo\LaravelSheetBase\Exceptions">
          <metrics complexity="0" methods="0" coveredmethods="0" conditionals="0" coveredconditionals="0" statements="0" coveredstatements="0" elements="0" coveredelements="0"/>
        </class>
        <metrics loc="6" ncloc="6" classes="0" methods="0" coveredmethods="0" conditionals="0" coveredconditionals="0" statements="0" coveredstatements="0" elements="0" coveredelements="0"/>
      </file>
      <file name="/home/srv/packages/schenke-io/laravel-sheet-base/src/Exceptions/MakeEndpointException.php">
        <class name="SchenkeIo\LaravelSheetBase\Exceptions\MakeEndpointException" namespace="SchenkeIo\LaravelSheetBase\Exceptions">
          <metrics complexity="1" methods="1" coveredmethods="1" conditionals="0" coveredconditionals="0" statements="1" coveredstatements="1" elements="2" coveredelements="2"/>
        </class>
        <line num="9" type="method" name="__construct" visibility="public" complexity="1" crap="1" count="7"/>
        <line num="11" type="stmt" count="7"/>
        <metrics loc="14" ncloc="14" classes="1" methods="1" coveredmethods="1" conditionals="0" coveredconditionals="0" statements="1" coveredstatements="1" elements="2" coveredelements="2"/>
      </file>
      <file name="/home/srv/packages/schenke-io/laravel-sheet-base/src/Exceptions/SchemaAddColumnException.php">
        <class name="SchenkeIo\LaravelSheetBase\Exceptions\SchemaAddColumnException" namespace="SchenkeIo\LaravelSheetBase\Exceptions">
          <metrics complexity="1" methods="1" coveredmethods="1" conditionals="0" coveredconditionals="0" statements="1" coveredstatements="1" elements="2" coveredelements="2"/>
        </class>
        <line num="7" type="method" name="__construct" visibility="public" complexity="1" crap="1" count="7"/>
        <line num="9" type="stmt" count="7"/>
        <metrics loc="12" ncloc="12" classes="1" methods="1" coveredmethods="1" conditionals="0" coveredconditionals="0" statements="1" coveredstatements="1" elements="2" coveredelements="2"/>
      </file>
      <file name="/home/srv/packages/schenke-io/laravel-sheet-base/src/Exceptions/SchemaVerifyColumnsException.php">
        <class name="SchenkeIo\LaravelSheetBase\Exceptions\SchemaVerifyColumnsException" namespace="SchenkeIo\LaravelSheetBase\Exceptions">
          <metrics complexity="1" methods="1" coveredmethods="1" conditionals="0" coveredconditionals="0" statements="1" coveredstatements="1" elements="2" coveredelements="2"/>
        </class>
        <line num="7" type="method" name="__construct" visibility="public" complexity="1" crap="1" count="4"/>
        <line num="9" type="stmt" count="4"/>
        <metrics loc="12" ncloc="12" classes="1" methods="1" coveredmethods="1" conditionals="0" coveredconditionals="0" statements="1" coveredstatements="1" elements="2" coveredelements="2"/>
      </file>
    </package>
    <package name="SchenkeIo\LaravelSheetBase\Google">
      <file name="/home/srv/packages/schenke-io/laravel-sheet-base/src/Google/GoogleBackgroundPainter.php">
        <class name="SchenkeIo\LaravelSheetBase\Google\GoogleBackgroundPainter" namespace="SchenkeIo\LaravelSheetBase\Google">
          <metrics complexity="9" methods="4" coveredmethods="4" conditionals="0" coveredconditionals="0" statements="41" coveredstatements="41" elements="45" coveredelements="45"/>
        </class>
        <line num="15" type="method" name="__construct" visibility="public" complexity="1" crap="1" count="5"/>
        <line num="19" type="stmt" count="5"/>
        <line num="21" type="method" name="take" visibility="public" complexity="1" crap="1" count="5"/>
        <line num="23" type="stmt" count="5"/>
        <line num="29" type="method" name="markRed" visibility="public" complexity="6" crap="6" count="4"/>
        <line num="31" type="stmt" count="4"/>
        <line num="32" type="stmt" count="4"/>
        <line num="33" type="stmt" count="2"/>
        <line num="36" type="stmt" count="2"/>
        <line num="41" type="stmt" count="2"/>
        <line num="42" type="stmt" count="2"/>
        <line num="43" type="stmt" count="2"/>
        <line num="45" type="stmt" count="2"/>
        <line num="46" type="stmt" count="1"/>
        <line num="47" type="stmt" count="1"/>
        <line num="54" type="stmt" count="2"/>
        <line num="57" type="stmt" count="2"/>
        <line num="59" type="stmt" count="2"/>
        <line num="60" type="stmt" count="2"/>
        <line num="61" type="stmt" count="1"/>
        <line num="62" type="stmt" count="1"/>
        <line num="63" type="stmt" count="1"/>
        <line num="66" type="stmt" count="2"/>
        <line num="69" type="method" name="getRedBackgroundRequest" visibility="protected" complexity="1" crap="1" count="1"/>
        <line num="71" type="stmt" count="1"/>
        <line num="72" type="stmt" count="1"/>
        <line num="73" type="stmt" count="1"/>
        <line num="74" type="stmt" count="1"/>
        <line num="75" type="stmt" count="1"/>
        <line num="76" type="stmt" count="1"/>
        <line num="77" type="stmt" count="1"/>
        <line num="78" type="stmt" count="1"/>
        <line num="79" type="stmt" count="1"/>
        <line num="80" type="stmt" count="1"/>
        <line num="81" type="stmt" count="1"/>
        <line num="82" type="stmt" count="1"/>
        <line num="83" type="stmt" count="1"/>
        <line num="84" type="stmt" count="1"/>
        <line num="85" type="stmt" count="1"/>
        <line num="86" type="stmt" count="1"/>
        <line num="87" type="stmt" count="1"/>
        <line num="88" type="stmt" count="1"/>
        <line num="89" type="stmt" count="1"/>
        <line num="90" type="stmt" count="1"/>
        <line num="91" type="stmt" count="1"/>
        <metrics loc="94" ncloc="82" classes="1" methods="4" coveredmethods="4" conditionals="0" coveredconditionals="0" statements="41" coveredstatements="41" elements="45" coveredelements="45"/>
      </file>
      <file name="/home/srv/packages/schenke-io/laravel-sheet-base/src/Google/GoogleRange.php">
        <class name="SchenkeIo\LaravelSheetBase\Google\GoogleRange" namespace="SchenkeIo\LaravelSheetBase\Google">
          <metrics complexity="11" methods="3" coveredmethods="3" conditionals="0" coveredconditionals="0" statements="31" coveredstatements="31" elements="34" coveredelements="34"/>
        </class>
        <line num="12" type="method" name="__construct" visibility="public" complexity="8" crap="8" count="10"/>
        <line num="20" type="stmt" count="10"/>
        <line num="21" type="stmt" count="10"/>
        <line num="22" type="stmt" count="1"/>
        <line num="24" type="stmt" count="9"/>
        <line num="25" type="stmt" count="1"/>
        <line num="27" type="stmt" count="8"/>
        <line num="28" type="stmt" count="1"/>
        <line num="30" type="stmt" count="7"/>
        <line num="31" type="stmt" count="1"/>
        <line num="33" type="stmt" count="6"/>
        <line num="34" type="stmt" count="1"/>
        <line num="36" type="stmt" count="5"/>
        <line num="37" type="stmt" count="1"/>
        <line num="39" type="stmt" count="4"/>
        <line num="40" type="stmt" count="1"/>
        <line num="44" type="method" name="asRange" visibility="public" complexity="1" crap="1" count="1"/>
        <line num="46" type="stmt" count="1"/>
        <line num="47" type="stmt" count="1"/>
        <line num="48" type="stmt" count="1"/>
        <line num="49" type="stmt" count="1"/>
        <line num="50" type="stmt" count="1"/>
        <line num="51" type="stmt" count="1"/>
        <line num="52" type="stmt" count="1"/>
        <line num="55" type="method" name="asString" visibility="public" complexity="2" crap="2" count="2"/>
        <line num="57" type="stmt" count="2"/>
        <line num="58" type="stmt" count="2"/>
        <line num="60" type="stmt" count="2"/>
        <line num="61" type="stmt" count="2"/>
        <line num="62" type="stmt" count="2"/>
        <line num="63" type="stmt" count="2"/>
        <line num="64" type="stmt" count="2"/>
        <line num="65" type="stmt" count="2"/>
        <line num="66" type="stmt" count="2"/>
        <metrics loc="70" ncloc="67" classes="1" methods="3" coveredmethods="3" conditionals="0" coveredconditionals="0" statements="31" coveredstatements="31" elements="34" coveredelements="34"/>
      </file>
      <file name="/home/srv/packages/schenke-io/laravel-sheet-base/src/Google/GoogleSheetApi.php">
        <class name="SchenkeIo\LaravelSheetBase\Google\GoogleSheetApi" namespace="SchenkeIo\LaravelSheetBase\Google">
          <metrics complexity="11" methods="5" coveredmethods="5" conditionals="0" coveredconditionals="0" statements="29" coveredstatements="29" elements="34" coveredelements="34"/>
        </class>
        <line num="18" type="method" name="__construct" visibility="public" complexity="1" crap="1" count="21"/>
        <line num="20" type="stmt" count="21"/>
        <line num="21" type="stmt" count="21"/>
        <line num="22" type="stmt" count="21"/>
        <line num="30" type="method" name="getData" visibility="public" complexity="2" crap="2" count="3"/>
        <line num="33" type="stmt" count="3"/>
        <line num="34" type="stmt" count="3"/>
        <line num="35" type="stmt" count="3"/>
        <line num="36" type="stmt" count="3"/>
        <line num="37" type="stmt" count="1"/>
        <line num="38" type="stmt" count="1"/>
        <line num="45" type="method" name="putData" visibility="public" complexity="2" crap="2" count="2"/>
        <line num="48" type="stmt" count="2"/>
        <line num="49" type="stmt" count="2"/>
        <line num="50" type="stmt" count="2"/>
        <line num="51" type="stmt" count="2"/>
        <line num="53" type="stmt" count="2"/>
        <line num="54" type="stmt" count="1"/>
        <line num="55" type="stmt" count="1"/>
        <line num="64" type="method" name="batchUpdate" visibility="public" complexity="2" crap="2" count="2"/>
        <line num="67" type="stmt" count="2"/>
        <line num="68" type="stmt" count="2"/>
        <line num="69" type="stmt" count="2"/>
        <line num="70" type="stmt" count="2"/>
        <line num="71" type="stmt" count="1"/>
        <line num="72" type="stmt" count="1"/>
        <line num="79" type="method" name="getSheetId" visibility="public" complexity="4" crap="4" count="2"/>
        <line num="82" type="stmt" count="2"/>
        <line num="83" type="stmt" count="1"/>
        <line num="84" type="stmt" count="1"/>
        <line num="85" type="stmt" count="1"/>
        <line num="89" type="stmt" count="1"/>
        <line num="90" type="stmt" count="1"/>
        <line num="91" type="stmt" count="1"/>
        <metrics loc="95" ncloc="79" classes="1" methods="5" coveredmethods="5" conditionals="0" coveredconditionals="0" statements="29" coveredstatements="29" elements="34" coveredelements="34"/>
      </file>
    </package>
    <package name="SchenkeIo\LaravelSheetBase\Helpers">
      <file name="/home/srv/packages/schenke-io/laravel-sheet-base/src/Helpers/Chunks.php">
        <class name="SchenkeIo\LaravelSheetBase\Helpers\Chunks" namespace="SchenkeIo\LaravelSheetBase\Helpers">
          <metrics complexity="3" methods="3" coveredmethods="3" conditionals="0" coveredconditionals="0" statements="11" coveredstatements="11" elements="14" coveredelements="14"/>
        </class>
        <line num="10" type="method" name="batchCount" visibility="public" complexity="1" crap="1" count="17"/>
        <line num="12" type="stmt" count="17"/>
        <line num="18" type="method" name="batchSize" visibility="public" complexity="1" crap="1" count="7"/>
        <line num="20" type="stmt" count="7"/>
        <line num="22" type="stmt" count="7"/>
        <line num="28" type="method" name="splitIntoBatches" visibility="public" complexity="1" crap="1" count="4"/>
        <line num="30" type="stmt" count="4"/>
        <line num="31" type="stmt" count="4"/>
        <line num="32" type="stmt" count="4"/>
        <line num="34" type="stmt" count="4"/>
        <line num="36" type="stmt" count="4"/>
        <line num="37" type="stmt" count="4"/>
        <line num="38" type="stmt" count="4"/>
        <line num="40" type="stmt" count="4"/>
        <metrics loc="43" ncloc="34" classes="1" methods="3" coveredmethods="3" conditionals="0" coveredconditionals="0" statements="11" coveredstatements="11" elements="14" coveredelements="14"/>
      </file>
      <file name="/home/srv/packages/schenke-io/laravel-sheet-base/src/Helpers/FindEndpointClass.php">
        <class name="SchenkeIo\LaravelSheetBase\Helpers\FindEndpointClass" namespace="SchenkeIo\LaravelSheetBase\Helpers">
          <metrics complexity="5" methods="3" coveredmethods="3" conditionals="0" coveredconditionals="0" statements="9" coveredstatements="9" elements="12" coveredelements="12"/>
        </class>
        <line num="59" type="method" name="fromSource" visibility="public" complexity="2" crap="2" count="15"/>
        <line num="61" type="stmt" count="15"/>
        <line num="62" type="stmt" count="15"/>
        <line num="63" type="stmt" count="10"/>
        <line num="65" type="stmt" count="5"/>
        <line num="71" type="method" name="fromTarget" visibility="public" complexity="2" crap="2" count="13"/>
        <line num="73" type="stmt" count="13"/>
        <line num="74" type="stmt" count="13"/>
        <line num="75" type="stmt" count="11"/>
        <line num="77" type="stmt" count="2"/>
        <line num="80" type="method" name="getExtension" visibility="private" complexity="1" crap="1" count="27"/>
        <line num="82" type="stmt" count="27"/>
        <metrics loc="85" ncloc="74" classes="1" methods="3" coveredmethods="3" conditionals="0" coveredconditionals="0" statements="9" coveredstatements="9" elements="12" coveredelements="12"/>
      </file>
    </package>
    <package name="SchenkeIo\LaravelSheetBase">
      <file name="/home/srv/packages/schenke-io/laravel-sheet-base/src/LaravelSheetBaseServiceProvider.php">
        <class name="SchenkeIo\LaravelSheetBase\LaravelSheetBaseServiceProvider" namespace="SchenkeIo\LaravelSheetBase">
          <metrics complexity="1" methods="1" coveredmethods="1" conditionals="0" coveredconditionals="0" statements="7" coveredstatements="7" elements="8" coveredelements="8"/>
        </class>
        <line num="13" type="method" name="configurePackage" visibility="public" complexity="1" crap="1" count="182"/>
        <line num="15" type="stmt" count="182"/>
        <line num="16" type="stmt" count="182"/>
        <line num="17" type="stmt" count="182"/>
        <line num="18" type="stmt" count="182"/>
        <line num="19" type="stmt" count="182"/>
        <line num="20" type="stmt" count="182"/>
        <line num="21" type="stmt" count="182"/>
        <metrics loc="24" ncloc="24" classes="1" methods="1" coveredmethods="1" conditionals="0" coveredconditionals="0" statements="7" coveredstatements="7" elements="8" coveredelements="8"/>
      </file>
    </package>
    <package name="SchenkeIo\LaravelSheetBase\Skills">
      <file name="/home/srv/packages/schenke-io/laravel-sheet-base/src/Skills/Comments.php">
        <class name="SchenkeIo\LaravelSheetBase\Skills\Comments" namespace="SchenkeIo\LaravelSheetBase\Skills">
          <metrics complexity="1" methods="1" coveredmethods="1" conditionals="0" coveredconditionals="0" statements="9" coveredstatements="9" elements="10" coveredelements="10"/>
        </class>
        <line num="7" type="method" name="getComment" visibility="protected" complexity="1" crap="1" count="5"/>
        <line num="9" type="stmt" count="5"/>
        <line num="10" type="stmt" count="5"/>
        <line num="11" type="stmt" count="5"/>
        <line num="12" type="stmt" count="5"/>
        <line num="13" type="stmt" count="5"/>
        <line num="14" type="stmt" count="5"/>
        <line num="15" type="stmt" count="5"/>
        <line num="16" type="stmt" count="5"/>
        <line num="18" type="stmt" count="5"/>
        <metrics loc="22" ncloc="22" classes="1" methods="1" coveredmethods="1" conditionals="0" coveredconditionals="0" statements="9" coveredstatements="9" elements="10" coveredelements="10"/>
      </file>
      <file name="/home/srv/packages/schenke-io/laravel-sheet-base/src/Skills/MakePhp.php">
        <class name="SchenkeIo\LaravelSheetBase\Skills\MakePhp" namespace="SchenkeIo\LaravelSheetBase\Skills">
          <metrics complexity="2" methods="2" coveredmethods="2" conditionals="0" coveredconditionals="0" statements="12" coveredstatements="12" elements="14" coveredelements="14"/>
        </class>
        <line num="9" type="method" name="getPhp" visibility="protected" complexity="1" crap="1" count="3"/>
        <line num="12" type="stmt" count="3"/>
        <line num="13" type="stmt" count="3"/>
        <line num="15" type="stmt" count="3"/>
        <line num="16" type="stmt" count="3"/>
        <line num="18" type="stmt" count="3"/>
        <line num="20" type="stmt" count="3"/>
        <line num="22" type="stmt" count="3"/>
        <line num="26" type="method" name="prettyArray" visibility="protected" complexity="1" crap="1" count="3"/>
        <line num="29" type="stmt" count="3"/>
        <line num="30" type="stmt" count="3"/>
        <line num="31" type="stmt" count="3"/>
        <line num="32" type="stmt" count="3"/>
        <line num="34" type="stmt" count="3"/>
        <metrics loc="38" ncloc="38" classes="1" methods="2" coveredmethods="2" conditionals="0" coveredconditionals="0" statements="12" coveredstatements="12" elements="14" coveredelements="14"/>
      </file>
    </package>
    <metrics files="69" loc="2711" ncloc="2345" classes="50" methods="143" coveredmethods="143" conditionals="0" coveredconditionals="0" statements="651" coveredstatements="651" elements="794" coveredelements="794"/>
  </project>
</coverage>
