<?xml version="1.0" encoding="UTF-8"?>
<testsuites>
  <testsuite name="/home/srv/packages/schenke-io/laravel-sheet-base/phpunit.xml" tests="273" assertions="321" errors="0" failures="0" skipped="0" time="3.240273">
    <testsuite name="Test Suite" tests="273" assertions="321" errors="0" failures="0" skipped="0" time="3.240273">
      <testsuite name="Tests\Feature\ArchitecturTest" file="tests/Feature/ArchitecturTest.php" tests="3" assertions="4" errors="0" failures="0" skipped="0" time="0.488644">
        <testcase name="debug functions not used anymore" file="tests/Feature/ArchitecturTest.php::debug functions not used anymore" class="Tests\Feature\ArchitecturTest" classname="Tests.Feature.ArchitecturTest" assertions="1" time="0.461347"/>
        <testcase name="eval only used in tests" file="tests/Feature/ArchitecturTest.php::eval only used in tests" class="Tests\Feature\ArchitecturTest" classname="Tests.Feature.ArchitecturTest" assertions="2" time="0.015607"/>
        <testcase name="endpoints are extended" file="tests/Feature/ArchitecturTest.php::endpoints are extended" class="Tests\Feature\ArchitecturTest" classname="Tests.Feature.ArchitecturTest" assertions="1" time="0.011690"/>
      </testsuite>
      <testsuite name="SchenkeIo\LaravelSheetBase\Tests\Feature\Console\Commands\SheetBaseCheckCommandTest" file="Sheet Base Check Command (SchenkeIo\LaravelSheetBase\Tests\Feature\Console\Commands\SheetBaseCheckCommand)" tests="1" assertions="1" errors="0" failures="0" skipped="0" time="0.038992">
        <testcase name="No errors" file="Sheet Base Check Command (SchenkeIo\LaravelSheetBase\Tests\Feature\Console\Commands\SheetBaseCheckCommand)::No errors" class="SchenkeIo\LaravelSheetBase\Tests\Feature\Console\Commands\SheetBaseCheckCommandTest" classname="SchenkeIo.LaravelSheetBase.Tests.Feature.Console.Commands.SheetBaseCheckCommandTest" assertions="1" time="0.038992"/>
      </testsuite>
      <testsuite name="SchenkeIo\LaravelSheetBase\Tests\Feature\Console\Commands\SheetBaseCommandConfigErrorTest" file="Sheet Base Command Config Error (SchenkeIo\LaravelSheetBase\Tests\Feature\Console\Commands\SheetBaseCommandConfigError)" tests="4" assertions="8" errors="0" failures="0" skipped="0" time="0.050940">
        <testcase name="Disk error" file="Sheet Base Command Config Error (SchenkeIo\LaravelSheetBase\Tests\Feature\Console\Commands\SheetBaseCommandConfigError)::Disk error" class="SchenkeIo\LaravelSheetBase\Tests\Feature\Console\Commands\SheetBaseCommandConfigErrorTest" classname="SchenkeIo.LaravelSheetBase.Tests.Feature.Console.Commands.SheetBaseCommandConfigErrorTest" assertions="2" time="0.012999"/>
        <testcase name="Config error" file="Sheet Base Command Config Error (SchenkeIo\LaravelSheetBase\Tests\Feature\Console\Commands\SheetBaseCommandConfigError)::Config error" class="SchenkeIo\LaravelSheetBase\Tests\Feature\Console\Commands\SheetBaseCommandConfigErrorTest" classname="SchenkeIo.LaravelSheetBase.Tests.Feature.Console.Commands.SheetBaseCommandConfigErrorTest" assertions="2" time="0.011642"/>
        <testcase name="Syntax error" file="Sheet Base Command Config Error (SchenkeIo\LaravelSheetBase\Tests\Feature\Console\Commands\SheetBaseCommandConfigError)::Syntax error" class="SchenkeIo\LaravelSheetBase\Tests\Feature\Console\Commands\SheetBaseCommandConfigErrorTest" classname="SchenkeIo.LaravelSheetBase.Tests.Feature.Console.Commands.SheetBaseCommandConfigErrorTest" assertions="2" time="0.013202"/>
        <testcase name="Errors" file="Sheet Base Command Config Error (SchenkeIo\LaravelSheetBase\Tests\Feature\Console\Commands\SheetBaseCommandConfigError)::Errors" class="SchenkeIo\LaravelSheetBase\Tests\Feature\Console\Commands\SheetBaseCommandConfigErrorTest" classname="SchenkeIo.LaravelSheetBase.Tests.Feature.Console.Commands.SheetBaseCommandConfigErrorTest" assertions="2" time="0.013098"/>
      </testsuite>
      <testsuite name="SchenkeIo\LaravelSheetBase\Tests\Feature\Console\Commands\SheetBasePumpCommandTest" file="Sheet Base Pump Command (SchenkeIo\LaravelSheetBase\Tests\Feature\Console\Commands\SheetBasePumpCommand)" tests="1" assertions="1" errors="0" failures="0" skipped="0" time="0.015689">
        <testcase name="No errors" file="Sheet Base Pump Command (SchenkeIo\LaravelSheetBase\Tests\Feature\Console\Commands\SheetBasePumpCommand)::No errors" class="SchenkeIo\LaravelSheetBase\Tests\Feature\Console\Commands\SheetBasePumpCommandTest" classname="SchenkeIo.LaravelSheetBase.Tests.Feature.Console.Commands.SheetBasePumpCommandTest" assertions="1" time="0.015689"/>
      </testsuite>
      <testsuite name="SchenkeIo\LaravelSheetBase\Tests\Feature\Contracts\EndpointExplainTest" file="Endpoint Explain (SchenkeIo\LaravelSheetBase\Tests\Feature\Contracts\EndpointExplain)" tests="1" assertions="3" errors="0" failures="0" skipped="0" time="0.011525">
        <testcase name="Explain" file="Endpoint Explain (SchenkeIo\LaravelSheetBase\Tests\Feature\Contracts\EndpointExplain)::Explain" class="SchenkeIo\LaravelSheetBase\Tests\Feature\Contracts\EndpointExplainTest" classname="SchenkeIo.LaravelSheetBase.Tests.Feature.Contracts.EndpointExplainTest" assertions="3" time="0.011525"/>
      </testsuite>
      <testsuite name="Tests\Feature\Contracts\OnlyInterfacesTest" file="tests/Feature/Contracts/OnlyInterfacesTest.php" tests="1" assertions="1" errors="0" failures="0" skipped="0" time="0.017135">
        <testcase name="only interfaces in this directory" file="tests/Feature/Contracts/OnlyInterfacesTest.php::only interfaces in this directory" class="Tests\Feature\Contracts\OnlyInterfacesTest" classname="Tests.Feature.Contracts.OnlyInterfacesTest" assertions="1" time="0.017135"/>
      </testsuite>
      <testsuite name="SchenkeIo\LaravelSheetBase\Tests\Feature\Elements\ColumnTypeTest" file="Column Type (SchenkeIo\LaravelSheetBase\Tests\Feature\Elements\ColumnType)" tests="66" assertions="66" errors="0" failures="0" skipped="0" time="0.890392">
        <testsuite name="All methods are defined" tests="11" assertions="11" errors="0" failures="0" skipped="0" time="0.112486">
          <testcase name="All methods are defined with data set &quot;ID&quot;" file="Column Type (SchenkeIo\LaravelSheetBase\Tests\Feature\Elements\ColumnType)::All methods are defined with data set &quot;ID&quot;" class="SchenkeIo\LaravelSheetBase\Tests\Feature\Elements\ColumnTypeTest" classname="SchenkeIo.LaravelSheetBase.Tests.Feature.Elements.ColumnTypeTest" assertions="1" time="0.011197"/>
          <testcase name="All methods are defined with data set &quot;Dot&quot;" file="Column Type (SchenkeIo\LaravelSheetBase\Tests\Feature\Elements\ColumnType)::All methods are defined with data set &quot;Dot&quot;" class="SchenkeIo\LaravelSheetBase\Tests\Feature\Elements\ColumnTypeTest" classname="SchenkeIo.LaravelSheetBase.Tests.Feature.Elements.ColumnTypeTest" assertions="1" time="0.009788"/>
          <testcase name="All methods are defined with data set &quot;String&quot;" file="Column Type (SchenkeIo\LaravelSheetBase\Tests\Feature\Elements\ColumnType)::All methods are defined with data set &quot;String&quot;" class="SchenkeIo\LaravelSheetBase\Tests\Feature\Elements\ColumnTypeTest" classname="SchenkeIo.LaravelSheetBase.Tests.Feature.Elements.ColumnTypeTest" assertions="1" time="0.009754"/>
          <testcase name="All methods are defined with data set &quot;NullString&quot;" file="Column Type (SchenkeIo\LaravelSheetBase\Tests\Feature\Elements\ColumnType)::All methods are defined with data set &quot;NullString&quot;" class="SchenkeIo\LaravelSheetBase\Tests\Feature\Elements\ColumnTypeTest" classname="SchenkeIo.LaravelSheetBase.Tests.Feature.Elements.ColumnTypeTest" assertions="1" time="0.009851"/>
          <testcase name="All methods are defined with data set &quot;Unsigned&quot;" file="Column Type (SchenkeIo\LaravelSheetBase\Tests\Feature\Elements\ColumnType)::All methods are defined with data set &quot;Unsigned&quot;" class="SchenkeIo\LaravelSheetBase\Tests\Feature\Elements\ColumnTypeTest" classname="SchenkeIo.LaravelSheetBase.Tests.Feature.Elements.ColumnTypeTest" assertions="1" time="0.009791"/>
          <testcase name="All methods are defined with data set &quot;UnsignedNotNull&quot;" file="Column Type (SchenkeIo\LaravelSheetBase\Tests\Feature\Elements\ColumnType)::All methods are defined with data set &quot;UnsignedNotNull&quot;" class="SchenkeIo\LaravelSheetBase\Tests\Feature\Elements\ColumnTypeTest" classname="SchenkeIo.LaravelSheetBase.Tests.Feature.Elements.ColumnTypeTest" assertions="1" time="0.009874"/>
          <testcase name="All methods are defined with data set &quot;Language&quot;" file="Column Type (SchenkeIo\LaravelSheetBase\Tests\Feature\Elements\ColumnType)::All methods are defined with data set &quot;Language&quot;" class="SchenkeIo\LaravelSheetBase\Tests\Feature\Elements\ColumnTypeTest" classname="SchenkeIo.LaravelSheetBase.Tests.Feature.Elements.ColumnTypeTest" assertions="1" time="0.010003"/>
          <testcase name="All methods are defined with data set &quot;Float&quot;" file="Column Type (SchenkeIo\LaravelSheetBase\Tests\Feature\Elements\ColumnType)::All methods are defined with data set &quot;Float&quot;" class="SchenkeIo\LaravelSheetBase\Tests\Feature\Elements\ColumnTypeTest" classname="SchenkeIo.LaravelSheetBase.Tests.Feature.Elements.ColumnTypeTest" assertions="1" time="0.010143"/>
          <testcase name="All methods are defined with data set &quot;Boolean&quot;" file="Column Type (SchenkeIo\LaravelSheetBase\Tests\Feature\Elements\ColumnType)::All methods are defined with data set &quot;Boolean&quot;" class="SchenkeIo\LaravelSheetBase\Tests\Feature\Elements\ColumnTypeTest" classname="SchenkeIo.LaravelSheetBase.Tests.Feature.Elements.ColumnTypeTest" assertions="1" time="0.010264"/>
          <testcase name="All methods are defined with data set &quot;Closure&quot;" file="Column Type (SchenkeIo\LaravelSheetBase\Tests\Feature\Elements\ColumnType)::All methods are defined with data set &quot;Closure&quot;" class="SchenkeIo\LaravelSheetBase\Tests\Feature\Elements\ColumnTypeTest" classname="SchenkeIo.LaravelSheetBase.Tests.Feature.Elements.ColumnTypeTest" assertions="1" time="0.010385"/>
          <testcase name="All methods are defined with data set &quot;DateTime&quot;" file="Column Type (SchenkeIo\LaravelSheetBase\Tests\Feature\Elements\ColumnType)::All methods are defined with data set &quot;DateTime&quot;" class="SchenkeIo\LaravelSheetBase\Tests\Feature\Elements\ColumnTypeTest" classname="SchenkeIo.LaravelSheetBase.Tests.Feature.Elements.ColumnTypeTest" assertions="1" time="0.011436"/>
        </testsuite>
        <testsuite name="Format" tests="55" assertions="55" errors="0" failures="0" skipped="0" time="0.777907">
          <testcase name="Format with data set &quot;id numeric&quot;" file="Column Type (SchenkeIo\LaravelSheetBase\Tests\Feature\Elements\ColumnType)::Format with data set &quot;id numeric&quot;" class="SchenkeIo\LaravelSheetBase\Tests\Feature\Elements\ColumnTypeTest" classname="SchenkeIo.LaravelSheetBase.Tests.Feature.Elements.ColumnTypeTest" assertions="1" time="0.010862"/>
          <testcase name="Format with data set &quot;id string&quot;" file="Column Type (SchenkeIo\LaravelSheetBase\Tests\Feature\Elements\ColumnType)::Format with data set &quot;id string&quot;" class="SchenkeIo\LaravelSheetBase\Tests\Feature\Elements\ColumnTypeTest" classname="SchenkeIo.LaravelSheetBase.Tests.Feature.Elements.ColumnTypeTest" assertions="1" time="0.010773"/>
          <testcase name="Format with data set &quot;dot&quot;" file="Column Type (SchenkeIo\LaravelSheetBase\Tests\Feature\Elements\ColumnType)::Format with data set &quot;dot&quot;" class="SchenkeIo\LaravelSheetBase\Tests\Feature\Elements\ColumnTypeTest" classname="SchenkeIo.LaravelSheetBase.Tests.Feature.Elements.ColumnTypeTest" assertions="1" time="0.010918"/>
          <testcase name="Format with data set &quot;string&quot;" file="Column Type (SchenkeIo\LaravelSheetBase\Tests\Feature\Elements\ColumnType)::Format with data set &quot;string&quot;" class="SchenkeIo\LaravelSheetBase\Tests\Feature\Elements\ColumnTypeTest" classname="SchenkeIo.LaravelSheetBase.Tests.Feature.Elements.ColumnTypeTest" assertions="1" time="0.011023"/>
          <testcase name="Format with data set &quot;unsigned null&quot;" file="Column Type (SchenkeIo\LaravelSheetBase\Tests\Feature\Elements\ColumnType)::Format with data set &quot;unsigned null&quot;" class="SchenkeIo\LaravelSheetBase\Tests\Feature\Elements\ColumnTypeTest" classname="SchenkeIo.LaravelSheetBase.Tests.Feature.Elements.ColumnTypeTest" assertions="1" time="0.011121"/>
          <testcase name="Format with data set &quot;unsigned decimal positiv&quot;" file="Column Type (SchenkeIo\LaravelSheetBase\Tests\Feature\Elements\ColumnType)::Format with data set &quot;unsigned decimal positiv&quot;" class="SchenkeIo\LaravelSheetBase\Tests\Feature\Elements\ColumnTypeTest" classname="SchenkeIo.LaravelSheetBase.Tests.Feature.Elements.ColumnTypeTest" assertions="1" time="0.011243"/>
          <testcase name="Format with data set &quot;unsigned decimal negativ&quot;" file="Column Type (SchenkeIo\LaravelSheetBase\Tests\Feature\Elements\ColumnType)::Format with data set &quot;unsigned decimal negativ&quot;" class="SchenkeIo\LaravelSheetBase\Tests\Feature\Elements\ColumnTypeTest" classname="SchenkeIo.LaravelSheetBase.Tests.Feature.Elements.ColumnTypeTest" assertions="1" time="0.011439"/>
          <testcase name="Format with data set &quot;unsigned string 1&quot;" file="Column Type (SchenkeIo\LaravelSheetBase\Tests\Feature\Elements\ColumnType)::Format with data set &quot;unsigned string 1&quot;" class="SchenkeIo\LaravelSheetBase\Tests\Feature\Elements\ColumnTypeTest" classname="SchenkeIo.LaravelSheetBase.Tests.Feature.Elements.ColumnTypeTest" assertions="1" time="0.011614"/>
          <testcase name="Format with data set &quot;unsigned string 2&quot;" file="Column Type (SchenkeIo\LaravelSheetBase\Tests\Feature\Elements\ColumnType)::Format with data set &quot;unsigned string 2&quot;" class="SchenkeIo\LaravelSheetBase\Tests\Feature\Elements\ColumnTypeTest" classname="SchenkeIo.LaravelSheetBase.Tests.Feature.Elements.ColumnTypeTest" assertions="1" time="0.011674"/>
          <testcase name="Format with data set &quot;unsigned string 3&quot;" file="Column Type (SchenkeIo\LaravelSheetBase\Tests\Feature\Elements\ColumnType)::Format with data set &quot;unsigned string 3&quot;" class="SchenkeIo\LaravelSheetBase\Tests\Feature\Elements\ColumnTypeTest" classname="SchenkeIo.LaravelSheetBase.Tests.Feature.Elements.ColumnTypeTest" assertions="1" time="0.011875"/>
          <testcase name="Format with data set &quot;unsigned string 4&quot;" file="Column Type (SchenkeIo\LaravelSheetBase\Tests\Feature\Elements\ColumnType)::Format with data set &quot;unsigned string 4&quot;" class="SchenkeIo\LaravelSheetBase\Tests\Feature\Elements\ColumnTypeTest" classname="SchenkeIo.LaravelSheetBase.Tests.Feature.Elements.ColumnTypeTest" assertions="1" time="0.012188"/>
          <testcase name="Format with data set &quot;unsigned string 5&quot;" file="Column Type (SchenkeIo\LaravelSheetBase\Tests\Feature\Elements\ColumnType)::Format with data set &quot;unsigned string 5&quot;" class="SchenkeIo\LaravelSheetBase\Tests\Feature\Elements\ColumnTypeTest" classname="SchenkeIo.LaravelSheetBase.Tests.Feature.Elements.ColumnTypeTest" assertions="1" time="0.012046"/>
          <testcase name="Format with data set &quot;unsigned string 6&quot;" file="Column Type (SchenkeIo\LaravelSheetBase\Tests\Feature\Elements\ColumnType)::Format with data set &quot;unsigned string 6&quot;" class="SchenkeIo\LaravelSheetBase\Tests\Feature\Elements\ColumnTypeTest" classname="SchenkeIo.LaravelSheetBase.Tests.Feature.Elements.ColumnTypeTest" assertions="1" time="0.012161"/>
          <testcase name="Format with data set &quot;unsigned string 7&quot;" file="Column Type (SchenkeIo\LaravelSheetBase\Tests\Feature\Elements\ColumnType)::Format with data set &quot;unsigned string 7&quot;" class="SchenkeIo\LaravelSheetBase\Tests\Feature\Elements\ColumnTypeTest" classname="SchenkeIo.LaravelSheetBase.Tests.Feature.Elements.ColumnTypeTest" assertions="1" time="0.012222"/>
          <testcase name="Format with data set &quot;unsigned not null 1&quot;" file="Column Type (SchenkeIo\LaravelSheetBase\Tests\Feature\Elements\ColumnType)::Format with data set &quot;unsigned not null 1&quot;" class="SchenkeIo\LaravelSheetBase\Tests\Feature\Elements\ColumnTypeTest" classname="SchenkeIo.LaravelSheetBase.Tests.Feature.Elements.ColumnTypeTest" assertions="1" time="0.012412"/>
          <testcase name="Format with data set &quot;unsigned not null 2&quot;" file="Column Type (SchenkeIo\LaravelSheetBase\Tests\Feature\Elements\ColumnType)::Format with data set &quot;unsigned not null 2&quot;" class="SchenkeIo\LaravelSheetBase\Tests\Feature\Elements\ColumnTypeTest" classname="SchenkeIo.LaravelSheetBase.Tests.Feature.Elements.ColumnTypeTest" assertions="1" time="0.012553"/>
          <testcase name="Format with data set &quot;float 1&quot;" file="Column Type (SchenkeIo\LaravelSheetBase\Tests\Feature\Elements\ColumnType)::Format with data set &quot;float 1&quot;" class="SchenkeIo\LaravelSheetBase\Tests\Feature\Elements\ColumnTypeTest" classname="SchenkeIo.LaravelSheetBase.Tests.Feature.Elements.ColumnTypeTest" assertions="1" time="0.012650"/>
          <testcase name="Format with data set &quot;float 2&quot;" file="Column Type (SchenkeIo\LaravelSheetBase\Tests\Feature\Elements\ColumnType)::Format with data set &quot;float 2&quot;" class="SchenkeIo\LaravelSheetBase\Tests\Feature\Elements\ColumnTypeTest" classname="SchenkeIo.LaravelSheetBase.Tests.Feature.Elements.ColumnTypeTest" assertions="1" time="0.012816"/>
          <testcase name="Format with data set &quot;float 3&quot;" file="Column Type (SchenkeIo\LaravelSheetBase\Tests\Feature\Elements\ColumnType)::Format with data set &quot;float 3&quot;" class="SchenkeIo\LaravelSheetBase\Tests\Feature\Elements\ColumnTypeTest" classname="SchenkeIo.LaravelSheetBase.Tests.Feature.Elements.ColumnTypeTest" assertions="1" time="0.012930"/>
          <testcase name="Format with data set &quot;float 4&quot;" file="Column Type (SchenkeIo\LaravelSheetBase\Tests\Feature\Elements\ColumnType)::Format with data set &quot;float 4&quot;" class="SchenkeIo\LaravelSheetBase\Tests\Feature\Elements\ColumnTypeTest" classname="SchenkeIo.LaravelSheetBase.Tests.Feature.Elements.ColumnTypeTest" assertions="1" time="0.012978"/>
          <testcase name="Format with data set &quot;float 5&quot;" file="Column Type (SchenkeIo\LaravelSheetBase\Tests\Feature\Elements\ColumnType)::Format with data set &quot;float 5&quot;" class="SchenkeIo\LaravelSheetBase\Tests\Feature\Elements\ColumnTypeTest" classname="SchenkeIo.LaravelSheetBase.Tests.Feature.Elements.ColumnTypeTest" assertions="1" time="0.013281"/>
          <testcase name="Format with data set &quot;float 6&quot;" file="Column Type (SchenkeIo\LaravelSheetBase\Tests\Feature\Elements\ColumnType)::Format with data set &quot;float 6&quot;" class="SchenkeIo\LaravelSheetBase\Tests\Feature\Elements\ColumnTypeTest" classname="SchenkeIo.LaravelSheetBase.Tests.Feature.Elements.ColumnTypeTest" assertions="1" time="0.013296"/>
          <testcase name="Format with data set &quot;float 7&quot;" file="Column Type (SchenkeIo\LaravelSheetBase\Tests\Feature\Elements\ColumnType)::Format with data set &quot;float 7&quot;" class="SchenkeIo\LaravelSheetBase\Tests\Feature\Elements\ColumnTypeTest" classname="SchenkeIo.LaravelSheetBase.Tests.Feature.Elements.ColumnTypeTest" assertions="1" time="0.013343"/>
          <testcase name="Format with data set &quot;float 8&quot;" file="Column Type (SchenkeIo\LaravelSheetBase\Tests\Feature\Elements\ColumnType)::Format with data set &quot;float 8&quot;" class="SchenkeIo\LaravelSheetBase\Tests\Feature\Elements\ColumnTypeTest" classname="SchenkeIo.LaravelSheetBase.Tests.Feature.Elements.ColumnTypeTest" assertions="1" time="0.013520"/>
          <testcase name="Format with data set &quot;float 9&quot;" file="Column Type (SchenkeIo\LaravelSheetBase\Tests\Feature\Elements\ColumnType)::Format with data set &quot;float 9&quot;" class="SchenkeIo\LaravelSheetBase\Tests\Feature\Elements\ColumnTypeTest" classname="SchenkeIo.LaravelSheetBase.Tests.Feature.Elements.ColumnTypeTest" assertions="1" time="0.013645"/>
          <testcase name="Format with data set &quot;bool 1&quot;" file="Column Type (SchenkeIo\LaravelSheetBase\Tests\Feature\Elements\ColumnType)::Format with data set &quot;bool 1&quot;" class="SchenkeIo\LaravelSheetBase\Tests\Feature\Elements\ColumnTypeTest" classname="SchenkeIo.LaravelSheetBase.Tests.Feature.Elements.ColumnTypeTest" assertions="1" time="0.013723"/>
          <testcase name="Format with data set &quot;bool 2&quot;" file="Column Type (SchenkeIo\LaravelSheetBase\Tests\Feature\Elements\ColumnType)::Format with data set &quot;bool 2&quot;" class="SchenkeIo\LaravelSheetBase\Tests\Feature\Elements\ColumnTypeTest" classname="SchenkeIo.LaravelSheetBase.Tests.Feature.Elements.ColumnTypeTest" assertions="1" time="0.013791"/>
          <testcase name="Format with data set &quot;bool 3&quot;" file="Column Type (SchenkeIo\LaravelSheetBase\Tests\Feature\Elements\ColumnType)::Format with data set &quot;bool 3&quot;" class="SchenkeIo\LaravelSheetBase\Tests\Feature\Elements\ColumnTypeTest" classname="SchenkeIo.LaravelSheetBase.Tests.Feature.Elements.ColumnTypeTest" assertions="1" time="0.014215"/>
          <testcase name="Format with data set &quot;bool 4&quot;" file="Column Type (SchenkeIo\LaravelSheetBase\Tests\Feature\Elements\ColumnType)::Format with data set &quot;bool 4&quot;" class="SchenkeIo\LaravelSheetBase\Tests\Feature\Elements\ColumnTypeTest" classname="SchenkeIo.LaravelSheetBase.Tests.Feature.Elements.ColumnTypeTest" assertions="1" time="0.014363"/>
          <testcase name="Format with data set &quot;bool 5&quot;" file="Column Type (SchenkeIo\LaravelSheetBase\Tests\Feature\Elements\ColumnType)::Format with data set &quot;bool 5&quot;" class="SchenkeIo\LaravelSheetBase\Tests\Feature\Elements\ColumnTypeTest" classname="SchenkeIo.LaravelSheetBase.Tests.Feature.Elements.ColumnTypeTest" assertions="1" time="0.014342"/>
          <testcase name="Format with data set &quot;bool 6&quot;" file="Column Type (SchenkeIo\LaravelSheetBase\Tests\Feature\Elements\ColumnType)::Format with data set &quot;bool 6&quot;" class="SchenkeIo\LaravelSheetBase\Tests\Feature\Elements\ColumnTypeTest" classname="SchenkeIo.LaravelSheetBase.Tests.Feature.Elements.ColumnTypeTest" assertions="1" time="0.014436"/>
          <testcase name="Format with data set &quot;bool 7&quot;" file="Column Type (SchenkeIo\LaravelSheetBase\Tests\Feature\Elements\ColumnType)::Format with data set &quot;bool 7&quot;" class="SchenkeIo\LaravelSheetBase\Tests\Feature\Elements\ColumnTypeTest" classname="SchenkeIo.LaravelSheetBase.Tests.Feature.Elements.ColumnTypeTest" assertions="1" time="0.014715"/>
          <testcase name="Format with data set &quot;bool 8&quot;" file="Column Type (SchenkeIo\LaravelSheetBase\Tests\Feature\Elements\ColumnType)::Format with data set &quot;bool 8&quot;" class="SchenkeIo\LaravelSheetBase\Tests\Feature\Elements\ColumnTypeTest" classname="SchenkeIo.LaravelSheetBase.Tests.Feature.Elements.ColumnTypeTest" assertions="1" time="0.014720"/>
          <testcase name="Format with data set &quot;bool 9&quot;" file="Column Type (SchenkeIo\LaravelSheetBase\Tests\Feature\Elements\ColumnType)::Format with data set &quot;bool 9&quot;" class="SchenkeIo\LaravelSheetBase\Tests\Feature\Elements\ColumnTypeTest" classname="SchenkeIo.LaravelSheetBase.Tests.Feature.Elements.ColumnTypeTest" assertions="1" time="0.014861"/>
          <testcase name="Format with data set &quot;bool 10&quot;" file="Column Type (SchenkeIo\LaravelSheetBase\Tests\Feature\Elements\ColumnType)::Format with data set &quot;bool 10&quot;" class="SchenkeIo\LaravelSheetBase\Tests\Feature\Elements\ColumnTypeTest" classname="SchenkeIo.LaravelSheetBase.Tests.Feature.Elements.ColumnTypeTest" assertions="1" time="0.014925"/>
          <testcase name="Format with data set &quot;bool 11&quot;" file="Column Type (SchenkeIo\LaravelSheetBase\Tests\Feature\Elements\ColumnType)::Format with data set &quot;bool 11&quot;" class="SchenkeIo\LaravelSheetBase\Tests\Feature\Elements\ColumnTypeTest" classname="SchenkeIo.LaravelSheetBase.Tests.Feature.Elements.ColumnTypeTest" assertions="1" time="0.015062"/>
          <testcase name="Format with data set &quot;bool 12&quot;" file="Column Type (SchenkeIo\LaravelSheetBase\Tests\Feature\Elements\ColumnType)::Format with data set &quot;bool 12&quot;" class="SchenkeIo\LaravelSheetBase\Tests\Feature\Elements\ColumnTypeTest" classname="SchenkeIo.LaravelSheetBase.Tests.Feature.Elements.ColumnTypeTest" assertions="1" time="0.015662"/>
          <testcase name="Format with data set &quot;bool 13&quot;" file="Column Type (SchenkeIo\LaravelSheetBase\Tests\Feature\Elements\ColumnType)::Format with data set &quot;bool 13&quot;" class="SchenkeIo\LaravelSheetBase\Tests\Feature\Elements\ColumnTypeTest" classname="SchenkeIo.LaravelSheetBase.Tests.Feature.Elements.ColumnTypeTest" assertions="1" time="0.019501"/>
          <testcase name="Format with data set &quot;bool 14&quot;" file="Column Type (SchenkeIo\LaravelSheetBase\Tests\Feature\Elements\ColumnType)::Format with data set &quot;bool 14&quot;" class="SchenkeIo\LaravelSheetBase\Tests\Feature\Elements\ColumnTypeTest" classname="SchenkeIo.LaravelSheetBase.Tests.Feature.Elements.ColumnTypeTest" assertions="1" time="0.016063"/>
          <testcase name="Format with data set &quot;string 1&quot;" file="Column Type (SchenkeIo\LaravelSheetBase\Tests\Feature\Elements\ColumnType)::Format with data set &quot;string 1&quot;" class="SchenkeIo\LaravelSheetBase\Tests\Feature\Elements\ColumnTypeTest" classname="SchenkeIo.LaravelSheetBase.Tests.Feature.Elements.ColumnTypeTest" assertions="1" time="0.016332"/>
          <testcase name="Format with data set &quot;string 2&quot;" file="Column Type (SchenkeIo\LaravelSheetBase\Tests\Feature\Elements\ColumnType)::Format with data set &quot;string 2&quot;" class="SchenkeIo\LaravelSheetBase\Tests\Feature\Elements\ColumnTypeTest" classname="SchenkeIo.LaravelSheetBase.Tests.Feature.Elements.ColumnTypeTest" assertions="1" time="0.015898"/>
          <testcase name="Format with data set &quot;string 3&quot;" file="Column Type (SchenkeIo\LaravelSheetBase\Tests\Feature\Elements\ColumnType)::Format with data set &quot;string 3&quot;" class="SchenkeIo\LaravelSheetBase\Tests\Feature\Elements\ColumnTypeTest" classname="SchenkeIo.LaravelSheetBase.Tests.Feature.Elements.ColumnTypeTest" assertions="1" time="0.015685"/>
          <testcase name="Format with data set &quot;null string 1&quot;" file="Column Type (SchenkeIo\LaravelSheetBase\Tests\Feature\Elements\ColumnType)::Format with data set &quot;null string 1&quot;" class="SchenkeIo\LaravelSheetBase\Tests\Feature\Elements\ColumnTypeTest" classname="SchenkeIo.LaravelSheetBase.Tests.Feature.Elements.ColumnTypeTest" assertions="1" time="0.015776"/>
          <testcase name="Format with data set &quot;null string 2&quot;" file="Column Type (SchenkeIo\LaravelSheetBase\Tests\Feature\Elements\ColumnType)::Format with data set &quot;null string 2&quot;" class="SchenkeIo\LaravelSheetBase\Tests\Feature\Elements\ColumnTypeTest" classname="SchenkeIo.LaravelSheetBase.Tests.Feature.Elements.ColumnTypeTest" assertions="1" time="0.015845"/>
          <testcase name="Format with data set &quot;null string 3&quot;" file="Column Type (SchenkeIo\LaravelSheetBase\Tests\Feature\Elements\ColumnType)::Format with data set &quot;null string 3&quot;" class="SchenkeIo\LaravelSheetBase\Tests\Feature\Elements\ColumnTypeTest" classname="SchenkeIo.LaravelSheetBase.Tests.Feature.Elements.ColumnTypeTest" assertions="1" time="0.015942"/>
          <testcase name="Format with data set &quot;null string 4&quot;" file="Column Type (SchenkeIo\LaravelSheetBase\Tests\Feature\Elements\ColumnType)::Format with data set &quot;null string 4&quot;" class="SchenkeIo\LaravelSheetBase\Tests\Feature\Elements\ColumnTypeTest" classname="SchenkeIo.LaravelSheetBase.Tests.Feature.Elements.ColumnTypeTest" assertions="1" time="0.016162"/>
          <testcase name="Format with data set &quot;language 1&quot;" file="Column Type (SchenkeIo\LaravelSheetBase\Tests\Feature\Elements\ColumnType)::Format with data set &quot;language 1&quot;" class="SchenkeIo\LaravelSheetBase\Tests\Feature\Elements\ColumnTypeTest" classname="SchenkeIo.LaravelSheetBase.Tests.Feature.Elements.ColumnTypeTest" assertions="1" time="0.016231"/>
          <testcase name="Format with data set &quot;language 2&quot;" file="Column Type (SchenkeIo\LaravelSheetBase\Tests\Feature\Elements\ColumnType)::Format with data set &quot;language 2&quot;" class="SchenkeIo\LaravelSheetBase\Tests\Feature\Elements\ColumnTypeTest" classname="SchenkeIo.LaravelSheetBase.Tests.Feature.Elements.ColumnTypeTest" assertions="1" time="0.016322"/>
          <testcase name="Format with data set &quot;language 3&quot;" file="Column Type (SchenkeIo\LaravelSheetBase\Tests\Feature\Elements\ColumnType)::Format with data set &quot;language 3&quot;" class="SchenkeIo\LaravelSheetBase\Tests\Feature\Elements\ColumnTypeTest" classname="SchenkeIo.LaravelSheetBase.Tests.Feature.Elements.ColumnTypeTest" assertions="1" time="0.016473"/>
          <testcase name="Format with data set &quot;language 4&quot;" file="Column Type (SchenkeIo\LaravelSheetBase\Tests\Feature\Elements\ColumnType)::Format with data set &quot;language 4&quot;" class="SchenkeIo\LaravelSheetBase\Tests\Feature\Elements\ColumnTypeTest" classname="SchenkeIo.LaravelSheetBase.Tests.Feature.Elements.ColumnTypeTest" assertions="1" time="0.016527"/>
          <testcase name="Format with data set &quot;data-time 1&quot;" file="Column Type (SchenkeIo\LaravelSheetBase\Tests\Feature\Elements\ColumnType)::Format with data set &quot;data-time 1&quot;" class="SchenkeIo\LaravelSheetBase\Tests\Feature\Elements\ColumnTypeTest" classname="SchenkeIo.LaravelSheetBase.Tests.Feature.Elements.ColumnTypeTest" assertions="1" time="0.016696"/>
          <testcase name="Format with data set &quot;data-time 2&quot;" file="Column Type (SchenkeIo\LaravelSheetBase\Tests\Feature\Elements\ColumnType)::Format with data set &quot;data-time 2&quot;" class="SchenkeIo\LaravelSheetBase\Tests\Feature\Elements\ColumnTypeTest" classname="SchenkeIo.LaravelSheetBase.Tests.Feature.Elements.ColumnTypeTest" assertions="1" time="0.016880"/>
          <testcase name="Format with data set &quot;data-time 3&quot;" file="Column Type (SchenkeIo\LaravelSheetBase\Tests\Feature\Elements\ColumnType)::Format with data set &quot;data-time 3&quot;" class="SchenkeIo\LaravelSheetBase\Tests\Feature\Elements\ColumnTypeTest" classname="SchenkeIo.LaravelSheetBase.Tests.Feature.Elements.ColumnTypeTest" assertions="1" time="0.016969"/>
          <testcase name="Format with data set &quot;data-time 4&quot;" file="Column Type (SchenkeIo\LaravelSheetBase\Tests\Feature\Elements\ColumnType)::Format with data set &quot;data-time 4&quot;" class="SchenkeIo\LaravelSheetBase\Tests\Feature\Elements\ColumnTypeTest" classname="SchenkeIo.LaravelSheetBase.Tests.Feature.Elements.ColumnTypeTest" assertions="1" time="0.017193"/>
          <testcase name="Format with data set &quot;data-time 5&quot;" file="Column Type (SchenkeIo\LaravelSheetBase\Tests\Feature\Elements\ColumnType)::Format with data set &quot;data-time 5&quot;" class="SchenkeIo\LaravelSheetBase\Tests\Feature\Elements\ColumnTypeTest" classname="SchenkeIo.LaravelSheetBase.Tests.Feature.Elements.ColumnTypeTest" assertions="1" time="0.018013"/>
        </testsuite>
      </testsuite>
      <testsuite name="SchenkeIo\LaravelSheetBase\Tests\Feature\Elements\PipelineDataFilterSyncTest" file="Pipeline Data Filter Sync (SchenkeIo\LaravelSheetBase\Tests\Feature\Elements\PipelineDataFilterSync)" tests="1" assertions="1" errors="0" failures="0" skipped="0" time="0.066011">
        <testcase name="New from type" file="Pipeline Data Filter Sync (SchenkeIo\LaravelSheetBase\Tests\Feature\Elements\PipelineDataFilterSync)::New from type" class="SchenkeIo\LaravelSheetBase\Tests\Feature\Elements\PipelineDataFilterSyncTest" classname="SchenkeIo.LaravelSheetBase.Tests.Feature.Elements.PipelineDataFilterSyncTest" assertions="1" time="0.066011"/>
      </testsuite>
      <testsuite name="SchenkeIo\LaravelSheetBase\Tests\Feature\Elements\PipelineDataTest" file="Pipeline Data (SchenkeIo\LaravelSheetBase\Tests\Feature\Elements\PipelineData)" tests="8" assertions="18" errors="0" failures="0" skipped="0" time="0.012474">
        <testcase name="Overwrite of pipeline data" file="Pipeline Data (SchenkeIo\LaravelSheetBase\Tests\Feature\Elements\PipelineData)::Overwrite of pipeline data" class="SchenkeIo\LaravelSheetBase\Tests\Feature\Elements\PipelineDataTest" classname="SchenkeIo.LaravelSheetBase.Tests.Feature.Elements.PipelineDataTest" assertions="4" time="0.001863"/>
        <testcase name="Overwrite only some columns" file="Pipeline Data (SchenkeIo\LaravelSheetBase\Tests\Feature\Elements\PipelineData)::Overwrite only some columns" class="SchenkeIo\LaravelSheetBase\Tests\Feature\Elements\PipelineDataTest" classname="SchenkeIo.LaravelSheetBase.Tests.Feature.Elements.PipelineDataTest" assertions="2" time="0.000669"/>
        <testcase name="From array" file="Pipeline Data (SchenkeIo\LaravelSheetBase\Tests\Feature\Elements\PipelineData)::From array" class="SchenkeIo\LaravelSheetBase\Tests\Feature\Elements\PipelineDataTest" classname="SchenkeIo.LaravelSheetBase.Tests.Feature.Elements.PipelineDataTest" assertions="2" time="0.000604"/>
        <testcase name="Add row empty id exception" file="Pipeline Data (SchenkeIo\LaravelSheetBase\Tests\Feature\Elements\PipelineData)::Add row empty id exception" class="SchenkeIo\LaravelSheetBase\Tests\Feature\Elements\PipelineDataTest" classname="SchenkeIo.LaravelSheetBase.Tests.Feature.Elements.PipelineDataTest" assertions="3" time="0.000844"/>
        <testcase name="Add row tree" file="Pipeline Data (SchenkeIo\LaravelSheetBase\Tests\Feature\Elements\PipelineData)::Add row tree" class="SchenkeIo\LaravelSheetBase\Tests\Feature\Elements\PipelineDataTest" classname="SchenkeIo.LaravelSheetBase.Tests.Feature.Elements.PipelineDataTest" assertions="1" time="0.000784"/>
        <testcase name="Overwrite tree" file="Pipeline Data (SchenkeIo\LaravelSheetBase\Tests\Feature\Elements\PipelineData)::Overwrite tree" class="SchenkeIo\LaravelSheetBase\Tests\Feature\Elements\PipelineDataTest" classname="SchenkeIo.LaravelSheetBase.Tests.Feature.Elements.PipelineDataTest" assertions="2" time="0.000638"/>
        <testcase name="New from type" file="Pipeline Data (SchenkeIo\LaravelSheetBase\Tests\Feature\Elements\PipelineData)::New from type" class="SchenkeIo\LaravelSheetBase\Tests\Feature\Elements\PipelineDataTest" classname="SchenkeIo.LaravelSheetBase.Tests.Feature.Elements.PipelineDataTest" assertions="1" time="0.000617"/>
        <testcase name="Filter keys off" file="Pipeline Data (SchenkeIo\LaravelSheetBase\Tests\Feature\Elements\PipelineData)::Filter keys off" class="SchenkeIo\LaravelSheetBase\Tests\Feature\Elements\PipelineDataTest" classname="SchenkeIo.LaravelSheetBase.Tests.Feature.Elements.PipelineDataTest" assertions="3" time="0.006454"/>
      </testsuite>
      <testsuite name="SchenkeIo\LaravelSheetBase\Tests\Feature\Elements\PipelineSyncTest" file="Pipeline Sync (SchenkeIo\LaravelSheetBase\Tests\Feature\Elements\PipelineSync)" tests="2" assertions="4" errors="0" failures="0" skipped="0" time="0.027908">
        <testcase name="It can sync" file="Pipeline Sync (SchenkeIo\LaravelSheetBase\Tests\Feature\Elements\PipelineSync)::It can sync" class="SchenkeIo\LaravelSheetBase\Tests\Feature\Elements\PipelineSyncTest" classname="SchenkeIo.LaravelSheetBase.Tests.Feature.Elements.PipelineSyncTest" assertions="3" time="0.017263"/>
        <testcase name="Defect keys in config" file="Pipeline Sync (SchenkeIo\LaravelSheetBase\Tests\Feature\Elements\PipelineSync)::Defect keys in config" class="SchenkeIo\LaravelSheetBase\Tests\Feature\Elements\PipelineSyncTest" classname="SchenkeIo.LaravelSheetBase.Tests.Feature.Elements.PipelineSyncTest" assertions="1" time="0.010645"/>
      </testsuite>
      <testsuite name="SchenkeIo\LaravelSheetBase\Tests\Feature\Elements\PipelineTest" file="Pipeline (SchenkeIo\LaravelSheetBase\Tests\Feature\Elements\Pipeline)" tests="20" assertions="27" errors="0" failures="0" skipped="0" time="0.225138">
        <testsuite name="Can make from config" tests="19" assertions="26" errors="0" failures="0" skipped="0" time="0.212816">
          <testcase name="Can make from config with data set &quot;correct&quot;" file="Pipeline (SchenkeIo\LaravelSheetBase\Tests\Feature\Elements\Pipeline)::Can make from config with data set &quot;correct&quot;" class="SchenkeIo\LaravelSheetBase\Tests\Feature\Elements\PipelineTest" classname="SchenkeIo.LaravelSheetBase.Tests.Feature.Elements.PipelineTest" assertions="0" time="0.012281"/>
          <testcase name="Can make from config with data set &quot;from files&quot;" file="Pipeline (SchenkeIo\LaravelSheetBase\Tests\Feature\Elements\Pipeline)::Can make from config with data set &quot;from files&quot;" class="SchenkeIo\LaravelSheetBase\Tests\Feature\Elements\PipelineTest" classname="SchenkeIo.LaravelSheetBase.Tests.Feature.Elements.PipelineTest" assertions="0" time="0.010415"/>
          <testcase name="Can make from config with data set &quot;sources not as array&quot;" file="Pipeline (SchenkeIo\LaravelSheetBase\Tests\Feature\Elements\Pipeline)::Can make from config with data set &quot;sources not as array&quot;" class="SchenkeIo\LaravelSheetBase\Tests\Feature\Elements\PipelineTest" classname="SchenkeIo.LaravelSheetBase.Tests.Feature.Elements.PipelineTest" assertions="2" time="0.010392"/>
          <testcase name="Can make from config with data set &quot;wrong target class&quot;" file="Pipeline (SchenkeIo\LaravelSheetBase\Tests\Feature\Elements\Pipeline)::Can make from config with data set &quot;wrong target class&quot;" class="SchenkeIo\LaravelSheetBase\Tests\Feature\Elements\PipelineTest" classname="SchenkeIo.LaravelSheetBase.Tests.Feature.Elements.PipelineTest" assertions="2" time="0.010402"/>
          <testcase name="Can make from config with data set &quot;no class name and invalid target file&quot;" file="Pipeline (SchenkeIo\LaravelSheetBase\Tests\Feature\Elements\Pipeline)::Can make from config with data set &quot;no class name and invalid target file&quot;" class="SchenkeIo\LaravelSheetBase\Tests\Feature\Elements\PipelineTest" classname="SchenkeIo.LaravelSheetBase.Tests.Feature.Elements.PipelineTest" assertions="1" time="0.010447"/>
          <testcase name="Can make from config with data set &quot;target is just a file name&quot;" file="Pipeline (SchenkeIo\LaravelSheetBase\Tests\Feature\Elements\Pipeline)::Can make from config with data set &quot;target is just a file name&quot;" class="SchenkeIo\LaravelSheetBase\Tests\Feature\Elements\PipelineTest" classname="SchenkeIo.LaravelSheetBase.Tests.Feature.Elements.PipelineTest" assertions="0" time="0.010421"/>
          <testcase name="Can make from config with data set &quot;wrong schema class&quot;" file="Pipeline (SchenkeIo\LaravelSheetBase\Tests\Feature\Elements\Pipeline)::Can make from config with data set &quot;wrong schema class&quot;" class="SchenkeIo\LaravelSheetBase\Tests\Feature\Elements\PipelineTest" classname="SchenkeIo.LaravelSheetBase.Tests.Feature.Elements.PipelineTest" assertions="2" time="0.010899"/>
          <testcase name="Can make from config with data set &quot;schema class not exists&quot;" file="Pipeline (SchenkeIo\LaravelSheetBase\Tests\Feature\Elements\Pipeline)::Can make from config with data set &quot;schema class not exists&quot;" class="SchenkeIo\LaravelSheetBase\Tests\Feature\Elements\PipelineTest" classname="SchenkeIo.LaravelSheetBase.Tests.Feature.Elements.PipelineTest" assertions="2" time="0.010748"/>
          <testcase name="Can make from config with data set &quot;empty source&quot;" file="Pipeline (SchenkeIo\LaravelSheetBase\Tests\Feature\Elements\Pipeline)::Can make from config with data set &quot;empty source&quot;" class="SchenkeIo\LaravelSheetBase\Tests\Feature\Elements\PipelineTest" classname="SchenkeIo.LaravelSheetBase.Tests.Feature.Elements.PipelineTest" assertions="2" time="0.010719"/>
          <testcase name="Can make from config with data set &quot;no class name and invalid source file&quot;" file="Pipeline (SchenkeIo\LaravelSheetBase\Tests\Feature\Elements\Pipeline)::Can make from config with data set &quot;no class name and invalid source file&quot;" class="SchenkeIo\LaravelSheetBase\Tests\Feature\Elements\PipelineTest" classname="SchenkeIo.LaravelSheetBase.Tests.Feature.Elements.PipelineTest" assertions="1" time="0.010902"/>
          <testcase name="Can make from config with data set &quot;wrong source&quot;" file="Pipeline (SchenkeIo\LaravelSheetBase\Tests\Feature\Elements\Pipeline)::Can make from config with data set &quot;wrong source&quot;" class="SchenkeIo\LaravelSheetBase\Tests\Feature\Elements\PipelineTest" classname="SchenkeIo.LaravelSheetBase.Tests.Feature.Elements.PipelineTest" assertions="2" time="0.010913"/>
          <testcase name="Can make from config with data set &quot;empty target&quot;" file="Pipeline (SchenkeIo\LaravelSheetBase\Tests\Feature\Elements\Pipeline)::Can make from config with data set &quot;empty target&quot;" class="SchenkeIo\LaravelSheetBase\Tests\Feature\Elements\PipelineTest" classname="SchenkeIo.LaravelSheetBase.Tests.Feature.Elements.PipelineTest" assertions="2" time="0.011578"/>
          <testcase name="Can make from config with data set &quot;filter is writer class&quot;" file="Pipeline (SchenkeIo\LaravelSheetBase\Tests\Feature\Elements\Pipeline)::Can make from config with data set &quot;filter is writer class&quot;" class="SchenkeIo\LaravelSheetBase\Tests\Feature\Elements\PipelineTest" classname="SchenkeIo.LaravelSheetBase.Tests.Feature.Elements.PipelineTest" assertions="2" time="0.011464"/>
          <testcase name="Can make from config with data set &quot;sync impossible with two sources&quot;" file="Pipeline (SchenkeIo\LaravelSheetBase\Tests\Feature\Elements\Pipeline)::Can make from config with data set &quot;sync impossible with two sources&quot;" class="SchenkeIo\LaravelSheetBase\Tests\Feature\Elements\PipelineTest" classname="SchenkeIo.LaravelSheetBase.Tests.Feature.Elements.PipelineTest" assertions="2" time="0.012163"/>
          <testcase name="Can make from config with data set &quot;sync requires Google sheet source&quot;" file="Pipeline (SchenkeIo\LaravelSheetBase\Tests\Feature\Elements\Pipeline)::Can make from config with data set &quot;sync requires Google sheet source&quot;" class="SchenkeIo\LaravelSheetBase\Tests\Feature\Elements\PipelineTest" classname="SchenkeIo.LaravelSheetBase.Tests.Feature.Elements.PipelineTest" assertions="2" time="0.011549"/>
          <testcase name="Can make from config with data set &quot;sync impossible with non language target&quot;" file="Pipeline (SchenkeIo\LaravelSheetBase\Tests\Feature\Elements\Pipeline)::Can make from config with data set &quot;sync impossible with non language target&quot;" class="SchenkeIo\LaravelSheetBase\Tests\Feature\Elements\PipelineTest" classname="SchenkeIo.LaravelSheetBase.Tests.Feature.Elements.PipelineTest" assertions="2" time="0.011911"/>
          <testcase name="Can make from config with data set &quot;sync impossible without filter&quot;" file="Pipeline (SchenkeIo\LaravelSheetBase\Tests\Feature\Elements\Pipeline)::Can make from config with data set &quot;sync impossible without filter&quot;" class="SchenkeIo\LaravelSheetBase\Tests\Feature\Elements\PipelineTest" classname="SchenkeIo.LaravelSheetBase.Tests.Feature.Elements.PipelineTest" assertions="2" time="0.011983"/>
          <testcase name="Can make from config with data set &quot;working filter&quot;" file="Pipeline (SchenkeIo\LaravelSheetBase\Tests\Feature\Elements\Pipeline)::Can make from config with data set &quot;working filter&quot;" class="SchenkeIo\LaravelSheetBase\Tests\Feature\Elements\PipelineTest" classname="SchenkeIo.LaravelSheetBase.Tests.Feature.Elements.PipelineTest" assertions="0" time="0.011617"/>
          <testcase name="Can make from config with data set &quot;working filter file&quot;" file="Pipeline (SchenkeIo\LaravelSheetBase\Tests\Feature\Elements\Pipeline)::Can make from config with data set &quot;working filter file&quot;" class="SchenkeIo\LaravelSheetBase\Tests\Feature\Elements\PipelineTest" classname="SchenkeIo.LaravelSheetBase.Tests.Feature.Elements.PipelineTest" assertions="0" time="0.012011"/>
        </testsuite>
        <testcase name="Pump" file="Pipeline (SchenkeIo\LaravelSheetBase\Tests\Feature\Elements\Pipeline)::Pump" class="SchenkeIo\LaravelSheetBase\Tests\Feature\Elements\PipelineTest" classname="SchenkeIo.LaravelSheetBase.Tests.Feature.Elements.PipelineTest" assertions="1" time="0.012323"/>
      </testsuite>
      <testsuite name="SchenkeIo\LaravelSheetBase\Tests\Feature\Elements\PipelineTypeTest" file="Pipeline Type (SchenkeIo\LaravelSheetBase\Tests\Feature\Elements\PipelineType)" tests="1" assertions="1" errors="0" failures="0" skipped="0" time="0.026894">
        <testcase name="Nix" file="Pipeline Type (SchenkeIo\LaravelSheetBase\Tests\Feature\Elements\PipelineType)::Nix" class="SchenkeIo\LaravelSheetBase\Tests\Feature\Elements\PipelineTypeTest" classname="SchenkeIo.LaravelSheetBase.Tests.Feature.Elements.PipelineTypeTest" assertions="1" time="0.026894"/>
      </testsuite>
      <testsuite name="SchenkeIo\LaravelSheetBase\Tests\Feature\Elements\SheetBaseConfigTest" file="Sheet Base Config (SchenkeIo\LaravelSheetBase\Tests\Feature\Elements\SheetBaseConfig)" tests="7" assertions="12" errors="0" failures="0" skipped="0" time="0.076502">
        <testsuite name="Config syntax" tests="7" assertions="12" errors="0" failures="0" skipped="0" time="0.076502">
          <testcase name="Config syntax with data set &quot;no error&quot;" file="Sheet Base Config (SchenkeIo\LaravelSheetBase\Tests\Feature\Elements\SheetBaseConfig)::Config syntax with data set &quot;no error&quot;" class="SchenkeIo\LaravelSheetBase\Tests\Feature\Elements\SheetBaseConfigTest" classname="SchenkeIo.LaravelSheetBase.Tests.Feature.Elements.SheetBaseConfigTest" assertions="0" time="0.011779"/>
          <testcase name="Config syntax with data set &quot;no array in sources&quot;" file="Sheet Base Config (SchenkeIo\LaravelSheetBase\Tests\Feature\Elements\SheetBaseConfig)::Config syntax with data set &quot;no array in sources&quot;" class="SchenkeIo\LaravelSheetBase\Tests\Feature\Elements\SheetBaseConfigTest" classname="SchenkeIo.LaravelSheetBase.Tests.Feature.Elements.SheetBaseConfigTest" assertions="2" time="0.010277"/>
          <testcase name="Config syntax with data set &quot;wrong schema class&quot;" file="Sheet Base Config (SchenkeIo\LaravelSheetBase\Tests\Feature\Elements\SheetBaseConfig)::Config syntax with data set &quot;wrong schema class&quot;" class="SchenkeIo\LaravelSheetBase\Tests\Feature\Elements\SheetBaseConfigTest" classname="SchenkeIo.LaravelSheetBase.Tests.Feature.Elements.SheetBaseConfigTest" assertions="2" time="0.010721"/>
          <testcase name="Config syntax with data set &quot;wrong source class&quot;" file="Sheet Base Config (SchenkeIo\LaravelSheetBase\Tests\Feature\Elements\SheetBaseConfig)::Config syntax with data set &quot;wrong source class&quot;" class="SchenkeIo\LaravelSheetBase\Tests\Feature\Elements\SheetBaseConfigTest" classname="SchenkeIo.LaravelSheetBase.Tests.Feature.Elements.SheetBaseConfigTest" assertions="2" time="0.010618"/>
          <testcase name="Config syntax with data set &quot;wrong target class&quot;" file="Sheet Base Config (SchenkeIo\LaravelSheetBase\Tests\Feature\Elements\SheetBaseConfig)::Config syntax with data set &quot;wrong target class&quot;" class="SchenkeIo\LaravelSheetBase\Tests\Feature\Elements\SheetBaseConfigTest" classname="SchenkeIo.LaravelSheetBase.Tests.Feature.Elements.SheetBaseConfigTest" assertions="2" time="0.011059"/>
          <testcase name="Config syntax with data set &quot;multiple use of same target&quot;" file="Sheet Base Config (SchenkeIo\LaravelSheetBase\Tests\Feature\Elements\SheetBaseConfig)::Config syntax with data set &quot;multiple use of same target&quot;" class="SchenkeIo\LaravelSheetBase\Tests\Feature\Elements\SheetBaseConfigTest" classname="SchenkeIo.LaravelSheetBase.Tests.Feature.Elements.SheetBaseConfigTest" assertions="2" time="0.011057"/>
          <testcase name="Config syntax with data set &quot;multiple use of language&quot;" file="Sheet Base Config (SchenkeIo\LaravelSheetBase\Tests\Feature\Elements\SheetBaseConfig)::Config syntax with data set &quot;multiple use of language&quot;" class="SchenkeIo\LaravelSheetBase\Tests\Feature\Elements\SheetBaseConfigTest" classname="SchenkeIo.LaravelSheetBase.Tests.Feature.Elements.SheetBaseConfigTest" assertions="2" time="0.010991"/>
        </testsuite>
      </testsuite>
      <testsuite name="SchenkeIo\LaravelSheetBase\Tests\Feature\Elements\SheetBaseSchemaTest" file="Sheet Base Schema (SchenkeIo\LaravelSheetBase\Tests\Feature\Elements\SheetBaseSchema)" tests="26" assertions="21" errors="0" failures="0" skipped="0" time="0.020771">
        <testsuite name="Schemas" tests="15" assertions="19" errors="0" failures="0" skipped="0" time="0.015866">
          <testcase name="Schemas with data set &quot;correct&quot;" file="Sheet Base Schema (SchenkeIo\LaravelSheetBase\Tests\Feature\Elements\SheetBaseSchema)::Schemas with data set &quot;correct&quot;" class="SchenkeIo\LaravelSheetBase\Tests\Feature\Elements\SheetBaseSchemaTest" classname="SchenkeIo.LaravelSheetBase.Tests.Feature.Elements.SheetBaseSchemaTest" assertions="1" time="0.006742"/>
          <testcase name="Schemas with data set &quot;no id 1&quot;" file="Sheet Base Schema (SchenkeIo\LaravelSheetBase\Tests\Feature\Elements\SheetBaseSchema)::Schemas with data set &quot;no id 1&quot;" class="SchenkeIo\LaravelSheetBase\Tests\Feature\Elements\SheetBaseSchemaTest" classname="SchenkeIo.LaravelSheetBase.Tests.Feature.Elements.SheetBaseSchemaTest" assertions="1" time="0.000510"/>
          <testcase name="Schemas with data set &quot;no id 2&quot;" file="Sheet Base Schema (SchenkeIo\LaravelSheetBase\Tests\Feature\Elements\SheetBaseSchema)::Schemas with data set &quot;no id 2&quot;" class="SchenkeIo\LaravelSheetBase\Tests\Feature\Elements\SheetBaseSchemaTest" classname="SchenkeIo.LaravelSheetBase.Tests.Feature.Elements.SheetBaseSchemaTest" assertions="1" time="0.000699"/>
          <testcase name="Schemas with data set &quot;only id&quot;" file="Sheet Base Schema (SchenkeIo\LaravelSheetBase\Tests\Feature\Elements\SheetBaseSchema)::Schemas with data set &quot;only id&quot;" class="SchenkeIo\LaravelSheetBase\Tests\Feature\Elements\SheetBaseSchemaTest" classname="SchenkeIo.LaravelSheetBase.Tests.Feature.Elements.SheetBaseSchemaTest" assertions="1" time="0.000490"/>
          <testcase name="Schemas with data set &quot;id not first&quot;" file="Sheet Base Schema (SchenkeIo\LaravelSheetBase\Tests\Feature\Elements\SheetBaseSchema)::Schemas with data set &quot;id not first&quot;" class="SchenkeIo\LaravelSheetBase\Tests\Feature\Elements\SheetBaseSchemaTest" classname="SchenkeIo.LaravelSheetBase.Tests.Feature.Elements.SheetBaseSchemaTest" assertions="1" time="0.000792"/>
          <testcase name="Schemas with data set &quot;no column&quot;" file="Sheet Base Schema (SchenkeIo\LaravelSheetBase\Tests\Feature\Elements\SheetBaseSchema)::Schemas with data set &quot;no column&quot;" class="SchenkeIo\LaravelSheetBase\Tests\Feature\Elements\SheetBaseSchemaTest" classname="SchenkeIo.LaravelSheetBase.Tests.Feature.Elements.SheetBaseSchemaTest" assertions="2" time="0.000613"/>
          <testcase name="Schemas with data set &quot;two id 1&quot;" file="Sheet Base Schema (SchenkeIo\LaravelSheetBase\Tests\Feature\Elements\SheetBaseSchema)::Schemas with data set &quot;two id 1&quot;" class="SchenkeIo\LaravelSheetBase\Tests\Feature\Elements\SheetBaseSchemaTest" classname="SchenkeIo.LaravelSheetBase.Tests.Feature.Elements.SheetBaseSchemaTest" assertions="1" time="0.000694"/>
          <testcase name="Schemas with data set &quot;two id 2&quot;" file="Sheet Base Schema (SchenkeIo\LaravelSheetBase\Tests\Feature\Elements\SheetBaseSchema)::Schemas with data set &quot;two id 2&quot;" class="SchenkeIo\LaravelSheetBase\Tests\Feature\Elements\SheetBaseSchemaTest" classname="SchenkeIo.LaravelSheetBase.Tests.Feature.Elements.SheetBaseSchemaTest" assertions="1" time="0.000691"/>
          <testcase name="Schemas with data set &quot;2 same names&quot;" file="Sheet Base Schema (SchenkeIo\LaravelSheetBase\Tests\Feature\Elements\SheetBaseSchema)::Schemas with data set &quot;2 same names&quot;" class="SchenkeIo\LaravelSheetBase\Tests\Feature\Elements\SheetBaseSchemaTest" classname="SchenkeIo.LaravelSheetBase.Tests.Feature.Elements.SheetBaseSchemaTest" assertions="1" time="0.000694"/>
          <testcase name="Schemas with data set &quot;2 columns no id&quot;" file="Sheet Base Schema (SchenkeIo\LaravelSheetBase\Tests\Feature\Elements\SheetBaseSchema)::Schemas with data set &quot;2 columns no id&quot;" class="SchenkeIo\LaravelSheetBase\Tests\Feature\Elements\SheetBaseSchemaTest" classname="SchenkeIo.LaravelSheetBase.Tests.Feature.Elements.SheetBaseSchemaTest" assertions="2" time="0.000677"/>
          <testcase name="Schemas with data set &quot;wrong language column name&quot;" file="Sheet Base Schema (SchenkeIo\LaravelSheetBase\Tests\Feature\Elements\SheetBaseSchema)::Schemas with data set &quot;wrong language column name&quot;" class="SchenkeIo\LaravelSheetBase\Tests\Feature\Elements\SheetBaseSchemaTest" classname="SchenkeIo.LaravelSheetBase.Tests.Feature.Elements.SheetBaseSchemaTest" assertions="1" time="0.000679"/>
          <testcase name="Schemas with data set &quot;empty column name&quot;" file="Sheet Base Schema (SchenkeIo\LaravelSheetBase\Tests\Feature\Elements\SheetBaseSchema)::Schemas with data set &quot;empty column name&quot;" class="SchenkeIo\LaravelSheetBase\Tests\Feature\Elements\SheetBaseSchemaTest" classname="SchenkeIo.LaravelSheetBase.Tests.Feature.Elements.SheetBaseSchemaTest" assertions="1" time="0.000678"/>
          <testcase name="Schemas with data set &quot;valid lang tree&quot;" file="Sheet Base Schema (SchenkeIo\LaravelSheetBase\Tests\Feature\Elements\SheetBaseSchema)::Schemas with data set &quot;valid lang tree&quot;" class="SchenkeIo\LaravelSheetBase\Tests\Feature\Elements\SheetBaseSchemaTest" classname="SchenkeIo.LaravelSheetBase.Tests.Feature.Elements.SheetBaseSchemaTest" assertions="1" time="0.000529"/>
          <testcase name="Schemas with data set &quot;lang tree not only language&quot;" file="Sheet Base Schema (SchenkeIo\LaravelSheetBase\Tests\Feature\Elements\SheetBaseSchema)::Schemas with data set &quot;lang tree not only language&quot;" class="SchenkeIo\LaravelSheetBase\Tests\Feature\Elements\SheetBaseSchemaTest" classname="SchenkeIo.LaravelSheetBase.Tests.Feature.Elements.SheetBaseSchemaTest" assertions="2" time="0.000701"/>
          <testcase name="Schemas with data set &quot;lang tree language but no dot&quot;" file="Sheet Base Schema (SchenkeIo\LaravelSheetBase\Tests\Feature\Elements\SheetBaseSchema)::Schemas with data set &quot;lang tree language but no dot&quot;" class="SchenkeIo\LaravelSheetBase\Tests\Feature\Elements\SheetBaseSchemaTest" classname="SchenkeIo.LaravelSheetBase.Tests.Feature.Elements.SheetBaseSchemaTest" assertions="2" time="0.000675"/>
        </testsuite>
        <testcase name="Get functions" file="Sheet Base Schema (SchenkeIo\LaravelSheetBase\Tests\Feature\Elements\SheetBaseSchema)::Get functions" class="SchenkeIo\LaravelSheetBase\Tests\Feature\Elements\SheetBaseSchemaTest" classname="SchenkeIo.LaravelSheetBase.Tests.Feature.Elements.SheetBaseSchemaTest" assertions="2" time="0.000445"/>
        <testsuite name="Add column non language or closure without exception" tests="7" assertions="0" errors="0" failures="0" skipped="0" time="0.003273">
          <testcase name="Add column non language or closure without exception with data set &quot;String&quot;" file="Sheet Base Schema (SchenkeIo\LaravelSheetBase\Tests\Feature\Elements\SheetBaseSchema)::Add column non language or closure without exception with data set &quot;String&quot;" class="SchenkeIo\LaravelSheetBase\Tests\Feature\Elements\SheetBaseSchemaTest" classname="SchenkeIo.LaravelSheetBase.Tests.Feature.Elements.SheetBaseSchemaTest" assertions="0" time="0.000464"/>
          <testcase name="Add column non language or closure without exception with data set &quot;NullString&quot;" file="Sheet Base Schema (SchenkeIo\LaravelSheetBase\Tests\Feature\Elements\SheetBaseSchema)::Add column non language or closure without exception with data set &quot;NullString&quot;" class="SchenkeIo\LaravelSheetBase\Tests\Feature\Elements\SheetBaseSchemaTest" classname="SchenkeIo.LaravelSheetBase.Tests.Feature.Elements.SheetBaseSchemaTest" assertions="0" time="0.000465"/>
          <testcase name="Add column non language or closure without exception with data set &quot;Unsigned&quot;" file="Sheet Base Schema (SchenkeIo\LaravelSheetBase\Tests\Feature\Elements\SheetBaseSchema)::Add column non language or closure without exception with data set &quot;Unsigned&quot;" class="SchenkeIo\LaravelSheetBase\Tests\Feature\Elements\SheetBaseSchemaTest" classname="SchenkeIo.LaravelSheetBase.Tests.Feature.Elements.SheetBaseSchemaTest" assertions="0" time="0.000470"/>
          <testcase name="Add column non language or closure without exception with data set &quot;UnsignedNotNull&quot;" file="Sheet Base Schema (SchenkeIo\LaravelSheetBase\Tests\Feature\Elements\SheetBaseSchema)::Add column non language or closure without exception with data set &quot;UnsignedNotNull&quot;" class="SchenkeIo\LaravelSheetBase\Tests\Feature\Elements\SheetBaseSchemaTest" classname="SchenkeIo.LaravelSheetBase.Tests.Feature.Elements.SheetBaseSchemaTest" assertions="0" time="0.000447"/>
          <testcase name="Add column non language or closure without exception with data set &quot;Float&quot;" file="Sheet Base Schema (SchenkeIo\LaravelSheetBase\Tests\Feature\Elements\SheetBaseSchema)::Add column non language or closure without exception with data set &quot;Float&quot;" class="SchenkeIo\LaravelSheetBase\Tests\Feature\Elements\SheetBaseSchemaTest" classname="SchenkeIo.LaravelSheetBase.Tests.Feature.Elements.SheetBaseSchemaTest" assertions="0" time="0.000454"/>
          <testcase name="Add column non language or closure without exception with data set &quot;Boolean&quot;" file="Sheet Base Schema (SchenkeIo\LaravelSheetBase\Tests\Feature\Elements\SheetBaseSchema)::Add column non language or closure without exception with data set &quot;Boolean&quot;" class="SchenkeIo\LaravelSheetBase\Tests\Feature\Elements\SheetBaseSchemaTest" classname="SchenkeIo.LaravelSheetBase.Tests.Feature.Elements.SheetBaseSchemaTest" assertions="0" time="0.000479"/>
          <testcase name="Add column non language or closure without exception with data set &quot;DateTime&quot;" file="Sheet Base Schema (SchenkeIo\LaravelSheetBase\Tests\Feature\Elements\SheetBaseSchema)::Add column non language or closure without exception with data set &quot;DateTime&quot;" class="SchenkeIo\LaravelSheetBase\Tests\Feature\Elements\SheetBaseSchemaTest" classname="SchenkeIo.LaravelSheetBase.Tests.Feature.Elements.SheetBaseSchemaTest" assertions="0" time="0.000493"/>
        </testsuite>
        <testcase name="Add column language" file="Sheet Base Schema (SchenkeIo\LaravelSheetBase\Tests\Feature\Elements\SheetBaseSchema)::Add column language" class="SchenkeIo\LaravelSheetBase\Tests\Feature\Elements\SheetBaseSchemaTest" classname="SchenkeIo.LaravelSheetBase.Tests.Feature.Elements.SheetBaseSchemaTest" assertions="0" time="0.000422"/>
        <testcase name="Add column closure null" file="Sheet Base Schema (SchenkeIo\LaravelSheetBase\Tests\Feature\Elements\SheetBaseSchema)::Add column closure null" class="SchenkeIo\LaravelSheetBase\Tests\Feature\Elements\SheetBaseSchemaTest" classname="SchenkeIo.LaravelSheetBase.Tests.Feature.Elements.SheetBaseSchemaTest" assertions="0" time="0.000389"/>
        <testcase name="Add column closure" file="Sheet Base Schema (SchenkeIo\LaravelSheetBase\Tests\Feature\Elements\SheetBaseSchema)::Add column closure" class="SchenkeIo\LaravelSheetBase\Tests\Feature\Elements\SheetBaseSchemaTest" classname="SchenkeIo.LaravelSheetBase.Tests.Feature.Elements.SheetBaseSchemaTest" assertions="0" time="0.000378"/>
      </testsuite>
      <testsuite name="SchenkeIo\LaravelSheetBase\Tests\Feature\EndpointBases\DataReaderTest" file="Data Reader (SchenkeIo\LaravelSheetBase\Tests\Feature\EndpointBases\DataReader)" tests="1" assertions="2" errors="0" failures="0" skipped="0" time="0.024001">
        <testcase name="Can fill pipeline" file="Data Reader (SchenkeIo\LaravelSheetBase\Tests\Feature\EndpointBases\DataReader)::Can fill pipeline" class="SchenkeIo\LaravelSheetBase\Tests\Feature\EndpointBases\DataReaderTest" classname="SchenkeIo.LaravelSheetBase.Tests.Feature.EndpointBases.DataReaderTest" assertions="2" time="0.024001"/>
      </testsuite>
      <testsuite name="Tests\Feature\EndpointBases\EndpointBasesArchitectureTest" file="tests/Feature/EndpointBases/EndpointBasesArchitectureTest.php" tests="2" assertions="2" errors="0" failures="0" skipped="0" time="0.025936">
        <testcase name="all EndpointBases are abstract" file="tests/Feature/EndpointBases/EndpointBasesArchitectureTest.php::all EndpointBases are abstract" class="Tests\Feature\EndpointBases\EndpointBasesArchitectureTest" classname="Tests.Feature.EndpointBases.EndpointBasesArchitectureTest" assertions="1" time="0.013720"/>
        <testcase name="all EndpointBases have IsEndpoint interface" file="tests/Feature/EndpointBases/EndpointBasesArchitectureTest.php::all EndpointBases have IsEndpoint interface" class="Tests\Feature\EndpointBases\EndpointBasesArchitectureTest" classname="Tests.Feature.EndpointBases.EndpointBasesArchitectureTest" assertions="1" time="0.012216"/>
      </testsuite>
      <testsuite name="SchenkeIo\LaravelSheetBase\Tests\Feature\EndpointBases\GoogleSheetBaseTest" file="Google Sheet Base (SchenkeIo\LaravelSheetBase\Tests\Feature\EndpointBases\GoogleSheetBase)" tests="4" assertions="4" errors="0" failures="0" skipped="0" time="0.044720">
        <testcase name="Get all" file="Google Sheet Base (SchenkeIo\LaravelSheetBase\Tests\Feature\EndpointBases\GoogleSheetBase)::Get all" class="SchenkeIo\LaravelSheetBase\Tests\Feature\EndpointBases\GoogleSheetBaseTest" classname="SchenkeIo.LaravelSheetBase.Tests.Feature.EndpointBases.GoogleSheetBaseTest" assertions="1" time="0.015446"/>
        <testcase name="Spreadsheet id from config" file="Google Sheet Base (SchenkeIo\LaravelSheetBase\Tests\Feature\EndpointBases\GoogleSheetBase)::Spreadsheet id from config" class="SchenkeIo\LaravelSheetBase\Tests\Feature\EndpointBases\GoogleSheetBaseTest" classname="SchenkeIo.LaravelSheetBase.Tests.Feature.EndpointBases.GoogleSheetBaseTest" assertions="1" time="0.010028"/>
        <testcase name="Spreadsheet id error from config" file="Google Sheet Base (SchenkeIo\LaravelSheetBase\Tests\Feature\EndpointBases\GoogleSheetBase)::Spreadsheet id error from config" class="SchenkeIo\LaravelSheetBase\Tests\Feature\EndpointBases\GoogleSheetBaseTest" classname="SchenkeIo.LaravelSheetBase.Tests.Feature.EndpointBases.GoogleSheetBaseTest" assertions="1" time="0.009705"/>
        <testcase name="To string" file="Google Sheet Base (SchenkeIo\LaravelSheetBase\Tests\Feature\EndpointBases\GoogleSheetBase)::To string" class="SchenkeIo\LaravelSheetBase\Tests\Feature\EndpointBases\GoogleSheetBaseTest" classname="SchenkeIo.LaravelSheetBase.Tests.Feature.EndpointBases.GoogleSheetBaseTest" assertions="1" time="0.009541"/>
      </testsuite>
      <testsuite name="SchenkeIo\LaravelSheetBase\Tests\Feature\EndpointBases\StorageBaseTest" file="Storage Base (SchenkeIo\LaravelSheetBase\Tests\Feature\EndpointBases\StorageBase)" tests="2" assertions="2" errors="0" failures="0" skipped="0" time="0.022821">
        <testcase name="Sheet base is not defined exception" file="Storage Base (SchenkeIo\LaravelSheetBase\Tests\Feature\EndpointBases\StorageBase)::Sheet base is not defined exception" class="SchenkeIo\LaravelSheetBase\Tests\Feature\EndpointBases\StorageBaseTest" classname="SchenkeIo.LaravelSheetBase.Tests.Feature.EndpointBases.StorageBaseTest" assertions="1" time="0.013165"/>
        <testcase name="To string" file="Storage Base (SchenkeIo\LaravelSheetBase\Tests\Feature\EndpointBases\StorageBase)::To string" class="SchenkeIo\LaravelSheetBase\Tests\Feature\EndpointBases\StorageBaseTest" classname="SchenkeIo.LaravelSheetBase.Tests.Feature.EndpointBases.StorageBaseTest" assertions="1" time="0.009656"/>
      </testsuite>
      <testsuite name="SchenkeIo\LaravelSheetBase\Tests\Feature\EndpointBases\StorageFileReadExcelTest" file="Storage File Read Excel (SchenkeIo\LaravelSheetBase\Tests\Feature\EndpointBases\StorageFileReadExcel)" tests="5" assertions="5" errors="0" failures="0" skipped="0" time="0.055327">
        <testcase name="Seperator missing" file="Storage File Read Excel (SchenkeIo\LaravelSheetBase\Tests\Feature\EndpointBases\StorageFileReadExcel)::Seperator missing" class="SchenkeIo\LaravelSheetBase\Tests\Feature\EndpointBases\StorageFileReadExcelTest" classname="SchenkeIo.LaravelSheetBase.Tests.Feature.EndpointBases.StorageFileReadExcelTest" assertions="1" time="0.012964"/>
        <testcase name="Path missing" file="Storage File Read Excel (SchenkeIo\LaravelSheetBase\Tests\Feature\EndpointBases\StorageFileReadExcel)::Path missing" class="SchenkeIo\LaravelSheetBase\Tests\Feature\EndpointBases\StorageFileReadExcelTest" classname="SchenkeIo.LaravelSheetBase.Tests.Feature.EndpointBases.StorageFileReadExcelTest" assertions="1" time="0.010234"/>
        <testcase name="File not found" file="Storage File Read Excel (SchenkeIo\LaravelSheetBase\Tests\Feature\EndpointBases\StorageFileReadExcel)::File not found" class="SchenkeIo\LaravelSheetBase\Tests\Feature\EndpointBases\StorageFileReadExcelTest" classname="SchenkeIo.LaravelSheetBase.Tests.Feature.EndpointBases.StorageFileReadExcelTest" assertions="1" time="0.010124"/>
        <testcase name="All right" file="Storage File Read Excel (SchenkeIo\LaravelSheetBase\Tests\Feature\EndpointBases\StorageFileReadExcel)::All right" class="SchenkeIo\LaravelSheetBase\Tests\Feature\EndpointBases\StorageFileReadExcelTest" classname="SchenkeIo.LaravelSheetBase.Tests.Feature.EndpointBases.StorageFileReadExcelTest" assertions="1" time="0.009863"/>
        <testcase name="Multi line data" file="Storage File Read Excel (SchenkeIo\LaravelSheetBase\Tests\Feature\EndpointBases\StorageFileReadExcel)::Multi line data" class="SchenkeIo\LaravelSheetBase\Tests\Feature\EndpointBases\StorageFileReadExcelTest" classname="SchenkeIo.LaravelSheetBase.Tests.Feature.EndpointBases.StorageFileReadExcelTest" assertions="1" time="0.012142"/>
      </testsuite>
      <testsuite name="SchenkeIo\LaravelSheetBase\Tests\Feature\EndpointBases\StorageFileReaderTest" file="Storage File Reader (SchenkeIo\LaravelSheetBase\Tests\Feature\EndpointBases\StorageFileReader)" tests="2" assertions="3" errors="0" failures="0" skipped="0" time="0.025449">
        <testcase name="File not found" file="Storage File Reader (SchenkeIo\LaravelSheetBase\Tests\Feature\EndpointBases\StorageFileReader)::File not found" class="SchenkeIo\LaravelSheetBase\Tests\Feature\EndpointBases\StorageFileReaderTest" classname="SchenkeIo.LaravelSheetBase.Tests.Feature.EndpointBases.StorageFileReaderTest" assertions="1" time="0.015201"/>
        <testcase name="Storage get" file="Storage File Reader (SchenkeIo\LaravelSheetBase\Tests\Feature\EndpointBases\StorageFileReader)::Storage get" class="SchenkeIo\LaravelSheetBase\Tests\Feature\EndpointBases\StorageFileReaderTest" classname="SchenkeIo.LaravelSheetBase.Tests.Feature.EndpointBases.StorageFileReaderTest" assertions="2" time="0.010248"/>
      </testsuite>
      <testsuite name="SchenkeIo\LaravelSheetBase\Tests\Feature\EndpointBases\StorageFileTest" file="Storage File (SchenkeIo\LaravelSheetBase\Tests\Feature\EndpointBases\StorageFile)" tests="5" assertions="6" errors="0" failures="0" skipped="0" time="0.052334">
        <testcase name="Path not set" file="Storage File (SchenkeIo\LaravelSheetBase\Tests\Feature\EndpointBases\StorageFile)::Path not set" class="SchenkeIo\LaravelSheetBase\Tests\Feature\EndpointBases\StorageFileTest" classname="SchenkeIo.LaravelSheetBase.Tests.Feature.EndpointBases.StorageFileTest" assertions="1" time="0.012050"/>
        <testcase name="Extension not set" file="Storage File (SchenkeIo\LaravelSheetBase\Tests\Feature\EndpointBases\StorageFile)::Extension not set" class="SchenkeIo\LaravelSheetBase\Tests\Feature\EndpointBases\StorageFileTest" classname="SchenkeIo.LaravelSheetBase.Tests.Feature.EndpointBases.StorageFileTest" assertions="1" time="0.010035"/>
        <testcase name="Wrong extension set" file="Storage File (SchenkeIo\LaravelSheetBase\Tests\Feature\EndpointBases\StorageFile)::Wrong extension set" class="SchenkeIo\LaravelSheetBase\Tests\Feature\EndpointBases\StorageFileTest" classname="SchenkeIo.LaravelSheetBase.Tests.Feature.EndpointBases.StorageFileTest" assertions="1" time="0.010048"/>
        <testcase name="Storage exists" file="Storage File (SchenkeIo\LaravelSheetBase\Tests\Feature\EndpointBases\StorageFile)::Storage exists" class="SchenkeIo\LaravelSheetBase\Tests\Feature\EndpointBases\StorageFileTest" classname="SchenkeIo.LaravelSheetBase.Tests.Feature.EndpointBases.StorageFileTest" assertions="2" time="0.010110"/>
        <testcase name="Get storage root" file="Storage File (SchenkeIo\LaravelSheetBase\Tests\Feature\EndpointBases\StorageFile)::Get storage root" class="SchenkeIo\LaravelSheetBase\Tests\Feature\EndpointBases\StorageFileTest" classname="SchenkeIo.LaravelSheetBase.Tests.Feature.EndpointBases.StorageFileTest" assertions="1" time="0.010090"/>
      </testsuite>
      <testsuite name="SchenkeIo\LaravelSheetBase\Tests\Feature\EndpointBases\StorageFileWriteCsvTest" file="Storage File Write Csv (SchenkeIo\LaravelSheetBase\Tests\Feature\EndpointBases\StorageFileWriteCsv)" tests="4" assertions="4" errors="0" failures="0" skipped="0" time="0.046309">
        <testcase name="Storage put" file="Storage File Write Csv (SchenkeIo\LaravelSheetBase\Tests\Feature\EndpointBases\StorageFileWriteCsv)::Storage put" class="SchenkeIo\LaravelSheetBase\Tests\Feature\EndpointBases\StorageFileWriteCsvTest" classname="SchenkeIo.LaravelSheetBase.Tests.Feature.EndpointBases.StorageFileWriteCsvTest" assertions="1" time="0.014587"/>
        <testcase name="Write from pipeline ok" file="Storage File Write Csv (SchenkeIo\LaravelSheetBase\Tests\Feature\EndpointBases\StorageFileWriteCsv)::Write from pipeline ok" class="SchenkeIo\LaravelSheetBase\Tests\Feature\EndpointBases\StorageFileWriteCsvTest" classname="SchenkeIo.LaravelSheetBase.Tests.Feature.EndpointBases.StorageFileWriteCsvTest" assertions="1" time="0.010890"/>
        <testcase name="Read from pipeline delimiter in data" file="Storage File Write Csv (SchenkeIo\LaravelSheetBase\Tests\Feature\EndpointBases\StorageFileWriteCsv)::Read from pipeline delimiter in data" class="SchenkeIo\LaravelSheetBase\Tests\Feature\EndpointBases\StorageFileWriteCsvTest" classname="SchenkeIo.LaravelSheetBase.Tests.Feature.EndpointBases.StorageFileWriteCsvTest" assertions="1" time="0.010482"/>
        <testcase name="Delimiter missing" file="Storage File Write Csv (SchenkeIo\LaravelSheetBase\Tests\Feature\EndpointBases\StorageFileWriteCsv)::Delimiter missing" class="SchenkeIo\LaravelSheetBase\Tests\Feature\EndpointBases\StorageFileWriteCsvTest" classname="SchenkeIo.LaravelSheetBase.Tests.Feature.EndpointBases.StorageFileWriteCsvTest" assertions="1" time="0.010350"/>
      </testsuite>
      <testsuite name="SchenkeIo\LaravelSheetBase\Tests\Feature\EndpointBases\StorageFileWriterTest" file="Storage File Writer (SchenkeIo\LaravelSheetBase\Tests\Feature\EndpointBases\StorageFileWriter)" tests="1" assertions="1" errors="0" failures="0" skipped="0" time="0.013838">
        <testcase name="Storage put" file="Storage File Writer (SchenkeIo\LaravelSheetBase\Tests\Feature\EndpointBases\StorageFileWriter)::Storage put" class="SchenkeIo\LaravelSheetBase\Tests\Feature\EndpointBases\StorageFileWriterTest" classname="SchenkeIo.LaravelSheetBase.Tests.Feature.EndpointBases.StorageFileWriterTest" assertions="1" time="0.013838"/>
      </testsuite>
      <testsuite name="SchenkeIo\LaravelSheetBase\Tests\Feature\EndpointBases\StorageTreeTest" file="Storage Tree (SchenkeIo\LaravelSheetBase\Tests\Feature\EndpointBases\StorageTree)" tests="1" assertions="1" errors="0" failures="0" skipped="0" time="0.011433">
        <testcase name="Empty root read parse exception" file="Storage Tree (SchenkeIo\LaravelSheetBase\Tests\Feature\EndpointBases\StorageTree)::Empty root read parse exception" class="SchenkeIo\LaravelSheetBase\Tests\Feature\EndpointBases\StorageTreeTest" classname="SchenkeIo.LaravelSheetBase.Tests.Feature.EndpointBases.StorageTreeTest" assertions="1" time="0.011433"/>
      </testsuite>
      <testsuite name="SchenkeIo\LaravelSheetBase\Tests\Feature\EndpointBases\StorageTreeWriterTest" file="Storage Tree Writer (SchenkeIo\LaravelSheetBase\Tests\Feature\EndpointBases\StorageTreeWriter)" tests="2" assertions="3" errors="0" failures="0" skipped="0" time="0.022708">
        <testsuite name="Storage put" tests="2" assertions="3" errors="0" failures="0" skipped="0" time="0.022708">
          <testcase name="Storage put with data set &quot;path under root&quot;" file="Storage Tree Writer (SchenkeIo\LaravelSheetBase\Tests\Feature\EndpointBases\StorageTreeWriter)::Storage put with data set &quot;path under root&quot;" class="SchenkeIo\LaravelSheetBase\Tests\Feature\EndpointBases\StorageTreeWriterTest" classname="SchenkeIo.LaravelSheetBase.Tests.Feature.EndpointBases.StorageTreeWriterTest" assertions="2" time="0.012220"/>
          <testcase name="Storage put with data set &quot;path outside root&quot;" file="Storage Tree Writer (SchenkeIo\LaravelSheetBase\Tests\Feature\EndpointBases\StorageTreeWriter)::Storage put with data set &quot;path outside root&quot;" class="SchenkeIo\LaravelSheetBase\Tests\Feature\EndpointBases\StorageTreeWriterTest" classname="SchenkeIo.LaravelSheetBase.Tests.Feature.EndpointBases.StorageTreeWriterTest" assertions="1" time="0.010488"/>
        </testsuite>
      </testsuite>
      <testsuite name="Tests\Feature\Endpoints\ArchitecturEndpointsTest" file="tests/Feature/Endpoints/ArchitecturEndpointsTest.php" tests="5" assertions="6" errors="0" failures="0" skipped="0" time="0.161779">
        <testcase name="all endpoints are not abstract or final" file="tests/Feature/Endpoints/ArchitecturEndpointsTest.php::all endpoints are not abstract or final" class="Tests\Feature\Endpoints\ArchitecturEndpointsTest" classname="Tests.Feature.Endpoints.ArchitecturEndpointsTest" assertions="2" time="0.064586"/>
        <testcase name="all endpoints have IsEndpoint interface" file="tests/Feature/Endpoints/ArchitecturEndpointsTest.php::all endpoints have IsEndpoint interface" class="Tests\Feature\Endpoints\ArchitecturEndpointsTest" classname="Tests.Feature.Endpoints.ArchitecturEndpointsTest" assertions="1" time="0.012246"/>
        <testcase name="all endpoints start with Endpoint" file="tests/Feature/Endpoints/ArchitecturEndpointsTest.php::all endpoints start with Endpoint" class="Tests\Feature\Endpoints\ArchitecturEndpointsTest" classname="Tests.Feature.Endpoints.ArchitecturEndpointsTest" assertions="1" time="0.011739"/>
        <testcase name="all writers have IsWriter interface" file="tests/Feature/Endpoints/ArchitecturEndpointsTest.php::all writers have IsWriter interface" class="Tests\Feature\Endpoints\ArchitecturEndpointsTest" classname="Tests.Feature.Endpoints.ArchitecturEndpointsTest" assertions="1" time="0.038154"/>
        <testcase name="all readers have IsReader interface" file="tests/Feature/Endpoints/ArchitecturEndpointsTest.php::all readers have IsReader interface" class="Tests\Feature\Endpoints\ArchitecturEndpointsTest" classname="Tests.Feature.Endpoints.ArchitecturEndpointsTest" assertions="1" time="0.035054"/>
      </testsuite>
      <testsuite name="SchenkeIo\LaravelSheetBase\Tests\Feature\Endpoints\Readers\EndpointReadArrayTest" file="Endpoint Read Array (SchenkeIo\LaravelSheetBase\Tests\Feature\Endpoints\Readers\EndpointReadArray)" tests="1" assertions="1" errors="0" failures="0" skipped="0" time="0.014519">
        <testcase name="Get array" file="Endpoint Read Array (SchenkeIo\LaravelSheetBase\Tests\Feature\Endpoints\Readers\EndpointReadArray)::Get array" class="SchenkeIo\LaravelSheetBase\Tests\Feature\Endpoints\Readers\EndpointReadArrayTest" classname="SchenkeIo.LaravelSheetBase.Tests.Feature.Endpoints.Readers.EndpointReadArrayTest" assertions="1" time="0.014519"/>
      </testsuite>
      <testsuite name="SchenkeIo\LaravelSheetBase\Tests\Feature\Endpoints\Readers\EndpointReadExcelTest" file="Endpoint Read Excel (SchenkeIo\LaravelSheetBase\Tests\Feature\Endpoints\Readers\EndpointReadExcel)" tests="3" assertions="3" errors="0" failures="0" skipped="0" time="0.034109">
        <testsuite name="Read excels" tests="3" assertions="3" errors="0" failures="0" skipped="0" time="0.034109">
          <testcase name="Read excels with data set &quot;psv&quot;" file="Endpoint Read Excel (SchenkeIo\LaravelSheetBase\Tests\Feature\Endpoints\Readers\EndpointReadExcel)::Read excels with data set &quot;psv&quot;" class="SchenkeIo\LaravelSheetBase\Tests\Feature\Endpoints\Readers\EndpointReadExcelTest" classname="SchenkeIo.LaravelSheetBase.Tests.Feature.Endpoints.Readers.EndpointReadExcelTest" assertions="1" time="0.012333"/>
          <testcase name="Read excels with data set &quot;tsv&quot;" file="Endpoint Read Excel (SchenkeIo\LaravelSheetBase\Tests\Feature\Endpoints\Readers\EndpointReadExcel)::Read excels with data set &quot;tsv&quot;" class="SchenkeIo\LaravelSheetBase\Tests\Feature\Endpoints\Readers\EndpointReadExcelTest" classname="SchenkeIo.LaravelSheetBase.Tests.Feature.Endpoints.Readers.EndpointReadExcelTest" assertions="1" time="0.010965"/>
          <testcase name="Read excels with data set &quot;csv&quot;" file="Endpoint Read Excel (SchenkeIo\LaravelSheetBase\Tests\Feature\Endpoints\Readers\EndpointReadExcel)::Read excels with data set &quot;csv&quot;" class="SchenkeIo\LaravelSheetBase\Tests\Feature\Endpoints\Readers\EndpointReadExcelTest" classname="SchenkeIo.LaravelSheetBase.Tests.Feature.Endpoints.Readers.EndpointReadExcelTest" assertions="1" time="0.010811"/>
        </testsuite>
      </testsuite>
      <testsuite name="SchenkeIo\LaravelSheetBase\Tests\Feature\Endpoints\Readers\EndpointReadGoogleSheetTest" file="Endpoint Read Google Sheet (SchenkeIo\LaravelSheetBase\Tests\Feature\Endpoints\Readers\EndpointReadGoogleSheet)" tests="4" assertions="5" errors="0" failures="0" skipped="0" time="0.047911">
        <testcase name="Fill pipeline" file="Endpoint Read Google Sheet (SchenkeIo\LaravelSheetBase\Tests\Feature\Endpoints\Readers\EndpointReadGoogleSheet)::Fill pipeline" class="SchenkeIo\LaravelSheetBase\Tests\Feature\Endpoints\Readers\EndpointReadGoogleSheetTest" classname="SchenkeIo.LaravelSheetBase.Tests.Feature.Endpoints.Readers.EndpointReadGoogleSheetTest" assertions="2" time="0.017319"/>
[...]
          <testcase name="Make endpoint with data set &quot;write unknown&quot;" file="Make Endpoint (SchenkeIo\LaravelSheetBase\Tests\Feature\Helpers\MakeEndpoint)::Make endpoint with data set &quot;write unknown&quot;" class="SchenkeIo\LaravelSheetBase\Tests\Feature\Helpers\MakeEndpointTest" classname="SchenkeIo.LaravelSheetBase.Tests.Feature.Helpers.MakeEndpointTest" assertions="1" time="0.010711"/>
          <testcase name="Make endpoint with data set &quot;psv write ok&quot;" file="Make Endpoint (SchenkeIo\LaravelSheetBase\Tests\Feature\Helpers\MakeEndpoint)::Make endpoint with data set &quot;psv write ok&quot;" class="SchenkeIo\LaravelSheetBase\Tests\Feature\Helpers\MakeEndpointTest" classname="SchenkeIo.LaravelSheetBase.Tests.Feature.Helpers.MakeEndpointTest" assertions="1" time="0.010732"/>
          <testcase name="Make endpoint with data set &quot;csv write ok&quot;" file="Make Endpoint (SchenkeIo\LaravelSheetBase\Tests\Feature\Helpers\MakeEndpoint)::Make endpoint with data set &quot;csv write ok&quot;" class="SchenkeIo\LaravelSheetBase\Tests\Feature\Helpers\MakeEndpointTest" classname="SchenkeIo.LaravelSheetBase.Tests.Feature.Helpers.MakeEndpointTest" assertions="1" time="0.010866"/>
          <testcase name="Make endpoint with data set &quot;tsv write ok&quot;" file="Make Endpoint (SchenkeIo\LaravelSheetBase\Tests\Feature\Helpers\MakeEndpoint)::Make endpoint with data set &quot;tsv write ok&quot;" class="SchenkeIo\LaravelSheetBase\Tests\Feature\Helpers\MakeEndpointTest" classname="SchenkeIo.LaravelSheetBase.Tests.Feature.Helpers.MakeEndpointTest" assertions="1" time="0.010860"/>
          <testcase name="Make endpoint with data set &quot;neon write ok&quot;" file="Make Endpoint (SchenkeIo\LaravelSheetBase\Tests\Feature\Helpers\MakeEndpoint)::Make endpoint with data set &quot;neon write ok&quot;" class="SchenkeIo\LaravelSheetBase\Tests\Feature\Helpers\MakeEndpointTest" classname="SchenkeIo.LaravelSheetBase.Tests.Feature.Helpers.MakeEndpointTest" assertions="1" time="0.010936"/>
          <testcase name="Make endpoint with data set &quot;php write ok&quot;" file="Make Endpoint (SchenkeIo\LaravelSheetBase\Tests\Feature\Helpers\MakeEndpoint)::Make endpoint with data set &quot;php write ok&quot;" class="SchenkeIo\LaravelSheetBase\Tests\Feature\Helpers\MakeEndpointTest" classname="SchenkeIo.LaravelSheetBase.Tests.Feature.Helpers.MakeEndpointTest" assertions="1" time="0.011147"/>
          <testcase name="Make endpoint with data set &quot;json write ok&quot;" file="Make Endpoint (SchenkeIo\LaravelSheetBase\Tests\Feature\Helpers\MakeEndpoint)::Make endpoint with data set &quot;json write ok&quot;" class="SchenkeIo\LaravelSheetBase\Tests\Feature\Helpers\MakeEndpointTest" classname="SchenkeIo.LaravelSheetBase.Tests.Feature.Helpers.MakeEndpointTest" assertions="1" time="0.011315"/>
          <testcase name="Make endpoint with data set &quot;txt write ok&quot;" file="Make Endpoint (SchenkeIo\LaravelSheetBase\Tests\Feature\Helpers\MakeEndpoint)::Make endpoint with data set &quot;txt write ok&quot;" class="SchenkeIo\LaravelSheetBase\Tests\Feature\Helpers\MakeEndpointTest" classname="SchenkeIo.LaravelSheetBase.Tests.Feature.Helpers.MakeEndpointTest" assertions="1" time="0.011419"/>
          <testcase name="Make endpoint with data set &quot;yaml write ok&quot;" file="Make Endpoint (SchenkeIo\LaravelSheetBase\Tests\Feature\Helpers\MakeEndpoint)::Make endpoint with data set &quot;yaml write ok&quot;" class="SchenkeIo\LaravelSheetBase\Tests\Feature\Helpers\MakeEndpointTest" classname="SchenkeIo.LaravelSheetBase.Tests.Feature.Helpers.MakeEndpointTest" assertions="1" time="0.011554"/>
          <testcase name="Make endpoint with data set &quot;yml write ok&quot;" file="Make Endpoint (SchenkeIo\LaravelSheetBase\Tests\Feature\Helpers\MakeEndpoint)::Make endpoint with data set &quot;yml write ok&quot;" class="SchenkeIo\LaravelSheetBase\Tests\Feature\Helpers\MakeEndpointTest" classname="SchenkeIo.LaravelSheetBase.Tests.Feature.Helpers.MakeEndpointTest" assertions="1" time="0.011577"/>
        </testsuite>
      </testsuite>
      <testsuite name="SchenkeIo\LaravelSheetBase\Tests\Feature\LaravelSheetBaseServiceProviderTest" file="Laravel Sheet Base Service Provider (SchenkeIo\LaravelSheetBase\Tests\Feature\LaravelSheetBaseServiceProvider)" tests="1" assertions="3" errors="0" failures="0" skipped="0" time="0.026819">
        <testcase name="Configure package" file="Laravel Sheet Base Service Provider (SchenkeIo\LaravelSheetBase\Tests\Feature\LaravelSheetBaseServiceProvider)::Configure package" class="SchenkeIo\LaravelSheetBase\Tests\Feature\LaravelSheetBaseServiceProviderTest" classname="SchenkeIo.LaravelSheetBase.Tests.Feature.LaravelSheetBaseServiceProviderTest" assertions="3" time="0.026819"/>
      </testsuite>
      <testsuite name="SchenkeIo\LaravelSheetBase\Tests\Unit\Elements\ColumnSchemaTest" file="Column Schema (SchenkeIo\LaravelSheetBase\Tests\Unit\Elements\ColumnSchema)" tests="7" assertions="7" errors="0" failures="0" skipped="0" time="0.004244">
        <testcase name="Format" file="Column Schema (SchenkeIo\LaravelSheetBase\Tests\Unit\Elements\ColumnSchema)::Format" class="SchenkeIo\LaravelSheetBase\Tests\Unit\Elements\ColumnSchemaTest" classname="SchenkeIo.LaravelSheetBase.Tests.Unit.Elements.ColumnSchemaTest" assertions="1" time="0.001500"/>
        <testsuite name="Transform" tests="6" assertions="6" errors="0" failures="0" skipped="0" time="0.002744">
          <testcase name="Transform with data set &quot;null closure 1&quot;" file="Column Schema (SchenkeIo\LaravelSheetBase\Tests\Unit\Elements\ColumnSchema)::Transform with data set &quot;null closure 1&quot;" class="SchenkeIo\LaravelSheetBase\Tests\Unit\Elements\ColumnSchemaTest" classname="SchenkeIo.LaravelSheetBase.Tests.Unit.Elements.ColumnSchemaTest" assertions="1" time="0.000493"/>
          <testcase name="Transform with data set &quot;null closure 2&quot;" file="Column Schema (SchenkeIo\LaravelSheetBase\Tests\Unit\Elements\ColumnSchema)::Transform with data set &quot;null closure 2&quot;" class="SchenkeIo\LaravelSheetBase\Tests\Unit\Elements\ColumnSchemaTest" classname="SchenkeIo.LaravelSheetBase.Tests.Unit.Elements.ColumnSchemaTest" assertions="1" time="0.000436"/>
          <testcase name="Transform with data set &quot;null closure 3&quot;" file="Column Schema (SchenkeIo\LaravelSheetBase\Tests\Unit\Elements\ColumnSchema)::Transform with data set &quot;null closure 3&quot;" class="SchenkeIo\LaravelSheetBase\Tests\Unit\Elements\ColumnSchemaTest" classname="SchenkeIo.LaravelSheetBase.Tests.Unit.Elements.ColumnSchemaTest" assertions="1" time="0.000406"/>
          <testcase name="Transform with data set &quot;string function 1&quot;" file="Column Schema (SchenkeIo\LaravelSheetBase\Tests\Unit\Elements\ColumnSchema)::Transform with data set &quot;string function 1&quot;" class="SchenkeIo\LaravelSheetBase\Tests\Unit\Elements\ColumnSchemaTest" classname="SchenkeIo.LaravelSheetBase.Tests.Unit.Elements.ColumnSchemaTest" assertions="1" time="0.000444"/>
          <testcase name="Transform with data set &quot;string function 2&quot;" file="Column Schema (SchenkeIo\LaravelSheetBase\Tests\Unit\Elements\ColumnSchema)::Transform with data set &quot;string function 2&quot;" class="SchenkeIo\LaravelSheetBase\Tests\Unit\Elements\ColumnSchemaTest" classname="SchenkeIo.LaravelSheetBase.Tests.Unit.Elements.ColumnSchemaTest" assertions="1" time="0.000493"/>
          <testcase name="Transform with data set &quot;string function 3&quot;" file="Column Schema (SchenkeIo\LaravelSheetBase\Tests\Unit\Elements\ColumnSchema)::Transform with data set &quot;string function 3&quot;" class="SchenkeIo\LaravelSheetBase\Tests\Unit\Elements\ColumnSchemaTest" classname="SchenkeIo.LaravelSheetBase.Tests.Unit.Elements.ColumnSchemaTest" assertions="1" time="0.000472"/>
        </testsuite>
      </testsuite>
      <testsuite name="SchenkeIo\LaravelSheetBase\Tests\Unit\Elements\PipelineArchitectTest" file="Pipeline Architect (SchenkeIo\LaravelSheetBase\Tests\Unit\Elements\PipelineArchitect)" tests="3" assertions="2" errors="0" failures="0" skipped="0" time="0.005204">
        <testcase name="Architecture" file="Pipeline Architect (SchenkeIo\LaravelSheetBase\Tests\Unit\Elements\PipelineArchitect)::Architecture" class="SchenkeIo\LaravelSheetBase\Tests\Unit\Elements\PipelineArchitectTest" classname="SchenkeIo.LaravelSheetBase.Tests.Unit.Elements.PipelineArchitectTest" assertions="0" time="0.004127"/>
        <testcase name="Method not defined" file="Pipeline Architect (SchenkeIo\LaravelSheetBase\Tests\Unit\Elements\PipelineArchitect)::Method not defined" class="SchenkeIo\LaravelSheetBase\Tests\Unit\Elements\PipelineArchitectTest" classname="SchenkeIo.LaravelSheetBase.Tests.Unit.Elements.PipelineArchitectTest" assertions="1" time="0.000567"/>
        <testcase name="Endpoint missing" file="Pipeline Architect (SchenkeIo\LaravelSheetBase\Tests\Unit\Elements\PipelineArchitect)::Endpoint missing" class="SchenkeIo\LaravelSheetBase\Tests\Unit\Elements\PipelineArchitectTest" classname="SchenkeIo.LaravelSheetBase.Tests.Unit.Elements.PipelineArchitectTest" assertions="1" time="0.000510"/>
      </testsuite>
      <testsuite name="Tests\Unit\ExampleTest" file="tests/Unit/ExampleTest.php" tests="1" assertions="1" errors="0" failures="0" skipped="0" time="0.003130">
        <testcase name="example" file="tests/Unit/ExampleTest.php::example" class="Tests\Unit\ExampleTest" classname="Tests.Unit.ExampleTest" assertions="1" time="0.003130"/>
      </testsuite>
      <testsuite name="SchenkeIo\LaravelSheetBase\Tests\Unit\Google\GoogleRangeTest" file="Google Range (SchenkeIo\LaravelSheetBase\Tests\Unit\Google\GoogleRange)" tests="10" assertions="10" errors="0" failures="0" skipped="0" time="0.006012">
        <testsuite name="Range to string" tests="9" assertions="9" errors="0" failures="0" skipped="0" time="0.005566">
          <testcase name="Range to string with data set &quot;standard 1 cell&quot;" file="Google Range (SchenkeIo\LaravelSheetBase\Tests\Unit\Google\GoogleRange)::Range to string with data set &quot;standard 1 cell&quot;" class="SchenkeIo\LaravelSheetBase\Tests\Unit\Google\GoogleRangeTest" classname="SchenkeIo.LaravelSheetBase.Tests.Unit.Google.GoogleRangeTest" assertions="1" time="0.001162"/>
          <testcase name="Range to string with data set &quot;long name 1 cell&quot;" file="Google Range (SchenkeIo\LaravelSheetBase\Tests\Unit\Google\GoogleRange)::Range to string with data set &quot;long name 1 cell&quot;" class="SchenkeIo\LaravelSheetBase\Tests\Unit\Google\GoogleRangeTest" classname="SchenkeIo.LaravelSheetBase.Tests.Unit.Google.GoogleRangeTest" assertions="1" time="0.000417"/>
          <testcase name="Range to string with data set &quot;wrong index&quot;" file="Google Range (SchenkeIo\LaravelSheetBase\Tests\Unit\Google\GoogleRange)::Range to string with data set &quot;wrong index&quot;" class="SchenkeIo\LaravelSheetBase\Tests\Unit\Google\GoogleRangeTest" classname="SchenkeIo.LaravelSheetBase.Tests.Unit.Google.GoogleRangeTest" assertions="1" time="0.000588"/>
          <testcase name="Range to string with data set &quot;wrong name&quot;" file="Google Range (SchenkeIo\LaravelSheetBase\Tests\Unit\Google\GoogleRange)::Range to string with data set &quot;wrong name&quot;" class="SchenkeIo\LaravelSheetBase\Tests\Unit\Google\GoogleRangeTest" classname="SchenkeIo.LaravelSheetBase.Tests.Unit.Google.GoogleRangeTest" assertions="1" time="0.000590"/>
          <testcase name="Range to string with data set &quot;col to small&quot;" file="Google Range (SchenkeIo\LaravelSheetBase\Tests\Unit\Google\GoogleRange)::Range to string with data set &quot;col to small&quot;" class="SchenkeIo\LaravelSheetBase\Tests\Unit\Google\GoogleRangeTest" classname="SchenkeIo.LaravelSheetBase.Tests.Unit.Google.GoogleRangeTest" assertions="1" time="0.000491"/>
          <testcase name="Range to string with data set &quot;col to big&quot;" file="Google Range (SchenkeIo\LaravelSheetBase\Tests\Unit\Google\GoogleRange)::Range to string with data set &quot;col to big&quot;" class="SchenkeIo\LaravelSheetBase\Tests\Unit\Google\GoogleRangeTest" classname="SchenkeIo.LaravelSheetBase.Tests.Unit.Google.GoogleRangeTest" assertions="1" time="0.000580"/>
          <testcase name="Range to string with data set &quot;row to small&quot;" file="Google Range (SchenkeIo\LaravelSheetBase\Tests\Unit\Google\GoogleRange)::Range to string with data set &quot;row to small&quot;" class="SchenkeIo\LaravelSheetBase\Tests\Unit\Google\GoogleRangeTest" classname="SchenkeIo.LaravelSheetBase.Tests.Unit.Google.GoogleRangeTest" assertions="1" time="0.000576"/>
          <testcase name="Range to string with data set &quot;wrong width&quot;" file="Google Range (SchenkeIo\LaravelSheetBase\Tests\Unit\Google\GoogleRange)::Range to string with data set &quot;wrong width&quot;" class="SchenkeIo\LaravelSheetBase\Tests\Unit\Google\GoogleRangeTest" classname="SchenkeIo.LaravelSheetBase.Tests.Unit.Google.GoogleRangeTest" assertions="1" time="0.000591"/>
          <testcase name="Range to string with data set &quot;wrong height&quot;" file="Google Range (SchenkeIo\LaravelSheetBase\Tests\Unit\Google\GoogleRange)::Range to string with data set &quot;wrong height&quot;" class="SchenkeIo\LaravelSheetBase\Tests\Unit\Google\GoogleRangeTest" classname="SchenkeIo.LaravelSheetBase.Tests.Unit.Google.GoogleRangeTest" assertions="1" time="0.000572"/>
        </testsuite>
        <testcase name="Return as range" file="Google Range (SchenkeIo\LaravelSheetBase\Tests\Unit\Google\GoogleRange)::Return as range" class="SchenkeIo\LaravelSheetBase\Tests\Unit\Google\GoogleRangeTest" classname="SchenkeIo.LaravelSheetBase.Tests.Unit.Google.GoogleRangeTest" assertions="1" time="0.000446"/>
      </testsuite>
      <testsuite name="SchenkeIo\LaravelSheetBase\Tests\Unit\Helpers\ChunksTest" file="Chunks (SchenkeIo\LaravelSheetBase\Tests\Unit\Helpers\Chunks)" tests="15" assertions="15" errors="0" failures="0" skipped="0" time="0.010868">
        <testsuite name="Split into batches" tests="2" assertions="2" errors="0" failures="0" skipped="0" time="0.006336">
          <testcase name="Split into batches with data set &quot;set 1&quot;" file="Chunks (SchenkeIo\LaravelSheetBase\Tests\Unit\Helpers\Chunks)::Split into batches with data set &quot;set 1&quot;" class="SchenkeIo\LaravelSheetBase\Tests\Unit\Helpers\ChunksTest" classname="SchenkeIo.LaravelSheetBase.Tests.Unit.Helpers.ChunksTest" assertions="1" time="0.005710"/>
          <testcase name="Split into batches with data set &quot;set 2&quot;" file="Chunks (SchenkeIo\LaravelSheetBase\Tests\Unit\Helpers\Chunks)::Split into batches with data set &quot;set 2&quot;" class="SchenkeIo\LaravelSheetBase\Tests\Unit\Helpers\ChunksTest" classname="SchenkeIo.LaravelSheetBase.Tests.Unit.Helpers.ChunksTest" assertions="1" time="0.000625"/>
        </testsuite>
        <testsuite name="Can set sizes" tests="3" assertions="3" errors="0" failures="0" skipped="0" time="0.001089">
          <testcase name="Can set sizes with data set &quot;set 1&quot;" file="Chunks (SchenkeIo\LaravelSheetBase\Tests\Unit\Helpers\Chunks)::Can set sizes with data set &quot;set 1&quot;" class="SchenkeIo\LaravelSheetBase\Tests\Unit\Helpers\ChunksTest" classname="SchenkeIo.LaravelSheetBase.Tests.Unit.Helpers.ChunksTest" assertions="1" time="0.000382"/>
          <testcase name="Can set sizes with data set &quot;set 2&quot;" file="Chunks (SchenkeIo\LaravelSheetBase\Tests\Unit\Helpers\Chunks)::Can set sizes with data set &quot;set 2&quot;" class="SchenkeIo\LaravelSheetBase\Tests\Unit\Helpers\ChunksTest" classname="SchenkeIo.LaravelSheetBase.Tests.Unit.Helpers.ChunksTest" assertions="1" time="0.000347"/>
          <testcase name="Can set sizes with data set &quot;set 3&quot;" file="Chunks (SchenkeIo\LaravelSheetBase\Tests\Unit\Helpers\Chunks)::Can set sizes with data set &quot;set 3&quot;" class="SchenkeIo\LaravelSheetBase\Tests\Unit\Helpers\ChunksTest" classname="SchenkeIo.LaravelSheetBase.Tests.Unit.Helpers.ChunksTest" assertions="1" time="0.000359"/>
        </testsuite>
        <testsuite name="Batch count" tests="10" assertions="10" errors="0" failures="0" skipped="0" time="0.003444">
          <testcase name="Batch count with data set &quot;small 1&quot;" file="Chunks (SchenkeIo\LaravelSheetBase\Tests\Unit\Helpers\Chunks)::Batch count with data set &quot;small 1&quot;" class="SchenkeIo\LaravelSheetBase\Tests\Unit\Helpers\ChunksTest" classname="SchenkeIo.LaravelSheetBase.Tests.Unit.Helpers.ChunksTest" assertions="1" time="0.000352"/>
          <testcase name="Batch count with data set &quot;small 2&quot;" file="Chunks (SchenkeIo\LaravelSheetBase\Tests\Unit\Helpers\Chunks)::Batch count with data set &quot;small 2&quot;" class="SchenkeIo\LaravelSheetBase\Tests\Unit\Helpers\ChunksTest" classname="SchenkeIo.LaravelSheetBase.Tests.Unit.Helpers.ChunksTest" assertions="1" time="0.000358"/>
          <testcase name="Batch count with data set &quot;small 3&quot;" file="Chunks (SchenkeIo\LaravelSheetBase\Tests\Unit\Helpers\Chunks)::Batch count with data set &quot;small 3&quot;" class="SchenkeIo\LaravelSheetBase\Tests\Unit\Helpers\ChunksTest" classname="SchenkeIo.LaravelSheetBase.Tests.Unit.Helpers.ChunksTest" assertions="1" time="0.000335"/>
          <testcase name="Batch count with data set &quot;small 4&quot;" file="Chunks (SchenkeIo\LaravelSheetBase\Tests\Unit\Helpers\Chunks)::Batch count with data set &quot;small 4&quot;" class="SchenkeIo\LaravelSheetBase\Tests\Unit\Helpers\ChunksTest" classname="SchenkeIo.LaravelSheetBase.Tests.Unit.Helpers.ChunksTest" assertions="1" time="0.000355"/>
          <testcase name="Batch count with data set &quot;medium 1&quot;" file="Chunks (SchenkeIo\LaravelSheetBase\Tests\Unit\Helpers\Chunks)::Batch count with data set &quot;medium 1&quot;" class="SchenkeIo\LaravelSheetBase\Tests\Unit\Helpers\ChunksTest" classname="SchenkeIo.LaravelSheetBase.Tests.Unit.Helpers.ChunksTest" assertions="1" time="0.000347"/>
          <testcase name="Batch count with data set &quot;medium 2&quot;" file="Chunks (SchenkeIo\LaravelSheetBase\Tests\Unit\Helpers\Chunks)::Batch count with data set &quot;medium 2&quot;" class="SchenkeIo\LaravelSheetBase\Tests\Unit\Helpers\ChunksTest" classname="SchenkeIo.LaravelSheetBase.Tests.Unit.Helpers.ChunksTest" assertions="1" time="0.000338"/>
          <testcase name="Batch count with data set &quot;medium 3&quot;" file="Chunks (SchenkeIo\LaravelSheetBase\Tests\Unit\Helpers\Chunks)::Batch count with data set &quot;medium 3&quot;" class="SchenkeIo\LaravelSheetBase\Tests\Unit\Helpers\ChunksTest" classname="SchenkeIo.LaravelSheetBase.Tests.Unit.Helpers.ChunksTest" assertions="1" time="0.000340"/>
          <testcase name="Batch count with data set &quot;large 1&quot;" file="Chunks (SchenkeIo\LaravelSheetBase\Tests\Unit\Helpers\Chunks)::Batch count with data set &quot;large 1&quot;" class="SchenkeIo\LaravelSheetBase\Tests\Unit\Helpers\ChunksTest" classname="SchenkeIo.LaravelSheetBase.Tests.Unit.Helpers.ChunksTest" assertions="1" time="0.000341"/>
          <testcase name="Batch count with data set &quot;large 2&quot;" file="Chunks (SchenkeIo\LaravelSheetBase\Tests\Unit\Helpers\Chunks)::Batch count with data set &quot;large 2&quot;" class="SchenkeIo\LaravelSheetBase\Tests\Unit\Helpers\ChunksTest" classname="SchenkeIo.LaravelSheetBase.Tests.Unit.Helpers.ChunksTest" assertions="1" time="0.000342"/>
          <testcase name="Batch count with data set &quot;large 3&quot;" file="Chunks (SchenkeIo\LaravelSheetBase\Tests\Unit\Helpers\Chunks)::Batch count with data set &quot;large 3&quot;" class="SchenkeIo\LaravelSheetBase\Tests\Unit\Helpers\ChunksTest" classname="SchenkeIo.LaravelSheetBase.Tests.Unit.Helpers.ChunksTest" assertions="1" time="0.000336"/>
        </testsuite>
      </testsuite>
    </testsuite>
  </testsuite>
</testsuites>
