<?xml version="1.0" encoding="UTF-8"?>
<testsuites>
  <testsuite name="/home/srv/packages/schenke-io/laravel-sheet-base/phpunit.xml" tests="273" assertions="321" errors="0" failures="0" skipped="0" time="8.962794">
    <testsuite name="Test Suite" tests="273" assertions="321" errors="0" failures="0" skipped="0" time="8.962794">
      <testsuite name="Tests\Feature\ArchitecturTest" file="tests/Feature/ArchitecturTest.php" tests="3" assertions="4" errors="0" failures="0" skipped="0" time="1.974058">
        <testcase name="debug functions not used anymore" file="tests/Feature/ArchitecturTest.php::debug functions not used anymore" class="Tests\Feature\ArchitecturTest" classname="Tests.Feature.ArchitecturTest" assertions="1" time="1.919951"/>
        <testcase name="eval only used in tests" file="tests/Feature/ArchitecturTest.php::eval only used in tests" class="Tests\Feature\ArchitecturTest" classname="Tests.Feature.ArchitecturTest" assertions="2" time="0.027146"/>
        <testcase name="endpoints are extended" file="tests/Feature/ArchitecturTest.php::endpoints are extended" class="Tests\Feature\ArchitecturTest" classname="Tests.Feature.ArchitecturTest" assertions="1" time="0.026961"/>
      </testsuite>
      <testsuite name="SchenkeIo\LaravelSheetBase\Tests\Feature\Console\Commands\SheetBaseCheckCommandTest" file="Sheet Base Check Command (SchenkeIo\LaravelSheetBase\Tests\Feature\Console\Commands\SheetBaseCheckCommand)" tests="1" assertions="1" errors="0" failures="0" skipped="0" time="0.118675">
        <testcase name="No errors" file="Sheet Base Check Command (SchenkeIo\LaravelSheetBase\Tests\Feature\Console\Commands\SheetBaseCheckCommand)::No errors" class="SchenkeIo\LaravelSheetBase\Tests\Feature\Console\Commands\SheetBaseCheckCommandTest" classname="SchenkeIo.LaravelSheetBase.Tests.Feature.Console.Commands.SheetBaseCheckCommandTest" assertions="1" time="0.118675"/>
      </testsuite>
      <testsuite name="SchenkeIo\LaravelSheetBase\Tests\Feature\Console\Commands\SheetBaseCommandConfigErrorTest" file="Sheet Base Command Config Error (SchenkeIo\LaravelSheetBase\Tests\Feature\Console\Commands\SheetBaseCommandConfigError)" tests="4" assertions="8" errors="0" failures="0" skipped="0" time="0.124642">
        <testcase name="Disk error" file="Sheet Base Command Config Error (SchenkeIo\LaravelSheetBase\Tests\Feature\Console\Commands\SheetBaseCommandConfigError)::Disk error" class="SchenkeIo\LaravelSheetBase\Tests\Feature\Console\Commands\SheetBaseCommandConfigErrorTest" classname="SchenkeIo.LaravelSheetBase.Tests.Feature.Console.Commands.SheetBaseCommandConfigErrorTest" assertions="2" time="0.030497"/>
        <testcase name="Config error" file="Sheet Base Command Config Error (SchenkeIo\LaravelSheetBase\Tests\Feature\Console\Commands\SheetBaseCommandConfigError)::Config error" class="SchenkeIo\LaravelSheetBase\Tests\Feature\Console\Commands\SheetBaseCommandConfigErrorTest" classname="SchenkeIo.LaravelSheetBase.Tests.Feature.Console.Commands.SheetBaseCommandConfigErrorTest" assertions="2" time="0.029903"/>
        <testcase name="Syntax error" file="Sheet Base Command Config Error (SchenkeIo\LaravelSheetBase\Tests\Feature\Console\Commands\SheetBaseCommandConfigError)::Syntax error" class="SchenkeIo\LaravelSheetBase\Tests\Feature\Console\Commands\SheetBaseCommandConfigErrorTest" classname="SchenkeIo.LaravelSheetBase.Tests.Feature.Console.Commands.SheetBaseCommandConfigErrorTest" assertions="2" time="0.029989"/>
        <testcase name="Errors" file="Sheet Base Command Config Error (SchenkeIo\LaravelSheetBase\Tests\Feature\Console\Commands\SheetBaseCommandConfigError)::Errors" class="SchenkeIo\LaravelSheetBase\Tests\Feature\Console\Commands\SheetBaseCommandConfigErrorTest" classname="SchenkeIo.LaravelSheetBase.Tests.Feature.Console.Commands.SheetBaseCommandConfigErrorTest" assertions="2" time="0.034253"/>
      </testsuite>
      <testsuite name="SchenkeIo\LaravelSheetBase\Tests\Feature\Console\Commands\SheetBasePumpCommandTest" file="Sheet Base Pump Command (SchenkeIo\LaravelSheetBase\Tests\Feature\Console\Commands\SheetBasePumpCommand)" tests="1" assertions="1" errors="0" failures="0" skipped="0" time="0.041168">
        <testcase name="No errors" file="Sheet Base Pump Command (SchenkeIo\LaravelSheetBase\Tests\Feature\Console\Commands\SheetBasePumpCommand)::No errors" class="SchenkeIo\LaravelSheetBase\Tests\Feature\Console\Commands\SheetBasePumpCommandTest" classname="SchenkeIo.LaravelSheetBase.Tests.Feature.Console.Commands.SheetBasePumpCommandTest" assertions="1" time="0.041168"/>
      </testsuite>
      <testsuite name="SchenkeIo\LaravelSheetBase\Tests\Feature\Contracts\EndpointExplainTest" file="Endpoint Explain (SchenkeIo\LaravelSheetBase\Tests\Feature\Contracts\EndpointExplain)" tests="1" assertions="3" errors="0" failures="0" skipped="0" time="0.029363">
        <testcase name="Explain" file="Endpoint Explain (SchenkeIo\LaravelSheetBase\Tests\Feature\Contracts\EndpointExplain)::Explain" class="SchenkeIo\LaravelSheetBase\Tests\Feature\Contracts\EndpointExplainTest" classname="SchenkeIo.LaravelSheetBase.Tests.Feature.Contracts.EndpointExplainTest" assertions="3" time="0.029363"/>
      </testsuite>
      <testsuite name="Tests\Feature\Contracts\OnlyInterfacesTest" file="tests/Feature/Contracts/OnlyInterfacesTest.php" tests="1" assertions="1" errors="0" failures="0" skipped="0" time="0.044477">
        <testcase name="only interfaces in this directory" file="tests/Feature/Contracts/OnlyInterfacesTest.php::only interfaces in this directory" class="Tests\Feature\Contracts\OnlyInterfacesTest" classname="Tests.Feature.Contracts.OnlyInterfacesTest" assertions="1" time="0.044477"/>
      </testsuite>
      <testsuite name="SchenkeIo\LaravelSheetBase\Tests\Feature\Elements\ColumnTypeTest" file="Column Type (SchenkeIo\LaravelSheetBase\Tests\Feature\Elements\ColumnType)" tests="66" assertions="66" errors="0" failures="0" skipped="0" time="2.510268">
        <testsuite name="All methods are defined" tests="11" assertions="11" errors="0" failures="0" skipped="0" time="0.297889">
          <testcase name="All methods are defined with data set &quot;ID&quot;" file="Column Type (SchenkeIo\LaravelSheetBase\Tests\Feature\Elements\ColumnType)::All methods are defined with data set &quot;ID&quot;" class="SchenkeIo\LaravelSheetBase\Tests\Feature\Elements\ColumnTypeTest" classname="SchenkeIo.LaravelSheetBase.Tests.Feature.Elements.ColumnTypeTest" assertions="1" time="0.020822"/>
          <testcase name="All methods are defined with data set &quot;Dot&quot;" file="Column Type (SchenkeIo\LaravelSheetBase\Tests\Feature\Elements\ColumnType)::All methods are defined with data set &quot;Dot&quot;" class="SchenkeIo\LaravelSheetBase\Tests\Feature\Elements\ColumnTypeTest" classname="SchenkeIo.LaravelSheetBase.Tests.Feature.Elements.ColumnTypeTest" assertions="1" time="0.023875"/>
          <testcase name="All methods are defined with data set &quot;String&quot;" file="Column Type (SchenkeIo\LaravelSheetBase\Tests\Feature\Elements\ColumnType)::All methods are defined with data set &quot;String&quot;" class="SchenkeIo\LaravelSheetBase\Tests\Feature\Elements\ColumnTypeTest" classname="SchenkeIo.LaravelSheetBase.Tests.Feature.Elements.ColumnTypeTest" assertions="1" time="0.027404"/>
          <testcase name="All methods are defined with data set &quot;NullString&quot;" file="Column Type (SchenkeIo\LaravelSheetBase\Tests\Feature\Elements\ColumnType)::All methods are defined with data set &quot;NullString&quot;" class="SchenkeIo\LaravelSheetBase\Tests\Feature\Elements\ColumnTypeTest" classname="SchenkeIo.LaravelSheetBase.Tests.Feature.Elements.ColumnTypeTest" assertions="1" time="0.026163"/>
          <testcase name="All methods are defined with data set &quot;Unsigned&quot;" file="Column Type (SchenkeIo\LaravelSheetBase\Tests\Feature\Elements\ColumnType)::All methods are defined with data set &quot;Unsigned&quot;" class="SchenkeIo\LaravelSheetBase\Tests\Feature\Elements\ColumnTypeTest" classname="SchenkeIo.LaravelSheetBase.Tests.Feature.Elements.ColumnTypeTest" assertions="1" time="0.028256"/>
          <testcase name="All methods are defined with data set &quot;UnsignedNotNull&quot;" file="Column Type (SchenkeIo\LaravelSheetBase\Tests\Feature\Elements\ColumnType)::All methods are defined with data set &quot;UnsignedNotNull&quot;" class="SchenkeIo\LaravelSheetBase\Tests\Feature\Elements\ColumnTypeTest" classname="SchenkeIo.LaravelSheetBase.Tests.Feature.Elements.ColumnTypeTest" assertions="1" time="0.026263"/>
          <testcase name="All methods are defined with data set &quot;Language&quot;" file="Column Type (SchenkeIo\LaravelSheetBase\Tests\Feature\Elements\ColumnType)::All methods are defined with data set &quot;Language&quot;" class="SchenkeIo\LaravelSheetBase\Tests\Feature\Elements\ColumnTypeTest" classname="SchenkeIo.LaravelSheetBase.Tests.Feature.Elements.ColumnTypeTest" assertions="1" time="0.025828"/>
          <testcase name="All methods are defined with data set &quot;Float&quot;" file="Column Type (SchenkeIo\LaravelSheetBase\Tests\Feature\Elements\ColumnType)::All methods are defined with data set &quot;Float&quot;" class="SchenkeIo\LaravelSheetBase\Tests\Feature\Elements\ColumnTypeTest" classname="SchenkeIo.LaravelSheetBase.Tests.Feature.Elements.ColumnTypeTest" assertions="1" time="0.029158"/>
          <testcase name="All methods are defined with data set &quot;Boolean&quot;" file="Column Type (SchenkeIo\LaravelSheetBase\Tests\Feature\Elements\ColumnType)::All methods are defined with data set &quot;Boolean&quot;" class="SchenkeIo\LaravelSheetBase\Tests\Feature\Elements\ColumnTypeTest" classname="SchenkeIo.LaravelSheetBase.Tests.Feature.Elements.ColumnTypeTest" assertions="1" time="0.030819"/>
          <testcase name="All methods are defined with data set &quot;Closure&quot;" file="Column Type (SchenkeIo\LaravelSheetBase\Tests\Feature\Elements\ColumnType)::All methods are defined with data set &quot;Closure&quot;" class="SchenkeIo\LaravelSheetBase\Tests\Feature\Elements\ColumnTypeTest" classname="SchenkeIo.LaravelSheetBase.Tests.Feature.Elements.ColumnTypeTest" assertions="1" time="0.030538"/>
          <testcase name="All methods are defined with data set &quot;DateTime&quot;" file="Column Type (SchenkeIo\LaravelSheetBase\Tests\Feature\Elements\ColumnType)::All methods are defined with data set &quot;DateTime&quot;" class="SchenkeIo\LaravelSheetBase\Tests\Feature\Elements\ColumnTypeTest" classname="SchenkeIo.LaravelSheetBase.Tests.Feature.Elements.ColumnTypeTest" assertions="1" time="0.028762"/>
        </testsuite>
        <testsuite name="Format" tests="55" assertions="55" errors="0" failures="0" skipped="0" time="2.212378">
          <testcase name="Format with data set &quot;id numeric&quot;" file="Column Type (SchenkeIo\LaravelSheetBase\Tests\Feature\Elements\ColumnType)::Format with data set &quot;id numeric&quot;" class="SchenkeIo\LaravelSheetBase\Tests\Feature\Elements\ColumnTypeTest" classname="SchenkeIo.LaravelSheetBase.Tests.Feature.Elements.ColumnTypeTest" assertions="1" time="0.030668"/>
          <testcase name="Format with data set &quot;id string&quot;" file="Column Type (SchenkeIo\LaravelSheetBase\Tests\Feature\Elements\ColumnType)::Format with data set &quot;id string&quot;" class="SchenkeIo\LaravelSheetBase\Tests\Feature\Elements\ColumnTypeTest" classname="SchenkeIo.LaravelSheetBase.Tests.Feature.Elements.ColumnTypeTest" assertions="1" time="0.028095"/>
          <testcase name="Format with data set &quot;dot&quot;" file="Column Type (SchenkeIo\LaravelSheetBase\Tests\Feature\Elements\ColumnType)::Format with data set &quot;dot&quot;" class="SchenkeIo\LaravelSheetBase\Tests\Feature\Elements\ColumnTypeTest" classname="SchenkeIo.LaravelSheetBase.Tests.Feature.Elements.ColumnTypeTest" assertions="1" time="0.031389"/>
          <testcase name="Format with data set &quot;string&quot;" file="Column Type (SchenkeIo\LaravelSheetBase\Tests\Feature\Elements\ColumnType)::Format with data set &quot;string&quot;" class="SchenkeIo\LaravelSheetBase\Tests\Feature\Elements\ColumnTypeTest" classname="SchenkeIo.LaravelSheetBase.Tests.Feature.Elements.ColumnTypeTest" assertions="1" time="0.026950"/>
          <testcase name="Format with data set &quot;unsigned null&quot;" file="Column Type (SchenkeIo\LaravelSheetBase\Tests\Feature\Elements\ColumnType)::Format with data set &quot;unsigned null&quot;" class="SchenkeIo\LaravelSheetBase\Tests\Feature\Elements\ColumnTypeTest" classname="SchenkeIo.LaravelSheetBase.Tests.Feature.Elements.ColumnTypeTest" assertions="1" time="0.029312"/>
          <testcase name="Format with data set &quot;unsigned decimal positiv&quot;" file="Column Type (SchenkeIo\LaravelSheetBase\Tests\Feature\Elements\ColumnType)::Format with data set &quot;unsigned decimal positiv&quot;" class="SchenkeIo\LaravelSheetBase\Tests\Feature\Elements\ColumnTypeTest" classname="SchenkeIo.LaravelSheetBase.Tests.Feature.Elements.ColumnTypeTest" assertions="1" time="0.035797"/>
          <testcase name="Format with data set &quot;unsigned decimal negativ&quot;" file="Column Type (SchenkeIo\LaravelSheetBase\Tests\Feature\Elements\ColumnType)::Format with data set &quot;unsigned decimal negativ&quot;" class="SchenkeIo\LaravelSheetBase\Tests\Feature\Elements\ColumnTypeTest" classname="SchenkeIo.LaravelSheetBase.Tests.Feature.Elements.ColumnTypeTest" assertions="1" time="0.035775"/>
          <testcase name="Format with data set &quot;unsigned string 1&quot;" file="Column Type (SchenkeIo\LaravelSheetBase\Tests\Feature\Elements\ColumnType)::Format with data set &quot;unsigned string 1&quot;" class="SchenkeIo\LaravelSheetBase\Tests\Feature\Elements\ColumnTypeTest" classname="SchenkeIo.LaravelSheetBase.Tests.Feature.Elements.ColumnTypeTest" assertions="1" time="0.035631"/>
          <testcase name="Format with data set &quot;unsigned string 2&quot;" file="Column Type (SchenkeIo\LaravelSheetBase\Tests\Feature\Elements\ColumnType)::Format with data set &quot;unsigned string 2&quot;" class="SchenkeIo\LaravelSheetBase\Tests\Feature\Elements\ColumnTypeTest" classname="SchenkeIo.LaravelSheetBase.Tests.Feature.Elements.ColumnTypeTest" assertions="1" time="0.037187"/>
          <testcase name="Format with data set &quot;unsigned string 3&quot;" file="Column Type (SchenkeIo\LaravelSheetBase\Tests\Feature\Elements\ColumnType)::Format with data set &quot;unsigned string 3&quot;" class="SchenkeIo\LaravelSheetBase\Tests\Feature\Elements\ColumnTypeTest" classname="SchenkeIo.LaravelSheetBase.Tests.Feature.Elements.ColumnTypeTest" assertions="1" time="0.038335"/>
          <testcase name="Format with data set &quot;unsigned string 4&quot;" file="Column Type (SchenkeIo\LaravelSheetBase\Tests\Feature\Elements\ColumnType)::Format with data set &quot;unsigned string 4&quot;" class="SchenkeIo\LaravelSheetBase\Tests\Feature\Elements\ColumnTypeTest" classname="SchenkeIo.LaravelSheetBase.Tests.Feature.Elements.ColumnTypeTest" assertions="1" time="0.037676"/>
          <testcase name="Format with data set &quot;unsigned string 5&quot;" file="Column Type (SchenkeIo\LaravelSheetBase\Tests\Feature\Elements\ColumnType)::Format with data set &quot;unsigned string 5&quot;" class="SchenkeIo\LaravelSheetBase\Tests\Feature\Elements\ColumnTypeTest" classname="SchenkeIo.LaravelSheetBase.Tests.Feature.Elements.ColumnTypeTest" assertions="1" time="0.036936"/>
          <testcase name="Format with data set &quot;unsigned string 6&quot;" file="Column Type (SchenkeIo\LaravelSheetBase\Tests\Feature\Elements\ColumnType)::Format with data set &quot;unsigned string 6&quot;" class="SchenkeIo\LaravelSheetBase\Tests\Feature\Elements\ColumnTypeTest" classname="SchenkeIo.LaravelSheetBase.Tests.Feature.Elements.ColumnTypeTest" assertions="1" time="0.037733"/>
          <testcase name="Format with data set &quot;unsigned string 7&quot;" file="Column Type (SchenkeIo\LaravelSheetBase\Tests\Feature\Elements\ColumnType)::Format with data set &quot;unsigned string 7&quot;" class="SchenkeIo\LaravelSheetBase\Tests\Feature\Elements\ColumnTypeTest" classname="SchenkeIo.LaravelSheetBase.Tests.Feature.Elements.ColumnTypeTest" assertions="1" time="0.039047"/>
          <testcase name="Format with data set &quot;unsigned not null 1&quot;" file="Column Type (SchenkeIo\LaravelSheetBase\Tests\Feature\Elements\ColumnType)::Format with data set &quot;unsigned not null 1&quot;" class="SchenkeIo\LaravelSheetBase\Tests\Feature\Elements\ColumnTypeTest" classname="SchenkeIo.LaravelSheetBase.Tests.Feature.Elements.ColumnTypeTest" assertions="1" time="0.034269"/>
          <testcase name="Format with data set &quot;unsigned not null 2&quot;" file="Column Type (SchenkeIo\LaravelSheetBase\Tests\Feature\Elements\ColumnType)::Format with data set &quot;unsigned not null 2&quot;" class="SchenkeIo\LaravelSheetBase\Tests\Feature\Elements\ColumnTypeTest" classname="SchenkeIo.LaravelSheetBase.Tests.Feature.Elements.ColumnTypeTest" assertions="1" time="0.038667"/>
          <testcase name="Format with data set &quot;float 1&quot;" file="Column Type (SchenkeIo\LaravelSheetBase\Tests\Feature\Elements\ColumnType)::Format with data set &quot;float 1&quot;" class="SchenkeIo\LaravelSheetBase\Tests\Feature\Elements\ColumnTypeTest" classname="SchenkeIo.LaravelSheetBase.Tests.Feature.Elements.ColumnTypeTest" assertions="1" time="0.037026"/>
          <testcase name="Format with data set &quot;float 2&quot;" file="Column Type (SchenkeIo\LaravelSheetBase\Tests\Feature\Elements\ColumnType)::Format with data set &quot;float 2&quot;" class="SchenkeIo\LaravelSheetBase\Tests\Feature\Elements\ColumnTypeTest" classname="SchenkeIo.LaravelSheetBase.Tests.Feature.Elements.ColumnTypeTest" assertions="1" time="0.037818"/>
          <testcase name="Format with data set &quot;float 3&quot;" file="Column Type (SchenkeIo\LaravelSheetBase\Tests\Feature\Elements\ColumnType)::Format with data set &quot;float 3&quot;" class="SchenkeIo\LaravelSheetBase\Tests\Feature\Elements\ColumnTypeTest" classname="SchenkeIo.LaravelSheetBase.Tests.Feature.Elements.ColumnTypeTest" assertions="1" time="0.036009"/>
          <testcase name="Format with data set &quot;float 4&quot;" file="Column Type (SchenkeIo\LaravelSheetBase\Tests\Feature\Elements\ColumnType)::Format with data set &quot;float 4&quot;" class="SchenkeIo\LaravelSheetBase\Tests\Feature\Elements\ColumnTypeTest" classname="SchenkeIo.LaravelSheetBase.Tests.Feature.Elements.ColumnTypeTest" assertions="1" time="0.040254"/>
          <testcase name="Format with data set &quot;float 5&quot;" file="Column Type (SchenkeIo\LaravelSheetBase\Tests\Feature\Elements\ColumnType)::Format with data set &quot;float 5&quot;" class="SchenkeIo\LaravelSheetBase\Tests\Feature\Elements\ColumnTypeTest" classname="SchenkeIo.LaravelSheetBase.Tests.Feature.Elements.ColumnTypeTest" assertions="1" time="0.041753"/>
          <testcase name="Format with data set &quot;float 6&quot;" file="Column Type (SchenkeIo\LaravelSheetBase\Tests\Feature\Elements\ColumnType)::Format with data set &quot;float 6&quot;" class="SchenkeIo\LaravelSheetBase\Tests\Feature\Elements\ColumnTypeTest" classname="SchenkeIo.LaravelSheetBase.Tests.Feature.Elements.ColumnTypeTest" assertions="1" time="0.038763"/>
          <testcase name="Format with data set &quot;float 7&quot;" file="Column Type (SchenkeIo\LaravelSheetBase\Tests\Feature\Elements\ColumnType)::Format with data set &quot;float 7&quot;" class="SchenkeIo\LaravelSheetBase\Tests\Feature\Elements\ColumnTypeTest" classname="SchenkeIo.LaravelSheetBase.Tests.Feature.Elements.ColumnTypeTest" assertions="1" time="0.040769"/>
          <testcase name="Format with data set &quot;float 8&quot;" file="Column Type (SchenkeIo\LaravelSheetBase\Tests\Feature\Elements\ColumnType)::Format with data set &quot;float 8&quot;" class="SchenkeIo\LaravelSheetBase\Tests\Feature\Elements\ColumnTypeTest" classname="SchenkeIo.LaravelSheetBase.Tests.Feature.Elements.ColumnTypeTest" assertions="1" time="0.042258"/>
          <testcase name="Format with data set &quot;float 9&quot;" file="Column Type (SchenkeIo\LaravelSheetBase\Tests\Feature\Elements\ColumnType)::Format with data set &quot;float 9&quot;" class="SchenkeIo\LaravelSheetBase\Tests\Feature\Elements\ColumnTypeTest" classname="SchenkeIo.LaravelSheetBase.Tests.Feature.Elements.ColumnTypeTest" assertions="1" time="0.039658"/>
          <testcase name="Format with data set &quot;bool 1&quot;" file="Column Type (SchenkeIo\LaravelSheetBase\Tests\Feature\Elements\ColumnType)::Format with data set &quot;bool 1&quot;" class="SchenkeIo\LaravelSheetBase\Tests\Feature\Elements\ColumnTypeTest" classname="SchenkeIo.LaravelSheetBase.Tests.Feature.Elements.ColumnTypeTest" assertions="1" time="0.033990"/>
          <testcase name="Format with data set &quot;bool 2&quot;" file="Column Type (SchenkeIo\LaravelSheetBase\Tests\Feature\Elements\ColumnType)::Format with data set &quot;bool 2&quot;" class="SchenkeIo\LaravelSheetBase\Tests\Feature\Elements\ColumnTypeTest" classname="SchenkeIo.LaravelSheetBase.Tests.Feature.Elements.ColumnTypeTest" assertions="1" time="0.037183"/>
          <testcase name="Format with data set &quot;bool 3&quot;" file="Column Type (SchenkeIo\LaravelSheetBase\Tests\Feature\Elements\ColumnType)::Format with data set &quot;bool 3&quot;" class="SchenkeIo\LaravelSheetBase\Tests\Feature\Elements\ColumnTypeTest" classname="SchenkeIo.LaravelSheetBase.Tests.Feature.Elements.ColumnTypeTest" assertions="1" time="0.034310"/>
          <testcase name="Format with data set &quot;bool 4&quot;" file="Column Type (SchenkeIo\LaravelSheetBase\Tests\Feature\Elements\ColumnType)::Format with data set &quot;bool 4&quot;" class="SchenkeIo\LaravelSheetBase\Tests\Feature\Elements\ColumnTypeTest" classname="SchenkeIo.LaravelSheetBase.Tests.Feature.Elements.ColumnTypeTest" assertions="1" time="0.036047"/>
          <testcase name="Format with data set &quot;bool 5&quot;" file="Column Type (SchenkeIo\LaravelSheetBase\Tests\Feature\Elements\ColumnType)::Format with data set &quot;bool 5&quot;" class="SchenkeIo\LaravelSheetBase\Tests\Feature\Elements\ColumnTypeTest" classname="SchenkeIo.LaravelSheetBase.Tests.Feature.Elements.ColumnTypeTest" assertions="1" time="0.034312"/>
          <testcase name="Format with data set &quot;bool 6&quot;" file="Column Type (SchenkeIo\LaravelSheetBase\Tests\Feature\Elements\ColumnType)::Format with data set &quot;bool 6&quot;" class="SchenkeIo\LaravelSheetBase\Tests\Feature\Elements\ColumnTypeTest" classname="SchenkeIo.LaravelSheetBase.Tests.Feature.Elements.ColumnTypeTest" assertions="1" time="0.038803"/>
          <testcase name="Format with data set &quot;bool 7&quot;" file="Column Type (SchenkeIo\LaravelSheetBase\Tests\Feature\Elements\ColumnType)::Format with data set &quot;bool 7&quot;" class="SchenkeIo\LaravelSheetBase\Tests\Feature\Elements\ColumnTypeTest" classname="SchenkeIo.LaravelSheetBase.Tests.Feature.Elements.ColumnTypeTest" assertions="1" time="0.041999"/>
          <testcase name="Format with data set &quot;bool 8&quot;" file="Column Type (SchenkeIo\LaravelSheetBase\Tests\Feature\Elements\ColumnType)::Format with data set &quot;bool 8&quot;" class="SchenkeIo\LaravelSheetBase\Tests\Feature\Elements\ColumnTypeTest" classname="SchenkeIo.LaravelSheetBase.Tests.Feature.Elements.ColumnTypeTest" assertions="1" time="0.036767"/>
          <testcase name="Format with data set &quot;bool 9&quot;" file="Column Type (SchenkeIo\LaravelSheetBase\Tests\Feature\Elements\ColumnType)::Format with data set &quot;bool 9&quot;" class="SchenkeIo\LaravelSheetBase\Tests\Feature\Elements\ColumnTypeTest" classname="SchenkeIo.LaravelSheetBase.Tests.Feature.Elements.ColumnTypeTest" assertions="1" time="0.029788"/>
          <testcase name="Format with data set &quot;bool 10&quot;" file="Column Type (SchenkeIo\LaravelSheetBase\Tests\Feature\Elements\ColumnType)::Format with data set &quot;bool 10&quot;" class="SchenkeIo\LaravelSheetBase\Tests\Feature\Elements\ColumnTypeTest" classname="SchenkeIo.LaravelSheetBase.Tests.Feature.Elements.ColumnTypeTest" assertions="1" time="0.033288"/>
          <testcase name="Format with data set &quot;bool 11&quot;" file="Column Type (SchenkeIo\LaravelSheetBase\Tests\Feature\Elements\ColumnType)::Format with data set &quot;bool 11&quot;" class="SchenkeIo\LaravelSheetBase\Tests\Feature\Elements\ColumnTypeTest" classname="SchenkeIo.LaravelSheetBase.Tests.Feature.Elements.ColumnTypeTest" assertions="1" time="0.037460"/>
          <testcase name="Format with data set &quot;bool 12&quot;" file="Column Type (SchenkeIo\LaravelSheetBase\Tests\Feature\Elements\ColumnType)::Format with data set &quot;bool 12&quot;" class="SchenkeIo\LaravelSheetBase\Tests\Feature\Elements\ColumnTypeTest" classname="SchenkeIo.LaravelSheetBase.Tests.Feature.Elements.ColumnTypeTest" assertions="1" time="0.032519"/>
          <testcase name="Format with data set &quot;bool 13&quot;" file="Column Type (SchenkeIo\LaravelSheetBase\Tests\Feature\Elements\ColumnType)::Format with data set &quot;bool 13&quot;" class="SchenkeIo\LaravelSheetBase\Tests\Feature\Elements\ColumnTypeTest" classname="SchenkeIo.LaravelSheetBase.Tests.Feature.Elements.ColumnTypeTest" assertions="1" time="0.025194"/>
          <testcase name="Format with data set &quot;bool 14&quot;" file="Column Type (SchenkeIo\LaravelSheetBase\Tests\Feature\Elements\ColumnType)::Format with data set &quot;bool 14&quot;" class="SchenkeIo\LaravelSheetBase\Tests\Feature\Elements\ColumnTypeTest" classname="SchenkeIo.LaravelSheetBase.Tests.Feature.Elements.ColumnTypeTest" assertions="1" time="0.044226"/>
          <testcase name="Format with data set &quot;string 1&quot;" file="Column Type (SchenkeIo\LaravelSheetBase\Tests\Feature\Elements\ColumnType)::Format with data set &quot;string 1&quot;" class="SchenkeIo\LaravelSheetBase\Tests\Feature\Elements\ColumnTypeTest" classname="SchenkeIo.LaravelSheetBase.Tests.Feature.Elements.ColumnTypeTest" assertions="1" time="0.041994"/>
          <testcase name="Format with data set &quot;string 2&quot;" file="Column Type (SchenkeIo\LaravelSheetBase\Tests\Feature\Elements\ColumnType)::Format with data set &quot;string 2&quot;" class="SchenkeIo\LaravelSheetBase\Tests\Feature\Elements\ColumnTypeTest" classname="SchenkeIo.LaravelSheetBase.Tests.Feature.Elements.ColumnTypeTest" assertions="1" time="0.045682"/>
          <testcase name="Format with data set &quot;string 3&quot;" file="Column Type (SchenkeIo\LaravelSheetBase\Tests\Feature\Elements\ColumnType)::Format with data set &quot;string 3&quot;" class="SchenkeIo\LaravelSheetBase\Tests\Feature\Elements\ColumnTypeTest" classname="SchenkeIo.LaravelSheetBase.Tests.Feature.Elements.ColumnTypeTest" assertions="1" time="0.047968"/>
          <testcase name="Format with data set &quot;null string 1&quot;" file="Column Type (SchenkeIo\LaravelSheetBase\Tests\Feature\Elements\ColumnType)::Format with data set &quot;null string 1&quot;" class="SchenkeIo\LaravelSheetBase\Tests\Feature\Elements\ColumnTypeTest" classname="SchenkeIo.LaravelSheetBase.Tests.Feature.Elements.ColumnTypeTest" assertions="1" time="0.053419"/>
          <testcase name="Format with data set &quot;null string 2&quot;" file="Column Type (SchenkeIo\LaravelSheetBase\Tests\Feature\Elements\ColumnType)::Format with data set &quot;null string 2&quot;" class="SchenkeIo\LaravelSheetBase\Tests\Feature\Elements\ColumnTypeTest" classname="SchenkeIo.LaravelSheetBase.Tests.Feature.Elements.ColumnTypeTest" assertions="1" time="0.052002"/>
          <testcase name="Format with data set &quot;null string 3&quot;" file="Column Type (SchenkeIo\LaravelSheetBase\Tests\Feature\Elements\ColumnType)::Format with data set &quot;null string 3&quot;" class="SchenkeIo\LaravelSheetBase\Tests\Feature\Elements\ColumnTypeTest" classname="SchenkeIo.LaravelSheetBase.Tests.Feature.Elements.ColumnTypeTest" assertions="1" time="0.049913"/>
          <testcase name="Format with data set &quot;null string 4&quot;" file="Column Type (SchenkeIo\LaravelSheetBase\Tests\Feature\Elements\ColumnType)::Format with data set &quot;null string 4&quot;" class="SchenkeIo\LaravelSheetBase\Tests\Feature\Elements\ColumnTypeTest" classname="SchenkeIo.LaravelSheetBase.Tests.Feature.Elements.ColumnTypeTest" assertions="1" time="0.051117"/>
          <testcase name="Format with data set &quot;language 1&quot;" file="Column Type (SchenkeIo\LaravelSheetBase\Tests\Feature\Elements\ColumnType)::Format with data set &quot;language 1&quot;" class="SchenkeIo\LaravelSheetBase\Tests\Feature\Elements\ColumnTypeTest" classname="SchenkeIo.LaravelSheetBase.Tests.Feature.Elements.ColumnTypeTest" assertions="1" time="0.052075"/>
          <testcase name="Format with data set &quot;language 2&quot;" file="Column Type (SchenkeIo\LaravelSheetBase\Tests\Feature\Elements\ColumnType)::Format with data set &quot;language 2&quot;" class="SchenkeIo\LaravelSheetBase\Tests\Feature\Elements\ColumnTypeTest" classname="SchenkeIo.LaravelSheetBase.Tests.Feature.Elements.ColumnTypeTest" assertions="1" time="0.051886"/>
          <testcase name="Format with data set &quot;language 3&quot;" file="Column Type (SchenkeIo\LaravelSheetBase\Tests\Feature\Elements\ColumnType)::Format with data set &quot;language 3&quot;" class="SchenkeIo\LaravelSheetBase\Tests\Feature\Elements\ColumnTypeTest" classname="SchenkeIo.LaravelSheetBase.Tests.Feature.Elements.ColumnTypeTest" assertions="1" time="0.052492"/>
          <testcase name="Format with data set &quot;language 4&quot;" file="Column Type (SchenkeIo\LaravelSheetBase\Tests\Feature\Elements\ColumnType)::Format with data set &quot;language 4&quot;" class="SchenkeIo\LaravelSheetBase\Tests\Feature\Elements\ColumnTypeTest" classname="SchenkeIo.LaravelSheetBase.Tests.Feature.Elements.ColumnTypeTest" assertions="1" time="0.051070"/>
          <testcase name="Format with data set &quot;data-time 1&quot;" file="Column Type (SchenkeIo\LaravelSheetBase\Tests\Feature\Elements\ColumnType)::Format with data set &quot;data-time 1&quot;" class="SchenkeIo\LaravelSheetBase\Tests\Feature\Elements\ColumnTypeTest" classname="SchenkeIo.LaravelSheetBase.Tests.Feature.Elements.ColumnTypeTest" assertions="1" time="0.052152"/>
          <testcase name="Format with data set &quot;data-time 2&quot;" file="Column Type (SchenkeIo\LaravelSheetBase\Tests\Feature\Elements\ColumnType)::Format with data set &quot;data-time 2&quot;" class="SchenkeIo\LaravelSheetBase\Tests\Feature\Elements\ColumnTypeTest" classname="SchenkeIo.LaravelSheetBase.Tests.Feature.Elements.ColumnTypeTest" assertions="1" time="0.054643"/>
          <testcase name="Format with data set &quot;data-time 3&quot;" file="Column Type (SchenkeIo\LaravelSheetBase\Tests\Feature\Elements\ColumnType)::Format with data set &quot;data-time 3&quot;" class="SchenkeIo\LaravelSheetBase\Tests\Feature\Elements\ColumnTypeTest" classname="SchenkeIo.LaravelSheetBase.Tests.Feature.Elements.ColumnTypeTest" assertions="1" time="0.053351"/>
          <testcase name="Format with data set &quot;data-time 4&quot;" file="Column Type (SchenkeIo\LaravelSheetBase\Tests\Feature\Elements\ColumnType)::Format with data set &quot;data-time 4&quot;" class="SchenkeIo\LaravelSheetBase\Tests\Feature\Elements\ColumnTypeTest" classname="SchenkeIo.LaravelSheetBase.Tests.Feature.Elements.ColumnTypeTest" assertions="1" time="0.050165"/>
          <testcase name="Format with data set &quot;data-time 5&quot;" file="Column Type (SchenkeIo\LaravelSheetBase\Tests\Feature\Elements\ColumnType)::Format with data set &quot;data-time 5&quot;" class="SchenkeIo\LaravelSheetBase\Tests\Feature\Elements\ColumnTypeTest" classname="SchenkeIo.LaravelSheetBase.Tests.Feature.Elements.ColumnTypeTest" assertions="1" time="0.048789"/>
        </testsuite>
      </testsuite>
      <testsuite name="SchenkeIo\LaravelSheetBase\Tests\Feature\Elements\PipelineDataFilterSyncTest" file="Pipeline Data Filter Sync (SchenkeIo\LaravelSheetBase\Tests\Feature\Elements\PipelineDataFilterSync)" tests="1" assertions="1" errors="0" failures="0" skipped="0" time="0.190805">
        <testcase name="New from type" file="Pipeline Data Filter Sync (SchenkeIo\LaravelSheetBase\Tests\Feature\Elements\PipelineDataFilterSync)::New from type" class="SchenkeIo\LaravelSheetBase\Tests\Feature\Elements\PipelineDataFilterSyncTest" classname="SchenkeIo.LaravelSheetBase.Tests.Feature.Elements.PipelineDataFilterSyncTest" assertions="1" time="0.190805"/>
      </testsuite>
      <testsuite name="SchenkeIo\LaravelSheetBase\Tests\Feature\Elements\PipelineDataTest" file="Pipeline Data (SchenkeIo\LaravelSheetBase\Tests\Feature\Elements\PipelineData)" tests="8" assertions="18" errors="0" failures="0" skipped="0" time="0.023900">
        <testcase name="Overwrite of pipeline data" file="Pipeline Data (SchenkeIo\LaravelSheetBase\Tests\Feature\Elements\PipelineData)::Overwrite of pipeline data" class="SchenkeIo\LaravelSheetBase\Tests\Feature\Elements\PipelineDataTest" classname="SchenkeIo.LaravelSheetBase.Tests.Feature.Elements.PipelineDataTest" assertions="4" time="0.004023"/>
        <testcase name="Overwrite only some columns" file="Pipeline Data (SchenkeIo\LaravelSheetBase\Tests\Feature\Elements\PipelineData)::Overwrite only some columns" class="SchenkeIo\LaravelSheetBase\Tests\Feature\Elements\PipelineDataTest" classname="SchenkeIo.LaravelSheetBase.Tests.Feature.Elements.PipelineDataTest" assertions="2" time="0.001234"/>
        <testcase name="From array" file="Pipeline Data (SchenkeIo\LaravelSheetBase\Tests\Feature\Elements\PipelineData)::From array" class="SchenkeIo\LaravelSheetBase\Tests\Feature\Elements\PipelineDataTest" classname="SchenkeIo.LaravelSheetBase.Tests.Feature.Elements.PipelineDataTest" assertions="2" time="0.001273"/>
        <testcase name="Add row empty id exception" file="Pipeline Data (SchenkeIo\LaravelSheetBase\Tests\Feature\Elements\PipelineData)::Add row empty id exception" class="SchenkeIo\LaravelSheetBase\Tests\Feature\Elements\PipelineDataTest" classname="SchenkeIo.LaravelSheetBase.Tests.Feature.Elements.PipelineDataTest" assertions="3" time="0.001541"/>
        <testcase name="Add row tree" file="Pipeline Data (SchenkeIo\LaravelSheetBase\Tests\Feature\Elements\PipelineData)::Add row tree" class="SchenkeIo\LaravelSheetBase\Tests\Feature\Elements\PipelineDataTest" classname="SchenkeIo.LaravelSheetBase.Tests.Feature.Elements.PipelineDataTest" assertions="1" time="0.001570"/>
        <testcase name="Overwrite tree" file="Pipeline Data (SchenkeIo\LaravelSheetBase\Tests\Feature\Elements\PipelineData)::Overwrite tree" class="SchenkeIo\LaravelSheetBase\Tests\Feature\Elements\PipelineDataTest" classname="SchenkeIo.LaravelSheetBase.Tests.Feature.Elements.PipelineDataTest" assertions="2" time="0.001251"/>
        <testcase name="New from type" file="Pipeline Data (SchenkeIo\LaravelSheetBase\Tests\Feature\Elements\PipelineData)::New from type" class="SchenkeIo\LaravelSheetBase\Tests\Feature\Elements\PipelineDataTest" classname="SchenkeIo.LaravelSheetBase.Tests.Feature.Elements.PipelineDataTest" assertions="1" time="0.001252"/>
        <testcase name="Filter keys off" file="Pipeline Data (SchenkeIo\LaravelSheetBase\Tests\Feature\Elements\PipelineData)::Filter keys off" class="SchenkeIo\LaravelSheetBase\Tests\Feature\Elements\PipelineDataTest" classname="SchenkeIo.LaravelSheetBase.Tests.Feature.Elements.PipelineDataTest" assertions="3" time="0.011758"/>
      </testsuite>
      <testsuite name="SchenkeIo\LaravelSheetBase\Tests\Feature\Elements\PipelineSyncTest" file="Pipeline Sync (SchenkeIo\LaravelSheetBase\Tests\Feature\Elements\PipelineSync)" tests="2" assertions="4" errors="0" failures="0" skipped="0" time="0.062394">
        <testcase name="It can sync" file="Pipeline Sync (SchenkeIo\LaravelSheetBase\Tests\Feature\Elements\PipelineSync)::It can sync" class="SchenkeIo\LaravelSheetBase\Tests\Feature\Elements\PipelineSyncTest" classname="SchenkeIo.LaravelSheetBase.Tests.Feature.Elements.PipelineSyncTest" assertions="3" time="0.032681"/>
        <testcase name="Defect keys in config" file="Pipeline Sync (SchenkeIo\LaravelSheetBase\Tests\Feature\Elements\PipelineSync)::Defect keys in config" class="SchenkeIo\LaravelSheetBase\Tests\Feature\Elements\PipelineSyncTest" classname="SchenkeIo.LaravelSheetBase.Tests.Feature.Elements.PipelineSyncTest" assertions="1" time="0.029713"/>
      </testsuite>
      <testsuite name="SchenkeIo\LaravelSheetBase\Tests\Feature\Elements\PipelineTest" file="Pipeline (SchenkeIo\LaravelSheetBase\Tests\Feature\Elements\Pipeline)" tests="20" assertions="27" errors="0" failures="0" skipped="0" time="0.658978">
        <testsuite name="Can make from config" tests="19" assertions="26" errors="0" failures="0" skipped="0" time="0.627569">
          <testcase name="Can make from config with data set &quot;correct&quot;" file="Pipeline (SchenkeIo\LaravelSheetBase\Tests\Feature\Elements\Pipeline)::Can make from config with data set &quot;correct&quot;" class="SchenkeIo\LaravelSheetBase\Tests\Feature\Elements\PipelineTest" classname="SchenkeIo.LaravelSheetBase.Tests.Feature.Elements.PipelineTest" assertions="0" time="0.041576"/>
          <testcase name="Can make from config with data set &quot;from files&quot;" file="Pipeline (SchenkeIo\LaravelSheetBase\Tests\Feature\Elements\Pipeline)::Can make from config with data set &quot;from files&quot;" class="SchenkeIo\LaravelSheetBase\Tests\Feature\Elements\PipelineTest" classname="SchenkeIo.LaravelSheetBase.Tests.Feature.Elements.PipelineTest" assertions="0" time="0.029638"/>
          <testcase name="Can make from config with data set &quot;sources not as array&quot;" file="Pipeline (SchenkeIo\LaravelSheetBase\Tests\Feature\Elements\Pipeline)::Can make from config with data set &quot;sources not as array&quot;" class="SchenkeIo\LaravelSheetBase\Tests\Feature\Elements\PipelineTest" classname="SchenkeIo.LaravelSheetBase.Tests.Feature.Elements.PipelineTest" assertions="2" time="0.031358"/>
          <testcase name="Can make from config with data set &quot;wrong target class&quot;" file="Pipeline (SchenkeIo\LaravelSheetBase\Tests\Feature\Elements\Pipeline)::Can make from config with data set &quot;wrong target class&quot;" class="SchenkeIo\LaravelSheetBase\Tests\Feature\Elements\PipelineTest" classname="SchenkeIo.LaravelSheetBase.Tests.Feature.Elements.PipelineTest" assertions="2" time="0.030696"/>
          <testcase name="Can make from config with data set &quot;no class name and invalid target file&quot;" file="Pipeline (SchenkeIo\LaravelSheetBase\Tests\Feature\Elements\Pipeline)::Can make from config with data set &quot;no class name and invalid target file&quot;" class="SchenkeIo\LaravelSheetBase\Tests\Feature\Elements\PipelineTest" classname="SchenkeIo.LaravelSheetBase.Tests.Feature.Elements.PipelineTest" assertions="1" time="0.034056"/>
          <testcase name="Can make from config with data set &quot;target is just a file name&quot;" file="Pipeline (SchenkeIo\LaravelSheetBase\Tests\Feature\Elements\Pipeline)::Can make from config with data set &quot;target is just a file name&quot;" class="SchenkeIo\LaravelSheetBase\Tests\Feature\Elements\PipelineTest" classname="SchenkeIo.LaravelSheetBase.Tests.Feature.Elements.PipelineTest" assertions="0" time="0.031507"/>
          <testcase name="Can make from config with data set &quot;wrong schema class&quot;" file="Pipeline (SchenkeIo\LaravelSheetBase\Tests\Feature\Elements\Pipeline)::Can make from config with data set &quot;wrong schema class&quot;" class="SchenkeIo\LaravelSheetBase\Tests\Feature\Elements\PipelineTest" classname="SchenkeIo.LaravelSheetBase.Tests.Feature.Elements.PipelineTest" assertions="2" time="0.031469"/>
          <testcase name="Can make from config with data set &quot;schema class not exists&quot;" file="Pipeline (SchenkeIo\LaravelSheetBase\Tests\Feature\Elements\Pipeline)::Can make from config with data set &quot;schema class not exists&quot;" class="SchenkeIo\LaravelSheetBase\Tests\Feature\Elements\PipelineTest" classname="SchenkeIo.LaravelSheetBase.Tests.Feature.Elements.PipelineTest" assertions="2" time="0.032845"/>
          <testcase name="Can make from config with data set &quot;empty source&quot;" file="Pipeline (SchenkeIo\LaravelSheetBase\Tests\Feature\Elements\Pipeline)::Can make from config with data set &quot;empty source&quot;" class="SchenkeIo\LaravelSheetBase\Tests\Feature\Elements\PipelineTest" classname="SchenkeIo.LaravelSheetBase.Tests.Feature.Elements.PipelineTest" assertions="2" time="0.033265"/>
          <testcase name="Can make from config with data set &quot;no class name and invalid source file&quot;" file="Pipeline (SchenkeIo\LaravelSheetBase\Tests\Feature\Elements\Pipeline)::Can make from config with data set &quot;no class name and invalid source file&quot;" class="SchenkeIo\LaravelSheetBase\Tests\Feature\Elements\PipelineTest" classname="SchenkeIo.LaravelSheetBase.Tests.Feature.Elements.PipelineTest" assertions="1" time="0.035200"/>
          <testcase name="Can make from config with data set &quot;wrong source&quot;" file="Pipeline (SchenkeIo\LaravelSheetBase\Tests\Feature\Elements\Pipeline)::Can make from config with data set &quot;wrong source&quot;" class="SchenkeIo\LaravelSheetBase\Tests\Feature\Elements\PipelineTest" classname="SchenkeIo.LaravelSheetBase.Tests.Feature.Elements.PipelineTest" assertions="2" time="0.031142"/>
          <testcase name="Can make from config with data set &quot;empty target&quot;" file="Pipeline (SchenkeIo\LaravelSheetBase\Tests\Feature\Elements\Pipeline)::Can make from config with data set &quot;empty target&quot;" class="SchenkeIo\LaravelSheetBase\Tests\Feature\Elements\PipelineTest" classname="SchenkeIo.LaravelSheetBase.Tests.Feature.Elements.PipelineTest" assertions="2" time="0.033921"/>
          <testcase name="Can make from config with data set &quot;filter is writer class&quot;" file="Pipeline (SchenkeIo\LaravelSheetBase\Tests\Feature\Elements\Pipeline)::Can make from config with data set &quot;filter is writer class&quot;" class="SchenkeIo\LaravelSheetBase\Tests\Feature\Elements\PipelineTest" classname="SchenkeIo.LaravelSheetBase.Tests.Feature.Elements.PipelineTest" assertions="2" time="0.035880"/>
          <testcase name="Can make from config with data set &quot;sync impossible with two sources&quot;" file="Pipeline (SchenkeIo\LaravelSheetBase\Tests\Feature\Elements\Pipeline)::Can make from config with data set &quot;sync impossible with two sources&quot;" class="SchenkeIo\LaravelSheetBase\Tests\Feature\Elements\PipelineTest" classname="SchenkeIo.LaravelSheetBase.Tests.Feature.Elements.PipelineTest" assertions="2" time="0.035498"/>
          <testcase name="Can make from config with data set &quot;sync requires Google sheet source&quot;" file="Pipeline (SchenkeIo\LaravelSheetBase\Tests\Feature\Elements\Pipeline)::Can make from config with data set &quot;sync requires Google sheet source&quot;" class="SchenkeIo\LaravelSheetBase\Tests\Feature\Elements\PipelineTest" classname="SchenkeIo.LaravelSheetBase.Tests.Feature.Elements.PipelineTest" assertions="2" time="0.035720"/>
          <testcase name="Can make from config with data set &quot;sync impossible with non language target&quot;" file="Pipeline (SchenkeIo\LaravelSheetBase\Tests\Feature\Elements\Pipeline)::Can make from config with data set &quot;sync impossible with non language target&quot;" class="SchenkeIo\LaravelSheetBase\Tests\Feature\Elements\PipelineTest" classname="SchenkeIo.LaravelSheetBase.Tests.Feature.Elements.PipelineTest" assertions="2" time="0.037584"/>
          <testcase name="Can make from config with data set &quot;sync impossible without filter&quot;" file="Pipeline (SchenkeIo\LaravelSheetBase\Tests\Feature\Elements\Pipeline)::Can make from config with data set &quot;sync impossible without filter&quot;" class="SchenkeIo\LaravelSheetBase\Tests\Feature\Elements\PipelineTest" classname="SchenkeIo.LaravelSheetBase.Tests.Feature.Elements.PipelineTest" assertions="2" time="0.037874"/>
          <testcase name="Can make from config with data set &quot;working filter&quot;" file="Pipeline (SchenkeIo\LaravelSheetBase\Tests\Feature\Elements\Pipeline)::Can make from config with data set &quot;working filter&quot;" class="SchenkeIo\LaravelSheetBase\Tests\Feature\Elements\PipelineTest" classname="SchenkeIo.LaravelSheetBase.Tests.Feature.Elements.PipelineTest" assertions="0" time="0.024385"/>
          <testcase name="Can make from config with data set &quot;working filter file&quot;" file="Pipeline (SchenkeIo\LaravelSheetBase\Tests\Feature\Elements\Pipeline)::Can make from config with data set &quot;working filter file&quot;" class="SchenkeIo\LaravelSheetBase\Tests\Feature\Elements\PipelineTest" classname="SchenkeIo.LaravelSheetBase.Tests.Feature.Elements.PipelineTest" assertions="0" time="0.023958"/>
        </testsuite>
        <testcase name="Pump" file="Pipeline (SchenkeIo\LaravelSheetBase\Tests\Feature\Elements\Pipeline)::Pump" class="SchenkeIo\LaravelSheetBase\Tests\Feature\Elements\PipelineTest" classname="SchenkeIo.LaravelSheetBase.Tests.Feature.Elements.PipelineTest" assertions="1" time="0.031409"/>
      </testsuite>
      <testsuite name="SchenkeIo\LaravelSheetBase\Tests\Feature\Elements\PipelineTypeTest" file="Pipeline Type (SchenkeIo\LaravelSheetBase\Tests\Feature\Elements\PipelineType)" tests="1" assertions="1" errors="0" failures="0" skipped="0" time="0.069721">
        <testcase name="Nix" file="Pipeline Type (SchenkeIo\LaravelSheetBase\Tests\Feature\Elements\PipelineType)::Nix" class="SchenkeIo\LaravelSheetBase\Tests\Feature\Elements\PipelineTypeTest" classname="SchenkeIo.LaravelSheetBase.Tests.Feature.Elements.PipelineTypeTest" assertions="1" time="0.069721"/>
      </testsuite>
      <testsuite name="SchenkeIo\LaravelSheetBase\Tests\Feature\Elements\SheetBaseConfigTest" file="Sheet Base Config (SchenkeIo\LaravelSheetBase\Tests\Feature\Elements\SheetBaseConfig)" tests="7" assertions="12" errors="0" failures="0" skipped="0" time="0.207376">
        <testsuite name="Config syntax" tests="7" assertions="12" errors="0" failures="0" skipped="0" time="0.207376">
          <testcase name="Config syntax with data set &quot;no error&quot;" file="Sheet Base Config (SchenkeIo\LaravelSheetBase\Tests\Feature\Elements\SheetBaseConfig)::Config syntax with data set &quot;no error&quot;" class="SchenkeIo\LaravelSheetBase\Tests\Feature\Elements\SheetBaseConfigTest" classname="SchenkeIo.LaravelSheetBase.Tests.Feature.Elements.SheetBaseConfigTest" assertions="0" time="0.030078"/>
          <testcase name="Config syntax with data set &quot;no array in sources&quot;" file="Sheet Base Config (SchenkeIo\LaravelSheetBase\Tests\Feature\Elements\SheetBaseConfig)::Config syntax with data set &quot;no array in sources&quot;" class="SchenkeIo\LaravelSheetBase\Tests\Feature\Elements\SheetBaseConfigTest" classname="SchenkeIo.LaravelSheetBase.Tests.Feature.Elements.SheetBaseConfigTest" assertions="2" time="0.028473"/>
          <testcase name="Config syntax with data set &quot;wrong schema class&quot;" file="Sheet Base Config (SchenkeIo\LaravelSheetBase\Tests\Feature\Elements\SheetBaseConfig)::Config syntax with data set &quot;wrong schema class&quot;" class="SchenkeIo\LaravelSheetBase\Tests\Feature\Elements\SheetBaseConfigTest" classname="SchenkeIo.LaravelSheetBase.Tests.Feature.Elements.SheetBaseConfigTest" assertions="2" time="0.026726"/>
          <testcase name="Config syntax with data set &quot;wrong source class&quot;" file="Sheet Base Config (SchenkeIo\LaravelSheetBase\Tests\Feature\Elements\SheetBaseConfig)::Config syntax with data set &quot;wrong source class&quot;" class="SchenkeIo\LaravelSheetBase\Tests\Feature\Elements\SheetBaseConfigTest" classname="SchenkeIo.LaravelSheetBase.Tests.Feature.Elements.SheetBaseConfigTest" assertions="2" time="0.029241"/>
          <testcase name="Config syntax with data set &quot;wrong target class&quot;" file="Sheet Base Config (SchenkeIo\LaravelSheetBase\Tests\Feature\Elements\SheetBaseConfig)::Config syntax with data set &quot;wrong target class&quot;" class="SchenkeIo\LaravelSheetBase\Tests\Feature\Elements\SheetBaseConfigTest" classname="SchenkeIo.LaravelSheetBase.Tests.Feature.Elements.SheetBaseConfigTest" assertions="2" time="0.030888"/>
          <testcase name="Config syntax with data set &quot;multiple use of same target&quot;" file="Sheet Base Config (SchenkeIo\LaravelSheetBase\Tests\Feature\Elements\SheetBaseConfig)::Config syntax with data set &quot;multiple use of same target&quot;" class="SchenkeIo\LaravelSheetBase\Tests\Feature\Elements\SheetBaseConfigTest" classname="SchenkeIo.LaravelSheetBase.Tests.Feature.Elements.SheetBaseConfigTest" assertions="2" time="0.031207"/>
          <testcase name="Config syntax with data set &quot;multiple use of language&quot;" file="Sheet Base Config (SchenkeIo\LaravelSheetBase\Tests\Feature\Elements\SheetBaseConfig)::Config syntax with data set &quot;multiple use of language&quot;" class="SchenkeIo\LaravelSheetBase\Tests\Feature\Elements\SheetBaseConfigTest" classname="SchenkeIo.LaravelSheetBase.Tests.Feature.Elements.SheetBaseConfigTest" assertions="2" time="0.030763"/>
        </testsuite>
      </testsuite>
      <testsuite name="SchenkeIo\LaravelSheetBase\Tests\Feature\Elements\SheetBaseSchemaTest" file="Sheet Base Schema (SchenkeIo\LaravelSheetBase\Tests\Feature\Elements\SheetBaseSchema)" tests="26" assertions="21" errors="0" failures="0" skipped="0" time="0.053278">
        <testsuite name="Schemas" tests="15" assertions="19" errors="0" failures="0" skipped="0" time="0.040510">
          <testcase name="Schemas with data set &quot;correct&quot;" file="Sheet Base Schema (SchenkeIo\LaravelSheetBase\Tests\Feature\Elements\SheetBaseSchema)::Schemas with data set &quot;correct&quot;" class="SchenkeIo\LaravelSheetBase\Tests\Feature\Elements\SheetBaseSchemaTest" classname="SchenkeIo.LaravelSheetBase.Tests.Feature.Elements.SheetBaseSchemaTest" assertions="1" time="0.016607"/>
          <testcase name="Schemas with data set &quot;no id 1&quot;" file="Sheet Base Schema (SchenkeIo\LaravelSheetBase\Tests\Feature\Elements\SheetBaseSchema)::Schemas with data set &quot;no id 1&quot;" class="SchenkeIo\LaravelSheetBase\Tests\Feature\Elements\SheetBaseSchemaTest" classname="SchenkeIo.LaravelSheetBase.Tests.Feature.Elements.SheetBaseSchemaTest" assertions="1" time="0.001245"/>
          <testcase name="Schemas with data set &quot;no id 2&quot;" file="Sheet Base Schema (SchenkeIo\LaravelSheetBase\Tests\Feature\Elements\SheetBaseSchema)::Schemas with data set &quot;no id 2&quot;" class="SchenkeIo\LaravelSheetBase\Tests\Feature\Elements\SheetBaseSchemaTest" classname="SchenkeIo.LaravelSheetBase.Tests.Feature.Elements.SheetBaseSchemaTest" assertions="1" time="0.001605"/>
          <testcase name="Schemas with data set &quot;only id&quot;" file="Sheet Base Schema (SchenkeIo\LaravelSheetBase\Tests\Feature\Elements\SheetBaseSchema)::Schemas with data set &quot;only id&quot;" class="SchenkeIo\LaravelSheetBase\Tests\Feature\Elements\SheetBaseSchemaTest" classname="SchenkeIo.LaravelSheetBase.Tests.Feature.Elements.SheetBaseSchemaTest" assertions="1" time="0.001322"/>
          <testcase name="Schemas with data set &quot;id not first&quot;" file="Sheet Base Schema (SchenkeIo\LaravelSheetBase\Tests\Feature\Elements\SheetBaseSchema)::Schemas with data set &quot;id not first&quot;" class="SchenkeIo\LaravelSheetBase\Tests\Feature\Elements\SheetBaseSchemaTest" classname="SchenkeIo.LaravelSheetBase.Tests.Feature.Elements.SheetBaseSchemaTest" assertions="1" time="0.001897"/>
          <testcase name="Schemas with data set &quot;no column&quot;" file="Sheet Base Schema (SchenkeIo\LaravelSheetBase\Tests\Feature\Elements\SheetBaseSchema)::Schemas with data set &quot;no column&quot;" class="SchenkeIo\LaravelSheetBase\Tests\Feature\Elements\SheetBaseSchemaTest" classname="SchenkeIo.LaravelSheetBase.Tests.Feature.Elements.SheetBaseSchemaTest" assertions="2" time="0.001689"/>
          <testcase name="Schemas with data set &quot;two id 1&quot;" file="Sheet Base Schema (SchenkeIo\LaravelSheetBase\Tests\Feature\Elements\SheetBaseSchema)::Schemas with data set &quot;two id 1&quot;" class="SchenkeIo\LaravelSheetBase\Tests\Feature\Elements\SheetBaseSchemaTest" classname="SchenkeIo.LaravelSheetBase.Tests.Feature.Elements.SheetBaseSchemaTest" assertions="1" time="0.001814"/>
          <testcase name="Schemas with data set &quot;two id 2&quot;" file="Sheet Base Schema (SchenkeIo\LaravelSheetBase\Tests\Feature\Elements\SheetBaseSchema)::Schemas with data set &quot;two id 2&quot;" class="SchenkeIo\LaravelSheetBase\Tests\Feature\Elements\SheetBaseSchemaTest" classname="SchenkeIo.LaravelSheetBase.Tests.Feature.Elements.SheetBaseSchemaTest" assertions="1" time="0.001739"/>
          <testcase name="Schemas with data set &quot;2 same names&quot;" file="Sheet Base Schema (SchenkeIo\LaravelSheetBase\Tests\Feature\Elements\SheetBaseSchema)::Schemas with data set &quot;2 same names&quot;" class="SchenkeIo\LaravelSheetBase\Tests\Feature\Elements\SheetBaseSchemaTest" classname="SchenkeIo.LaravelSheetBase.Tests.Feature.Elements.SheetBaseSchemaTest" assertions="1" time="0.001776"/>
          <testcase name="Schemas with data set &quot;2 columns no id&quot;" file="Sheet Base Schema (SchenkeIo\LaravelSheetBase\Tests\Feature\Elements\SheetBaseSchema)::Schemas with data set &quot;2 columns no id&quot;" class="SchenkeIo\LaravelSheetBase\Tests\Feature\Elements\SheetBaseSchemaTest" classname="SchenkeIo.LaravelSheetBase.Tests.Feature.Elements.SheetBaseSchemaTest" assertions="2" time="0.001849"/>
          <testcase name="Schemas with data set &quot;wrong language column name&quot;" file="Sheet Base Schema (SchenkeIo\LaravelSheetBase\Tests\Feature\Elements\SheetBaseSchema)::Schemas with data set &quot;wrong language column name&quot;" class="SchenkeIo\LaravelSheetBase\Tests\Feature\Elements\SheetBaseSchemaTest" classname="SchenkeIo.LaravelSheetBase.Tests.Feature.Elements.SheetBaseSchemaTest" assertions="1" time="0.001902"/>
          <testcase name="Schemas with data set &quot;empty column name&quot;" file="Sheet Base Schema (SchenkeIo\LaravelSheetBase\Tests\Feature\Elements\SheetBaseSchema)::Schemas with data set &quot;empty column name&quot;" class="SchenkeIo\LaravelSheetBase\Tests\Feature\Elements\SheetBaseSchemaTest" classname="SchenkeIo.LaravelSheetBase.Tests.Feature.Elements.SheetBaseSchemaTest" assertions="1" time="0.001820"/>
          <testcase name="Schemas with data set &quot;valid lang tree&quot;" file="Sheet Base Schema (SchenkeIo\LaravelSheetBase\Tests\Feature\Elements\SheetBaseSchema)::Schemas with data set &quot;valid lang tree&quot;" class="SchenkeIo\LaravelSheetBase\Tests\Feature\Elements\SheetBaseSchemaTest" classname="SchenkeIo.LaravelSheetBase.Tests.Feature.Elements.SheetBaseSchemaTest" assertions="1" time="0.001358"/>
          <testcase name="Schemas with data set &quot;lang tree not only language&quot;" file="Sheet Base Schema (SchenkeIo\LaravelSheetBase\Tests\Feature\Elements\SheetBaseSchema)::Schemas with data set &quot;lang tree not only language&quot;" class="SchenkeIo\LaravelSheetBase\Tests\Feature\Elements\SheetBaseSchemaTest" classname="SchenkeIo.LaravelSheetBase.Tests.Feature.Elements.SheetBaseSchemaTest" assertions="2" time="0.001954"/>
          <testcase name="Schemas with data set &quot;lang tree language but no dot&quot;" file="Sheet Base Schema (SchenkeIo\LaravelSheetBase\Tests\Feature\Elements\SheetBaseSchema)::Schemas with data set &quot;lang tree language but no dot&quot;" class="SchenkeIo\LaravelSheetBase\Tests\Feature\Elements\SheetBaseSchemaTest" classname="SchenkeIo.LaravelSheetBase.Tests.Feature.Elements.SheetBaseSchemaTest" assertions="2" time="0.001932"/>
        </testsuite>
        <testcase name="Get functions" file="Sheet Base Schema (SchenkeIo\LaravelSheetBase\Tests\Feature\Elements\SheetBaseSchema)::Get functions" class="SchenkeIo\LaravelSheetBase\Tests\Feature\Elements\SheetBaseSchemaTest" classname="SchenkeIo.LaravelSheetBase.Tests.Feature.Elements.SheetBaseSchemaTest" assertions="2" time="0.001232"/>
        <testsuite name="Add column non language or closure without exception" tests="7" assertions="0" errors="0" failures="0" skipped="0" time="0.008622">
          <testcase name="Add column non language or closure without exception with data set &quot;String&quot;" file="Sheet Base Schema (SchenkeIo\LaravelSheetBase\Tests\Feature\Elements\SheetBaseSchema)::Add column non language or closure without exception with data set &quot;String&quot;" class="SchenkeIo\LaravelSheetBase\Tests\Feature\Elements\SheetBaseSchemaTest" classname="SchenkeIo.LaravelSheetBase.Tests.Feature.Elements.SheetBaseSchemaTest" assertions="0" time="0.001307"/>
          <testcase name="Add column non language or closure without exception with data set &quot;NullString&quot;" file="Sheet Base Schema (SchenkeIo\LaravelSheetBase\Tests\Feature\Elements\SheetBaseSchema)::Add column non language or closure without exception with data set &quot;NullString&quot;" class="SchenkeIo\LaravelSheetBase\Tests\Feature\Elements\SheetBaseSchemaTest" classname="SchenkeIo.LaravelSheetBase.Tests.Feature.Elements.SheetBaseSchemaTest" assertions="0" time="0.001175"/>
          <testcase name="Add column non language or closure without exception with data set &quot;Unsigned&quot;" file="Sheet Base Schema (SchenkeIo\LaravelSheetBase\Tests\Feature\Elements\SheetBaseSchema)::Add column non language or closure without exception with data set &quot;Unsigned&quot;" class="SchenkeIo\LaravelSheetBase\Tests\Feature\Elements\SheetBaseSchemaTest" classname="SchenkeIo.LaravelSheetBase.Tests.Feature.Elements.SheetBaseSchemaTest" assertions="0" time="0.001267"/>
          <testcase name="Add column non language or closure without exception with data set &quot;UnsignedNotNull&quot;" file="Sheet Base Schema (SchenkeIo\LaravelSheetBase\Tests\Feature\Elements\SheetBaseSchema)::Add column non language or closure without exception with data set &quot;UnsignedNotNull&quot;" class="SchenkeIo\LaravelSheetBase\Tests\Feature\Elements\SheetBaseSchemaTest" classname="SchenkeIo.LaravelSheetBase.Tests.Feature.Elements.SheetBaseSchemaTest" assertions="0" time="0.001295"/>
          <testcase name="Add column non language or closure without exception with data set &quot;Float&quot;" file="Sheet Base Schema (SchenkeIo\LaravelSheetBase\Tests\Feature\Elements\SheetBaseSchema)::Add column non language or closure without exception with data set &quot;Float&quot;" class="SchenkeIo\LaravelSheetBase\Tests\Feature\Elements\SheetBaseSchemaTest" classname="SchenkeIo.LaravelSheetBase.Tests.Feature.Elements.SheetBaseSchemaTest" assertions="0" time="0.001213"/>
          <testcase name="Add column non language or closure without exception with data set &quot;Boolean&quot;" file="Sheet Base Schema (SchenkeIo\LaravelSheetBase\Tests\Feature\Elements\SheetBaseSchema)::Add column non language or closure without exception with data set &quot;Boolean&quot;" class="SchenkeIo\LaravelSheetBase\Tests\Feature\Elements\SheetBaseSchemaTest" classname="SchenkeIo.LaravelSheetBase.Tests.Feature.Elements.SheetBaseSchemaTest" assertions="0" time="0.001191"/>
          <testcase name="Add column non language or closure without exception with data set &quot;DateTime&quot;" file="Sheet Base Schema (SchenkeIo\LaravelSheetBase\Tests\Feature\Elements\SheetBaseSchema)::Add column non language or closure without exception with data set &quot;DateTime&quot;" class="SchenkeIo\LaravelSheetBase\Tests\Feature\Elements\SheetBaseSchemaTest" classname="SchenkeIo.LaravelSheetBase.Tests.Feature.Elements.SheetBaseSchemaTest" assertions="0" time="0.001175"/>
        </testsuite>
        <testcase name="Add column language" file="Sheet Base Schema (SchenkeIo\LaravelSheetBase\Tests\Feature\Elements\SheetBaseSchema)::Add column language" class="SchenkeIo\LaravelSheetBase\Tests\Feature\Elements\SheetBaseSchemaTest" classname="SchenkeIo.LaravelSheetBase.Tests.Feature.Elements.SheetBaseSchemaTest" assertions="0" time="0.001034"/>
        <testcase name="Add column closure null" file="Sheet Base Schema (SchenkeIo\LaravelSheetBase\Tests\Feature\Elements\SheetBaseSchema)::Add column closure null" class="SchenkeIo\LaravelSheetBase\Tests\Feature\Elements\SheetBaseSchemaTest" classname="SchenkeIo.LaravelSheetBase.Tests.Feature.Elements.SheetBaseSchemaTest" assertions="0" time="0.000952"/>
        <testcase name="Add column closure" file="Sheet Base Schema (SchenkeIo\LaravelSheetBase\Tests\Feature\Elements\SheetBaseSchema)::Add column closure" class="SchenkeIo\LaravelSheetBase\Tests\Feature\Elements\SheetBaseSchemaTest" classname="SchenkeIo.LaravelSheetBase.Tests.Feature.Elements.SheetBaseSchemaTest" assertions="0" time="0.000928"/>
      </testsuite>
      <testsuite name="SchenkeIo\LaravelSheetBase\Tests\Feature\EndpointBases\DataReaderTest" file="Data Reader (SchenkeIo\LaravelSheetBase\Tests\Feature\EndpointBases\DataReader)" tests="1" assertions="2" errors="0" failures="0" skipped="0" time="0.054649">
        <testcase name="Can fill pipeline" file="Data Reader (SchenkeIo\LaravelSheetBase\Tests\Feature\EndpointBases\DataReader)::Can fill pipeline" class="SchenkeIo\LaravelSheetBase\Tests\Feature\EndpointBases\DataReaderTest" classname="SchenkeIo.LaravelSheetBase.Tests.Feature.EndpointBases.DataReaderTest" assertions="2" time="0.054649"/>
      </testsuite>
      <testsuite name="Tests\Feature\EndpointBases\EndpointBasesArchitectureTest" file="tests/Feature/EndpointBases/EndpointBasesArchitectureTest.php" tests="2" assertions="2" errors="0" failures="0" skipped="0" time="0.059205">
        <testcase name="all EndpointBases are abstract" file="tests/Feature/EndpointBases/EndpointBasesArchitectureTest.php::all EndpointBases are abstract" class="Tests\Feature\EndpointBases\EndpointBasesArchitectureTest" classname="Tests.Feature.EndpointBases.EndpointBasesArchitectureTest" assertions="1" time="0.028878"/>
        <testcase name="all EndpointBases have IsEndpoint interface" file="tests/Feature/EndpointBases/EndpointBasesArchitectureTest.php::all EndpointBases have IsEndpoint interface" class="Tests\Feature\EndpointBases\EndpointBasesArchitectureTest" classname="Tests.Feature.EndpointBases.EndpointBasesArchitectureTest" assertions="1" time="0.030327"/>
      </testsuite>
      <testsuite name="SchenkeIo\LaravelSheetBase\Tests\Feature\EndpointBases\GoogleSheetBaseTest" file="Google Sheet Base (SchenkeIo\LaravelSheetBase\Tests\Feature\EndpointBases\GoogleSheetBase)" tests="4" assertions="4" errors="0" failures="0" skipped="0" time="0.116914">
        <testcase name="Get all" file="Google Sheet Base (SchenkeIo\LaravelSheetBase\Tests\Feature\EndpointBases\GoogleSheetBase)::Get all" class="SchenkeIo\LaravelSheetBase\Tests\Feature\EndpointBases\GoogleSheetBaseTest" classname="SchenkeIo.LaravelSheetBase.Tests.Feature.EndpointBases.GoogleSheetBaseTest" assertions="1" time="0.041021"/>
        <testcase name="Spreadsheet id from config" file="Google Sheet Base (SchenkeIo\LaravelSheetBase\Tests\Feature\EndpointBases\GoogleSheetBase)::Spreadsheet id from config" class="SchenkeIo\LaravelSheetBase\Tests\Feature\EndpointBases\GoogleSheetBaseTest" classname="SchenkeIo.LaravelSheetBase.Tests.Feature.EndpointBases.GoogleSheetBaseTest" assertions="1" time="0.024701"/>
        <testcase name="Spreadsheet id error from config" file="Google Sheet Base (SchenkeIo\LaravelSheetBase\Tests\Feature\EndpointBases\GoogleSheetBase)::Spreadsheet id error from config" class="SchenkeIo\LaravelSheetBase\Tests\Feature\EndpointBases\GoogleSheetBaseTest" classname="SchenkeIo.LaravelSheetBase.Tests.Feature.EndpointBases.GoogleSheetBaseTest" assertions="1" time="0.023341"/>
        <testcase name="To string" file="Google Sheet Base (SchenkeIo\LaravelSheetBase\Tests\Feature\EndpointBases\GoogleSheetBase)::To string" class="SchenkeIo\LaravelSheetBase\Tests\Feature\EndpointBases\GoogleSheetBaseTest" classname="SchenkeIo.LaravelSheetBase.Tests.Feature.EndpointBases.GoogleSheetBaseTest" assertions="1" time="0.027851"/>
      </testsuite>
      <testsuite name="SchenkeIo\LaravelSheetBase\Tests\Feature\EndpointBases\StorageBaseTest" file="Storage Base (SchenkeIo\LaravelSheetBase\Tests\Feature\EndpointBases\StorageBase)" tests="2" assertions="2" errors="0" failures="0" skipped="0" time="0.064873">
        <testcase name="Sheet base is not defined exception" file="Storage Base (SchenkeIo\LaravelSheetBase\Tests\Feature\EndpointBases\StorageBase)::Sheet base is not defined exception" class="SchenkeIo\LaravelSheetBase\Tests\Feature\EndpointBases\StorageBaseTest" classname="SchenkeIo.LaravelSheetBase.Tests.Feature.EndpointBases.StorageBaseTest" assertions="1" time="0.037110"/>
        <testcase name="To string" file="Storage Base (SchenkeIo\LaravelSheetBase\Tests\Feature\EndpointBases\StorageBase)::To string" class="SchenkeIo\LaravelSheetBase\Tests\Feature\EndpointBases\StorageBaseTest" classname="SchenkeIo.LaravelSheetBase.Tests.Feature.EndpointBases.StorageBaseTest" assertions="1" time="0.027763"/>
      </testsuite>
      <testsuite name="SchenkeIo\LaravelSheetBase\Tests\Feature\EndpointBases\StorageFileReadExcelTest" file="Storage File Read Excel (SchenkeIo\LaravelSheetBase\Tests\Feature\EndpointBases\StorageFileReadExcel)" tests="5" assertions="5" errors="0" failures="0" skipped="0" time="0.126512">
        <testcase name="Seperator missing" file="Storage File Read Excel (SchenkeIo\LaravelSheetBase\Tests\Feature\EndpointBases\StorageFileReadExcel)::Seperator missing" class="SchenkeIo\LaravelSheetBase\Tests\Feature\EndpointBases\StorageFileReadExcelTest" classname="SchenkeIo.LaravelSheetBase.Tests.Feature.EndpointBases.StorageFileReadExcelTest" assertions="1" time="0.034330"/>
        <testcase name="Path missing" file="Storage File Read Excel (SchenkeIo\LaravelSheetBase\Tests\Feature\EndpointBases\StorageFileReadExcel)::Path missing" class="SchenkeIo\LaravelSheetBase\Tests\Feature\EndpointBases\StorageFileReadExcelTest" classname="SchenkeIo.LaravelSheetBase.Tests.Feature.EndpointBases.StorageFileReadExcelTest" assertions="1" time="0.025419"/>
        <testcase name="File not found" file="Storage File Read Excel (SchenkeIo\LaravelSheetBase\Tests\Feature\EndpointBases\StorageFileReadExcel)::File not found" class="SchenkeIo\LaravelSheetBase\Tests\Feature\EndpointBases\StorageFileReadExcelTest" classname="SchenkeIo.LaravelSheetBase.Tests.Feature.EndpointBases.StorageFileReadExcelTest" assertions="1" time="0.027180"/>
        <testcase name="All right" file="Storage File Read Excel (SchenkeIo\LaravelSheetBase\Tests\Feature\EndpointBases\StorageFileReadExcel)::All right" class="SchenkeIo\LaravelSheetBase\Tests\Feature\EndpointBases\StorageFileReadExcelTest" classname="SchenkeIo.LaravelSheetBase.Tests.Feature.EndpointBases.StorageFileReadExcelTest" assertions="1" time="0.018709"/>
        <testcase name="Multi line data" file="Storage File Read Excel (SchenkeIo\LaravelSheetBase\Tests\Feature\EndpointBases\StorageFileReadExcel)::Multi line data" class="SchenkeIo\LaravelSheetBase\Tests\Feature\EndpointBases\StorageFileReadExcelTest" classname="SchenkeIo.LaravelSheetBase.Tests.Feature.EndpointBases.StorageFileReadExcelTest" assertions="1" time="0.020874"/>
      </testsuite>
      <testsuite name="SchenkeIo\LaravelSheetBase\Tests\Feature\EndpointBases\StorageFileReaderTest" file="Storage File Reader (SchenkeIo\LaravelSheetBase\Tests\Feature\EndpointBases\StorageFileReader)" tests="2" assertions="3" errors="0" failures="0" skipped="0" time="0.049491">
        <testcase name="File not found" file="Storage File Reader (SchenkeIo\LaravelSheetBase\Tests\Feature\EndpointBases\StorageFileReader)::File not found" class="SchenkeIo\LaravelSheetBase\Tests\Feature\EndpointBases\StorageFileReaderTest" classname="SchenkeIo.LaravelSheetBase.Tests.Feature.EndpointBases.StorageFileReaderTest" assertions="1" time="0.027935"/>
        <testcase name="Storage get" file="Storage File Reader (SchenkeIo\LaravelSheetBase\Tests\Feature\EndpointBases\StorageFileReader)::Storage get" class="SchenkeIo\LaravelSheetBase\Tests\Feature\EndpointBases\StorageFileReaderTest" classname="SchenkeIo.LaravelSheetBase.Tests.Feature.EndpointBases.StorageFileReaderTest" assertions="2" time="0.021556"/>
      </testsuite>
      <testsuite name="SchenkeIo\LaravelSheetBase\Tests\Feature\EndpointBases\StorageFileTest" file="Storage File (SchenkeIo\LaravelSheetBase\Tests\Feature\EndpointBases\StorageFile)" tests="5" assertions="6" errors="0" failures="0" skipped="0" time="0.109247">
        <testcase name="Path not set" file="Storage File (SchenkeIo\LaravelSheetBase\Tests\Feature\EndpointBases\StorageFile)::Path not set" class="SchenkeIo\LaravelSheetBase\Tests\Feature\EndpointBases\StorageFileTest" classname="SchenkeIo.LaravelSheetBase.Tests.Feature.EndpointBases.StorageFileTest" assertions="1" time="0.023591"/>
        <testcase name="Extension not set" file="Storage File (SchenkeIo\LaravelSheetBase\Tests\Feature\EndpointBases\StorageFile)::Extension not set" class="SchenkeIo\LaravelSheetBase\Tests\Feature\EndpointBases\StorageFileTest" classname="SchenkeIo.LaravelSheetBase.Tests.Feature.EndpointBases.StorageFileTest" assertions="1" time="0.019468"/>
        <testcase name="Wrong extension set" file="Storage File (SchenkeIo\LaravelSheetBase\Tests\Feature\EndpointBases\StorageFile)::Wrong extension set" class="SchenkeIo\LaravelSheetBase\Tests\Feature\EndpointBases\StorageFileTest" classname="SchenkeIo.LaravelSheetBase.Tests.Feature.EndpointBases.StorageFileTest" assertions="1" time="0.022513"/>
        <testcase name="Storage exists" file="Storage File (SchenkeIo\LaravelSheetBase\Tests\Feature\EndpointBases\StorageFile)::Storage exists" class="SchenkeIo\LaravelSheetBase\Tests\Feature\EndpointBases\StorageFileTest" classname="SchenkeIo.LaravelSheetBase.Tests.Feature.EndpointBases.StorageFileTest" assertions="2" time="0.023183"/>
        <testcase name="Get storage root" file="Storage File (SchenkeIo\LaravelSheetBase\Tests\Feature\EndpointBases\StorageFile)::Get storage root" class="SchenkeIo\LaravelSheetBase\Tests\Feature\EndpointBases\StorageFileTest" classname="SchenkeIo.LaravelSheetBase.Tests.Feature.EndpointBases.StorageFileTest" assertions="1" time="0.020491"/>
      </testsuite>
      <testsuite name="SchenkeIo\LaravelSheetBase\Tests\Feature\EndpointBases\StorageFileWriteCsvTest" file="Storage File Write Csv (SchenkeIo\LaravelSheetBase\Tests\Feature\EndpointBases\StorageFileWriteCsv)" tests="4" assertions="4" errors="0" failures="0" skipped="0" time="0.090560">
        <testcase name="Storage put" file="Storage File Write Csv (SchenkeIo\LaravelSheetBase\Tests\Feature\EndpointBases\StorageFileWriteCsv)::Storage put" class="SchenkeIo\LaravelSheetBase\Tests\Feature\EndpointBases\StorageFileWriteCsvTest" classname="SchenkeIo.LaravelSheetBase.Tests.Feature.EndpointBases.StorageFileWriteCsvTest" assertions="1" time="0.030805"/>
        <testcase name="Write from pipeline ok" file="Storage File Write Csv (SchenkeIo\LaravelSheetBase\Tests\Feature\EndpointBases\StorageFileWriteCsv)::Write from pipeline ok" class="SchenkeIo\LaravelSheetBase\Tests\Feature\EndpointBases\StorageFileWriteCsvTest" classname="SchenkeIo.LaravelSheetBase.Tests.Feature.EndpointBases.StorageFileWriteCsvTest" assertions="1" time="0.023046"/>
        <testcase name="Read from pipeline delimiter in data" file="Storage File Write Csv (SchenkeIo\LaravelSheetBase\Tests\Feature\EndpointBases\StorageFileWriteCsv)::Read from pipeline delimiter in data" class="SchenkeIo\LaravelSheetBase\Tests\Feature\EndpointBases\StorageFileWriteCsvTest" classname="SchenkeIo.LaravelSheetBase.Tests.Feature.EndpointBases.StorageFileWriteCsvTest" assertions="1" time="0.019255"/>
        <testcase name="Delimiter missing" file="Storage File Write Csv (SchenkeIo\LaravelSheetBase\Tests\Feature\EndpointBases\StorageFileWriteCsv)::Delimiter missing" class="SchenkeIo\LaravelSheetBase\Tests\Feature\EndpointBases\StorageFileWriteCsvTest" classname="SchenkeIo.LaravelSheetBase.Tests.Feature.EndpointBases.StorageFileWriteCsvTest" assertions="1" time="0.017454"/>
      </testsuite>
      <testsuite name="SchenkeIo\LaravelSheetBase\Tests\Feature\EndpointBases\StorageFileWriterTest" file="Storage File Writer (SchenkeIo\LaravelSheetBase\Tests\Feature\EndpointBases\StorageFileWriter)" tests="1" assertions="1" errors="0" failures="0" skipped="0" time="0.031394">
        <testcase name="Storage put" file="Storage File Writer (SchenkeIo\LaravelSheetBase\Tests\Feature\EndpointBases\StorageFileWriter)::Storage put" class="SchenkeIo\LaravelSheetBase\Tests\Feature\EndpointBases\StorageFileWriterTest" classname="SchenkeIo.LaravelSheetBase.Tests.Feature.EndpointBases.StorageFileWriterTest" assertions="1" time="0.031394"/>
      </testsuite>
      <testsuite name="SchenkeIo\LaravelSheetBase\Tests\Feature\EndpointBases\StorageTreeTest" file="Storage Tree (SchenkeIo\LaravelSheetBase\Tests\Feature\EndpointBases\StorageTree)" tests="1" assertions="1" errors="0" failures="0" skipped="0" time="0.026497">
        <testcase name="Empty root read parse exception" file="Storage Tree (SchenkeIo\LaravelSheetBase\Tests\Feature\EndpointBases\StorageTree)::Empty root read parse exception" class="SchenkeIo\LaravelSheetBase\Tests\Feature\EndpointBases\StorageTreeTest" classname="SchenkeIo.LaravelSheetBase.Tests.Feature.EndpointBases.StorageTreeTest" assertions="1" time="0.026497"/>
      </testsuite>
      <testsuite name="SchenkeIo\LaravelSheetBase\Tests\Feature\EndpointBases\StorageTreeWriterTest" file="Storage Tree Writer (SchenkeIo\LaravelSheetBase\Tests\Feature\EndpointBases\StorageTreeWriter)" tests="2" assertions="3" errors="0" failures="0" skipped="0" time="0.041169">
        <testsuite name="Storage put" tests="2" assertions="3" errors="0" failures="0" skipped="0" time="0.041169">
          <testcase name="Storage put with data set &quot;path under root&quot;" file="Storage Tree Writer (SchenkeIo\LaravelSheetBase\Tests\Feature\EndpointBases\StorageTreeWriter)::Storage put with data set &quot;path under root&quot;" class="SchenkeIo\LaravelSheetBase\Tests\Feature\EndpointBases\StorageTreeWriterTest" classname="SchenkeIo.LaravelSheetBase.Tests.Feature.EndpointBases.StorageTreeWriterTest" assertions="2" time="0.020910"/>
          <testcase name="Storage put with data set &quot;path outside root&quot;" file="Storage Tree Writer (SchenkeIo\LaravelSheetBase\Tests\Feature\EndpointBases\StorageTreeWriter)::Storage put with data set &quot;path outside root&quot;" class="SchenkeIo\LaravelSheetBase\Tests\Feature\EndpointBases\StorageTreeWriterTest" classname="SchenkeIo.LaravelSheetBase.Tests.Feature.EndpointBases.StorageTreeWriterTest" assertions="1" time="0.020259"/>
        </testsuite>
      </testsuite>
      <testsuite name="Tests\Feature\Endpoints\ArchitecturEndpointsTest" file="tests/Feature/Endpoints/ArchitecturEndpointsTest.php" tests="5" assertions="6" errors="0" failures="0" skipped="0" time="0.347361">
        <testcase name="all endpoints are not abstract or final" file="tests/Feature/Endpoints/ArchitecturEndpointsTest.php::all endpoints are not abstract or final" class="Tests\Feature\Endpoints\ArchitecturEndpointsTest" classname="Tests.Feature.Endpoints.ArchitecturEndpointsTest" assertions="2" time="0.134626"/>
        <testcase name="all endpoints have IsEndpoint interface" file="tests/Feature/Endpoints/ArchitecturEndpointsTest.php::all endpoints have IsEndpoint interface" class="Tests\Feature\Endpoints\ArchitecturEndpointsTest" classname="Tests.Feature.Endpoints.ArchitecturEndpointsTest" assertions="1" time="0.022732"/>
        <testcase name="all endpoints start with Endpoint" file="tests/Feature/Endpoints/ArchitecturEndpointsTest.php::all endpoints start with Endpoint" class="Tests\Feature\Endpoints\ArchitecturEndpointsTest" classname="Tests.Feature.Endpoints.ArchitecturEndpointsTest" assertions="1" time="0.027934"/>
        <testcase name="all writers have IsWriter interface" file="tests/Feature/Endpoints/ArchitecturEndpointsTest.php::all writers have IsWriter interface" class="Tests\Feature\Endpoints\ArchitecturEndpointsTest" classname="Tests.Feature.Endpoints.ArchitecturEndpointsTest" assertions="1" time="0.090382"/>
        <testcase name="all readers have IsReader interface" file="tests/Feature/Endpoints/ArchitecturEndpointsTest.php::all readers have IsReader interface" class="Tests\Feature\Endpoints\ArchitecturEndpointsTest" classname="Tests.Feature.Endpoints.ArchitecturEndpointsTest" assertions="1" time="0.071688"/>
      </testsuite>
      <testsuite name="SchenkeIo\LaravelSheetBase\Tests\Feature\Endpoints\Readers\EndpointReadArrayTest" file="Endpoint Read Array (SchenkeIo\LaravelSheetBase\Tests\Feature\Endpoints\Readers\EndpointReadArray)" tests="1" assertions="1" errors="0" failures="0" skipped="0" time="0.036069">
        <testcase name="Get array" file="Endpoint Read Array (SchenkeIo\LaravelSheetBase\Tests\Feature\Endpoints\Readers\EndpointReadArray)::Get array" class="SchenkeIo\LaravelSheetBase\Tests\Feature\Endpoints\Readers\EndpointReadArrayTest" classname="SchenkeIo.LaravelSheetBase.Tests.Feature.Endpoints.Readers.EndpointReadArrayTest" assertions="1" time="0.036069"/>
      </testsuite>
      <testsuite name="SchenkeIo\LaravelSheetBase\Tests\Feature\Endpoints\Readers\EndpointReadExcelTest" file="Endpoint Read Excel (SchenkeIo\LaravelSheetBase\Tests\Feature\Endpoints\Readers\EndpointReadExcel)" tests="3" assertions="3" errors="0" failures="0" skipped="0" time="0.092473">
        <testsuite name="Read excels" tests="3" assertions="3" errors="0" failures="0" skipped="0" time="0.092473">
          <testcase name="Read excels with data set &quot;psv&quot;" file="Endpoint Read Excel (SchenkeIo\LaravelSheetBase\Tests\Feature\Endpoints\Readers\EndpointReadExcel)::Read excels with data set &quot;psv&quot;" class="SchenkeIo\LaravelSheetBase\Tests\Feature\Endpoints\Readers\EndpointReadExcelTest" classname="SchenkeIo.LaravelSheetBase.Tests.Feature.Endpoints.Readers.EndpointReadExcelTest" assertions="1" time="0.033108"/>
          <testcase name="Read excels with data set &quot;tsv&quot;" file="Endpoint Read Excel (SchenkeIo\LaravelSheetBase\Tests\Feature\Endpoints\Readers\EndpointReadExcel)::Read excels with data set &quot;tsv&quot;" class="SchenkeIo\LaravelSheetBase\Tests\Feature\Endpoints\Readers\EndpointReadExcelTest" classname="SchenkeIo.LaravelSheetBase.Tests.Feature.Endpoints.Readers.EndpointReadExcelTest" assertions="1" time="0.028756"/>
          <testcase name="Read excels with data set &quot;csv&quot;" file="Endpoint Read Excel (SchenkeIo\LaravelSheetBase\Tests\Feature\Endpoints\Readers\EndpointReadExcel)::Read excels with data set &quot;csv&quot;" class="SchenkeIo\LaravelSheetBase\Tests\Feature\Endpoints\Readers\EndpointReadExcelTest" classname="SchenkeIo.LaravelSheetBase.Tests.Feature.Endpoints.Readers.EndpointReadExcelTest" assertions="1" time="0.030609"/>
        </testsuite>
      </testsuite>
      <testsuite name="SchenkeIo\LaravelSheetBase\Tests\Feature\Endpoints\Readers\EndpointReadGoogleSheetTest" file="Endpoint Read Google Sheet (SchenkeIo\LaravelSheetBase\Tests\Feature\Endpoints\Readers\EndpointReadGoogleSheet)" tests="4" assertions="5" errors="0" failures="0" skipped="0" time="0.126518">
        <testcase name="Fill pipeline" file="Endpoint Read Google Sheet (SchenkeIo\LaravelSheetBase\Tests\Feature\Endpoints\Readers\EndpointReadGoogleSheet)::Fill pipeline" class="SchenkeIo\LaravelSheetBase\Tests\Feature\Endpoints\Readers\EndpointReadGoogleSheetTest" classname="SchenkeIo.LaravelSheetBase.Tests.Feature.Endpoints.Readers.EndpointReadGoogleSheetTest" assertions="2" time="0.044172"/>
[...]
          <testcase name="Make endpoint with data set &quot;write unknown&quot;" file="Make Endpoint (SchenkeIo\LaravelSheetBase\Tests\Feature\Helpers\MakeEndpoint)::Make endpoint with data set &quot;write unknown&quot;" class="SchenkeIo\LaravelSheetBase\Tests\Feature\Helpers\MakeEndpointTest" classname="SchenkeIo.LaravelSheetBase.Tests.Feature.Helpers.MakeEndpointTest" assertions="1" time="0.020484"/>
          <testcase name="Make endpoint with data set &quot;psv write ok&quot;" file="Make Endpoint (SchenkeIo\LaravelSheetBase\Tests\Feature\Helpers\MakeEndpoint)::Make endpoint with data set &quot;psv write ok&quot;" class="SchenkeIo\LaravelSheetBase\Tests\Feature\Helpers\MakeEndpointTest" classname="SchenkeIo.LaravelSheetBase.Tests.Feature.Helpers.MakeEndpointTest" assertions="1" time="0.020208"/>
          <testcase name="Make endpoint with data set &quot;csv write ok&quot;" file="Make Endpoint (SchenkeIo\LaravelSheetBase\Tests\Feature\Helpers\MakeEndpoint)::Make endpoint with data set &quot;csv write ok&quot;" class="SchenkeIo\LaravelSheetBase\Tests\Feature\Helpers\MakeEndpointTest" classname="SchenkeIo.LaravelSheetBase.Tests.Feature.Helpers.MakeEndpointTest" assertions="1" time="0.017179"/>
          <testcase name="Make endpoint with data set &quot;tsv write ok&quot;" file="Make Endpoint (SchenkeIo\LaravelSheetBase\Tests\Feature\Helpers\MakeEndpoint)::Make endpoint with data set &quot;tsv write ok&quot;" class="SchenkeIo\LaravelSheetBase\Tests\Feature\Helpers\MakeEndpointTest" classname="SchenkeIo.LaravelSheetBase.Tests.Feature.Helpers.MakeEndpointTest" assertions="1" time="0.019509"/>
          <testcase name="Make endpoint with data set &quot;neon write ok&quot;" file="Make Endpoint (SchenkeIo\LaravelSheetBase\Tests\Feature\Helpers\MakeEndpoint)::Make endpoint with data set &quot;neon write ok&quot;" class="SchenkeIo\LaravelSheetBase\Tests\Feature\Helpers\MakeEndpointTest" classname="SchenkeIo.LaravelSheetBase.Tests.Feature.Helpers.MakeEndpointTest" assertions="1" time="0.032292"/>
          <testcase name="Make endpoint with data set &quot;php write ok&quot;" file="Make Endpoint (SchenkeIo\LaravelSheetBase\Tests\Feature\Helpers\MakeEndpoint)::Make endpoint with data set &quot;php write ok&quot;" class="SchenkeIo\LaravelSheetBase\Tests\Feature\Helpers\MakeEndpointTest" classname="SchenkeIo.LaravelSheetBase.Tests.Feature.Helpers.MakeEndpointTest" assertions="1" time="0.033100"/>
          <testcase name="Make endpoint with data set &quot;json write ok&quot;" file="Make Endpoint (SchenkeIo\LaravelSheetBase\Tests\Feature\Helpers\MakeEndpoint)::Make endpoint with data set &quot;json write ok&quot;" class="SchenkeIo\LaravelSheetBase\Tests\Feature\Helpers\MakeEndpointTest" classname="SchenkeIo.LaravelSheetBase.Tests.Feature.Helpers.MakeEndpointTest" assertions="1" time="0.032553"/>
          <testcase name="Make endpoint with data set &quot;txt write ok&quot;" file="Make Endpoint (SchenkeIo\LaravelSheetBase\Tests\Feature\Helpers\MakeEndpoint)::Make endpoint with data set &quot;txt write ok&quot;" class="SchenkeIo\LaravelSheetBase\Tests\Feature\Helpers\MakeEndpointTest" classname="SchenkeIo.LaravelSheetBase.Tests.Feature.Helpers.MakeEndpointTest" assertions="1" time="0.034425"/>
          <testcase name="Make endpoint with data set &quot;yaml write ok&quot;" file="Make Endpoint (SchenkeIo\LaravelSheetBase\Tests\Feature\Helpers\MakeEndpoint)::Make endpoint with data set &quot;yaml write ok&quot;" class="SchenkeIo\LaravelSheetBase\Tests\Feature\Helpers\MakeEndpointTest" classname="SchenkeIo.LaravelSheetBase.Tests.Feature.Helpers.MakeEndpointTest" assertions="1" time="0.032446"/>
          <testcase name="Make endpoint with data set &quot;yml write ok&quot;" file="Make Endpoint (SchenkeIo\LaravelSheetBase\Tests\Feature\Helpers\MakeEndpoint)::Make endpoint with data set &quot;yml write ok&quot;" class="SchenkeIo\LaravelSheetBase\Tests\Feature\Helpers\MakeEndpointTest" classname="SchenkeIo.LaravelSheetBase.Tests.Feature.Helpers.MakeEndpointTest" assertions="1" time="0.035140"/>
        </testsuite>
      </testsuite>
      <testsuite name="SchenkeIo\LaravelSheetBase\Tests\Feature\LaravelSheetBaseServiceProviderTest" file="Laravel Sheet Base Service Provider (SchenkeIo\LaravelSheetBase\Tests\Feature\LaravelSheetBaseServiceProvider)" tests="1" assertions="3" errors="0" failures="0" skipped="0" time="0.080811">
        <testcase name="Configure package" file="Laravel Sheet Base Service Provider (SchenkeIo\LaravelSheetBase\Tests\Feature\LaravelSheetBaseServiceProvider)::Configure package" class="SchenkeIo\LaravelSheetBase\Tests\Feature\LaravelSheetBaseServiceProviderTest" classname="SchenkeIo.LaravelSheetBase.Tests.Feature.LaravelSheetBaseServiceProviderTest" assertions="3" time="0.080811"/>
      </testsuite>
      <testsuite name="SchenkeIo\LaravelSheetBase\Tests\Unit\Elements\ColumnSchemaTest" file="Column Schema (SchenkeIo\LaravelSheetBase\Tests\Unit\Elements\ColumnSchema)" tests="7" assertions="7" errors="0" failures="0" skipped="0" time="0.010852">
        <testcase name="Format" file="Column Schema (SchenkeIo\LaravelSheetBase\Tests\Unit\Elements\ColumnSchema)::Format" class="SchenkeIo\LaravelSheetBase\Tests\Unit\Elements\ColumnSchemaTest" classname="SchenkeIo.LaravelSheetBase.Tests.Unit.Elements.ColumnSchemaTest" assertions="1" time="0.003841"/>
        <testsuite name="Transform" tests="6" assertions="6" errors="0" failures="0" skipped="0" time="0.007011">
          <testcase name="Transform with data set &quot;null closure 1&quot;" file="Column Schema (SchenkeIo\LaravelSheetBase\Tests\Unit\Elements\ColumnSchema)::Transform with data set &quot;null closure 1&quot;" class="SchenkeIo\LaravelSheetBase\Tests\Unit\Elements\ColumnSchemaTest" classname="SchenkeIo.LaravelSheetBase.Tests.Unit.Elements.ColumnSchemaTest" assertions="1" time="0.001170"/>
          <testcase name="Transform with data set &quot;null closure 2&quot;" file="Column Schema (SchenkeIo\LaravelSheetBase\Tests\Unit\Elements\ColumnSchema)::Transform with data set &quot;null closure 2&quot;" class="SchenkeIo\LaravelSheetBase\Tests\Unit\Elements\ColumnSchemaTest" classname="SchenkeIo.LaravelSheetBase.Tests.Unit.Elements.ColumnSchemaTest" assertions="1" time="0.001245"/>
          <testcase name="Transform with data set &quot;null closure 3&quot;" file="Column Schema (SchenkeIo\LaravelSheetBase\Tests\Unit\Elements\ColumnSchema)::Transform with data set &quot;null closure 3&quot;" class="SchenkeIo\LaravelSheetBase\Tests\Unit\Elements\ColumnSchemaTest" classname="SchenkeIo.LaravelSheetBase.Tests.Unit.Elements.ColumnSchemaTest" assertions="1" time="0.001121"/>
          <testcase name="Transform with data set &quot;string function 1&quot;" file="Column Schema (SchenkeIo\LaravelSheetBase\Tests\Unit\Elements\ColumnSchema)::Transform with data set &quot;string function 1&quot;" class="SchenkeIo\LaravelSheetBase\Tests\Unit\Elements\ColumnSchemaTest" classname="SchenkeIo.LaravelSheetBase.Tests.Unit.Elements.ColumnSchemaTest" assertions="1" time="0.001158"/>
          <testcase name="Transform with data set &quot;string function 2&quot;" file="Column Schema (SchenkeIo\LaravelSheetBase\Tests\Unit\Elements\ColumnSchema)::Transform with data set &quot;string function 2&quot;" class="SchenkeIo\LaravelSheetBase\Tests\Unit\Elements\ColumnSchemaTest" classname="SchenkeIo.LaravelSheetBase.Tests.Unit.Elements.ColumnSchemaTest" assertions="1" time="0.001139"/>
          <testcase name="Transform with data set &quot;string function 3&quot;" file="Column Schema (SchenkeIo\LaravelSheetBase\Tests\Unit\Elements\ColumnSchema)::Transform with data set &quot;string function 3&quot;" class="SchenkeIo\LaravelSheetBase\Tests\Unit\Elements\ColumnSchemaTest" classname="SchenkeIo.LaravelSheetBase.Tests.Unit.Elements.ColumnSchemaTest" assertions="1" time="0.001178"/>
        </testsuite>
      </testsuite>
      <testsuite name="SchenkeIo\LaravelSheetBase\Tests\Unit\Elements\PipelineArchitectTest" file="Pipeline Architect (SchenkeIo\LaravelSheetBase\Tests\Unit\Elements\PipelineArchitect)" tests="3" assertions="2" errors="0" failures="0" skipped="0" time="0.014006">
        <testcase name="Architecture" file="Pipeline Architect (SchenkeIo\LaravelSheetBase\Tests\Unit\Elements\PipelineArchitect)::Architecture" class="SchenkeIo\LaravelSheetBase\Tests\Unit\Elements\PipelineArchitectTest" classname="SchenkeIo.LaravelSheetBase.Tests.Unit.Elements.PipelineArchitectTest" assertions="0" time="0.010997"/>
        <testcase name="Method not defined" file="Pipeline Architect (SchenkeIo\LaravelSheetBase\Tests\Unit\Elements\PipelineArchitect)::Method not defined" class="SchenkeIo\LaravelSheetBase\Tests\Unit\Elements\PipelineArchitectTest" classname="SchenkeIo.LaravelSheetBase.Tests.Unit.Elements.PipelineArchitectTest" assertions="1" time="0.001513"/>
        <testcase name="Endpoint missing" file="Pipeline Architect (SchenkeIo\LaravelSheetBase\Tests\Unit\Elements\PipelineArchitect)::Endpoint missing" class="SchenkeIo\LaravelSheetBase\Tests\Unit\Elements\PipelineArchitectTest" classname="SchenkeIo.LaravelSheetBase.Tests.Unit.Elements.PipelineArchitectTest" assertions="1" time="0.001497"/>
      </testsuite>
      <testsuite name="Tests\Unit\ExampleTest" file="tests/Unit/ExampleTest.php" tests="1" assertions="1" errors="0" failures="0" skipped="0" time="0.009553">
        <testcase name="example" file="tests/Unit/ExampleTest.php::example" class="Tests\Unit\ExampleTest" classname="Tests.Unit.ExampleTest" assertions="1" time="0.009553"/>
      </testsuite>
      <testsuite name="SchenkeIo\LaravelSheetBase\Tests\Unit\Google\GoogleRangeTest" file="Google Range (SchenkeIo\LaravelSheetBase\Tests\Unit\Google\GoogleRange)" tests="10" assertions="10" errors="0" failures="0" skipped="0" time="0.017369">
        <testsuite name="Range to string" tests="9" assertions="9" errors="0" failures="0" skipped="0" time="0.016272">
          <testcase name="Range to string with data set &quot;standard 1 cell&quot;" file="Google Range (SchenkeIo\LaravelSheetBase\Tests\Unit\Google\GoogleRange)::Range to string with data set &quot;standard 1 cell&quot;" class="SchenkeIo\LaravelSheetBase\Tests\Unit\Google\GoogleRangeTest" classname="SchenkeIo.LaravelSheetBase.Tests.Unit.Google.GoogleRangeTest" assertions="1" time="0.004456"/>
          <testcase name="Range to string with data set &quot;long name 1 cell&quot;" file="Google Range (SchenkeIo\LaravelSheetBase\Tests\Unit\Google\GoogleRange)::Range to string with data set &quot;long name 1 cell&quot;" class="SchenkeIo\LaravelSheetBase\Tests\Unit\Google\GoogleRangeTest" classname="SchenkeIo.LaravelSheetBase.Tests.Unit.Google.GoogleRangeTest" assertions="1" time="0.001173"/>
          <testcase name="Range to string with data set &quot;wrong index&quot;" file="Google Range (SchenkeIo\LaravelSheetBase\Tests\Unit\Google\GoogleRange)::Range to string with data set &quot;wrong index&quot;" class="SchenkeIo\LaravelSheetBase\Tests\Unit\Google\GoogleRangeTest" classname="SchenkeIo.LaravelSheetBase.Tests.Unit.Google.GoogleRangeTest" assertions="1" time="0.001592"/>
          <testcase name="Range to string with data set &quot;wrong name&quot;" file="Google Range (SchenkeIo\LaravelSheetBase\Tests\Unit\Google\GoogleRange)::Range to string with data set &quot;wrong name&quot;" class="SchenkeIo\LaravelSheetBase\Tests\Unit\Google\GoogleRangeTest" classname="SchenkeIo.LaravelSheetBase.Tests.Unit.Google.GoogleRangeTest" assertions="1" time="0.001624"/>
          <testcase name="Range to string with data set &quot;col to small&quot;" file="Google Range (SchenkeIo\LaravelSheetBase\Tests\Unit\Google\GoogleRange)::Range to string with data set &quot;col to small&quot;" class="SchenkeIo\LaravelSheetBase\Tests\Unit\Google\GoogleRangeTest" classname="SchenkeIo.LaravelSheetBase.Tests.Unit.Google.GoogleRangeTest" assertions="1" time="0.001377"/>
          <testcase name="Range to string with data set &quot;col to big&quot;" file="Google Range (SchenkeIo\LaravelSheetBase\Tests\Unit\Google\GoogleRange)::Range to string with data set &quot;col to big&quot;" class="SchenkeIo\LaravelSheetBase\Tests\Unit\Google\GoogleRangeTest" classname="SchenkeIo.LaravelSheetBase.Tests.Unit.Google.GoogleRangeTest" assertions="1" time="0.001593"/>
          <testcase name="Range to string with data set &quot;row to small&quot;" file="Google Range (SchenkeIo\LaravelSheetBase\Tests\Unit\Google\GoogleRange)::Range to string with data set &quot;row to small&quot;" class="SchenkeIo\LaravelSheetBase\Tests\Unit\Google\GoogleRangeTest" classname="SchenkeIo.LaravelSheetBase.Tests.Unit.Google.GoogleRangeTest" assertions="1" time="0.001489"/>
          <testcase name="Range to string with data set &quot;wrong width&quot;" file="Google Range (SchenkeIo\LaravelSheetBase\Tests\Unit\Google\GoogleRange)::Range to string with data set &quot;wrong width&quot;" class="SchenkeIo\LaravelSheetBase\Tests\Unit\Google\GoogleRangeTest" classname="SchenkeIo.LaravelSheetBase.Tests.Unit.Google.GoogleRangeTest" assertions="1" time="0.001533"/>
          <testcase name="Range to string with data set &quot;wrong height&quot;" file="Google Range (SchenkeIo\LaravelSheetBase\Tests\Unit\Google\GoogleRange)::Range to string with data set &quot;wrong height&quot;" class="SchenkeIo\LaravelSheetBase\Tests\Unit\Google\GoogleRangeTest" classname="SchenkeIo.LaravelSheetBase.Tests.Unit.Google.GoogleRangeTest" assertions="1" time="0.001435"/>
        </testsuite>
        <testcase name="Return as range" file="Google Range (SchenkeIo\LaravelSheetBase\Tests\Unit\Google\GoogleRange)::Return as range" class="SchenkeIo\LaravelSheetBase\Tests\Unit\Google\GoogleRangeTest" classname="SchenkeIo.LaravelSheetBase.Tests.Unit.Google.GoogleRangeTest" assertions="1" time="0.001097"/>
      </testsuite>
      <testsuite name="SchenkeIo\LaravelSheetBase\Tests\Unit\Helpers\ChunksTest" file="Chunks (SchenkeIo\LaravelSheetBase\Tests\Unit\Helpers\Chunks)" tests="15" assertions="15" errors="0" failures="0" skipped="0" time="0.031934">
        <testsuite name="Split into batches" tests="2" assertions="2" errors="0" failures="0" skipped="0" time="0.017058">
          <testcase name="Split into batches with data set &quot;set 1&quot;" file="Chunks (SchenkeIo\LaravelSheetBase\Tests\Unit\Helpers\Chunks)::Split into batches with data set &quot;set 1&quot;" class="SchenkeIo\LaravelSheetBase\Tests\Unit\Helpers\ChunksTest" classname="SchenkeIo.LaravelSheetBase.Tests.Unit.Helpers.ChunksTest" assertions="1" time="0.015260"/>
          <testcase name="Split into batches with data set &quot;set 2&quot;" file="Chunks (SchenkeIo\LaravelSheetBase\Tests\Unit\Helpers\Chunks)::Split into batches with data set &quot;set 2&quot;" class="SchenkeIo\LaravelSheetBase\Tests\Unit\Helpers\ChunksTest" classname="SchenkeIo.LaravelSheetBase.Tests.Unit.Helpers.ChunksTest" assertions="1" time="0.001798"/>
        </testsuite>
        <testsuite name="Can set sizes" tests="3" assertions="3" errors="0" failures="0" skipped="0" time="0.003305">
          <testcase name="Can set sizes with data set &quot;set 1&quot;" file="Chunks (SchenkeIo\LaravelSheetBase\Tests\Unit\Helpers\Chunks)::Can set sizes with data set &quot;set 1&quot;" class="SchenkeIo\LaravelSheetBase\Tests\Unit\Helpers\ChunksTest" classname="SchenkeIo.LaravelSheetBase.Tests.Unit.Helpers.ChunksTest" assertions="1" time="0.001116"/>
          <testcase name="Can set sizes with data set &quot;set 2&quot;" file="Chunks (SchenkeIo\LaravelSheetBase\Tests\Unit\Helpers\Chunks)::Can set sizes with data set &quot;set 2&quot;" class="SchenkeIo\LaravelSheetBase\Tests\Unit\Helpers\ChunksTest" classname="SchenkeIo.LaravelSheetBase.Tests.Unit.Helpers.ChunksTest" assertions="1" time="0.001114"/>
          <testcase name="Can set sizes with data set &quot;set 3&quot;" file="Chunks (SchenkeIo\LaravelSheetBase\Tests\Unit\Helpers\Chunks)::Can set sizes with data set &quot;set 3&quot;" class="SchenkeIo\LaravelSheetBase\Tests\Unit\Helpers\ChunksTest" classname="SchenkeIo.LaravelSheetBase.Tests.Unit.Helpers.ChunksTest" assertions="1" time="0.001075"/>
        </testsuite>
        <testsuite name="Batch count" tests="10" assertions="10" errors="0" failures="0" skipped="0" time="0.011571">
          <testcase name="Batch count with data set &quot;small 1&quot;" file="Chunks (SchenkeIo\LaravelSheetBase\Tests\Unit\Helpers\Chunks)::Batch count with data set &quot;small 1&quot;" class="SchenkeIo\LaravelSheetBase\Tests\Unit\Helpers\ChunksTest" classname="SchenkeIo.LaravelSheetBase.Tests.Unit.Helpers.ChunksTest" assertions="1" time="0.001140"/>
          <testcase name="Batch count with data set &quot;small 2&quot;" file="Chunks (SchenkeIo\LaravelSheetBase\Tests\Unit\Helpers\Chunks)::Batch count with data set &quot;small 2&quot;" class="SchenkeIo\LaravelSheetBase\Tests\Unit\Helpers\ChunksTest" classname="SchenkeIo.LaravelSheetBase.Tests.Unit.Helpers.ChunksTest" assertions="1" time="0.001071"/>
          <testcase name="Batch count with data set &quot;small 3&quot;" file="Chunks (SchenkeIo\LaravelSheetBase\Tests\Unit\Helpers\Chunks)::Batch count with data set &quot;small 3&quot;" class="SchenkeIo\LaravelSheetBase\Tests\Unit\Helpers\ChunksTest" classname="SchenkeIo.LaravelSheetBase.Tests.Unit.Helpers.ChunksTest" assertions="1" time="0.001056"/>
          <testcase name="Batch count with data set &quot;small 4&quot;" file="Chunks (SchenkeIo\LaravelSheetBase\Tests\Unit\Helpers\Chunks)::Batch count with data set &quot;small 4&quot;" class="SchenkeIo\LaravelSheetBase\Tests\Unit\Helpers\ChunksTest" classname="SchenkeIo.LaravelSheetBase.Tests.Unit.Helpers.ChunksTest" assertions="1" time="0.001181"/>
          <testcase name="Batch count with data set &quot;medium 1&quot;" file="Chunks (SchenkeIo\LaravelSheetBase\Tests\Unit\Helpers\Chunks)::Batch count with data set &quot;medium 1&quot;" class="SchenkeIo\LaravelSheetBase\Tests\Unit\Helpers\ChunksTest" classname="SchenkeIo.LaravelSheetBase.Tests.Unit.Helpers.ChunksTest" assertions="1" time="0.001146"/>
          <testcase name="Batch count with data set &quot;medium 2&quot;" file="Chunks (SchenkeIo\LaravelSheetBase\Tests\Unit\Helpers\Chunks)::Batch count with data set &quot;medium 2&quot;" class="SchenkeIo\LaravelSheetBase\Tests\Unit\Helpers\ChunksTest" classname="SchenkeIo.LaravelSheetBase.Tests.Unit.Helpers.ChunksTest" assertions="1" time="0.001155"/>
          <testcase name="Batch count with data set &quot;medium 3&quot;" file="Chunks (SchenkeIo\LaravelSheetBase\Tests\Unit\Helpers\Chunks)::Batch count with data set &quot;medium 3&quot;" class="SchenkeIo\LaravelSheetBase\Tests\Unit\Helpers\ChunksTest" classname="SchenkeIo.LaravelSheetBase.Tests.Unit.Helpers.ChunksTest" assertions="1" time="0.001183"/>
          <testcase name="Batch count with data set &quot;large 1&quot;" file="Chunks (SchenkeIo\LaravelSheetBase\Tests\Unit\Helpers\Chunks)::Batch count with data set &quot;large 1&quot;" class="SchenkeIo\LaravelSheetBase\Tests\Unit\Helpers\ChunksTest" classname="SchenkeIo.LaravelSheetBase.Tests.Unit.Helpers.ChunksTest" assertions="1" time="0.001213"/>
          <testcase name="Batch count with data set &quot;large 2&quot;" file="Chunks (SchenkeIo\LaravelSheetBase\Tests\Unit\Helpers\Chunks)::Batch count with data set &quot;large 2&quot;" class="SchenkeIo\LaravelSheetBase\Tests\Unit\Helpers\ChunksTest" classname="SchenkeIo.LaravelSheetBase.Tests.Unit.Helpers.ChunksTest" assertions="1" time="0.001237"/>
          <testcase name="Batch count with data set &quot;large 3&quot;" file="Chunks (SchenkeIo\LaravelSheetBase\Tests\Unit\Helpers\Chunks)::Batch count with data set &quot;large 3&quot;" class="SchenkeIo\LaravelSheetBase\Tests\Unit\Helpers\ChunksTest" classname="SchenkeIo.LaravelSheetBase.Tests.Unit.Helpers.ChunksTest" assertions="1" time="0.001189"/>
        </testsuite>
      </testsuite>
    </testsuite>
  </testsuite>
</testsuites>
